/users/boeiradi/COLD_project/postprocessing/waom_notebook/Grid_avg_evolution/WAOM10x4x2extend_shflim_S_0.25Q_OHC+OSC+MKE_evolution_shelf.py:64: RuntimeWarning: Mean of empty slice
  temp_tmp_ann = np.nanmean(temp_tmp, axis=0)
/users/boeiradi/COLD_project/postprocessing/waom_notebook/Grid_avg_evolution/WAOM10x4x2extend_shflim_S_0.25Q_OHC+OSC+MKE_evolution_shelf.py:65: RuntimeWarning: Mean of empty slice
  salt_tmp_ann = np.nanmean(salt_tmp, axis=0)
/users/boeiradi/COLD_project/postprocessing/waom_notebook/Grid_avg_evolution/WAOM10x4x2extend_shflim_S_0.25Q_OHC+OSC+MKE_evolution_shelf.py:83: RuntimeWarning: Mean of empty slice
  ugeo_ann_tmp = np.nanmean(ugeo, axis=0)
/users/boeiradi/COLD_project/postprocessing/waom_notebook/Grid_avg_evolution/WAOM10x4x2extend_shflim_S_0.25Q_OHC+OSC+MKE_evolution_shelf.py:84: RuntimeWarning: Mean of empty slice
  vgeo_ann_tmp = np.nanmean(vgeo, axis=0)
/users/boeiradi/COLD_project/postprocessing/waom_notebook/Grid_avg_evolution/WAOM10x4x2extend_shflim_S_0.25Q_OHC+OSC+MKE_evolution_shelf.py:101: RuntimeWarning: Mean of empty slice
  z_rho_tmp_ann = np.nanmean(z_rho_tmp, axis=0)
/users/boeiradi/COLD_project/postprocessing/waom_notebook/Grid_avg_evolution/WAOM10x4x2extend_shflim_S_0.25Q_OHC+OSC+MKE_evolution_shelf.py:105: RuntimeWarning: Mean of empty slice
  z_w_tmp_ann = np.nanmean(z_w_tmp, axis=0)
/users/boeiradi/COLD_project/postprocessing/waom_notebook/Grid_avg_evolution/WAOM10x4x2extend_shflim_S_0.25Q_OHC+OSC+MKE_evolution_shelf.py:64: RuntimeWarning: Mean of empty slice
  temp_tmp_ann = np.nanmean(temp_tmp, axis=0)
/users/boeiradi/COLD_project/postprocessing/waom_notebook/Grid_avg_evolution/WAOM10x4x2extend_shflim_S_0.25Q_OHC+OSC+MKE_evolution_shelf.py:65: RuntimeWarning: Mean of empty slice
  salt_tmp_ann = np.nanmean(salt_tmp, axis=0)
/users/boeiradi/COLD_project/postprocessing/waom_notebook/Grid_avg_evolution/WAOM10x4x2extend_shflim_S_0.25Q_OHC+OSC+MKE_evolution_shelf.py:83: RuntimeWarning: Mean of empty slice
  ugeo_ann_tmp = np.nanmean(ugeo, axis=0)
/users/boeiradi/COLD_project/postprocessing/waom_notebook/Grid_avg_evolution/WAOM10x4x2extend_shflim_S_0.25Q_OHC+OSC+MKE_evolution_shelf.py:84: RuntimeWarning: Mean of empty slice
  vgeo_ann_tmp = np.nanmean(vgeo, axis=0)
/users/boeiradi/COLD_project/postprocessing/waom_notebook/Grid_avg_evolution/WAOM10x4x2extend_shflim_S_0.25Q_OHC+OSC+MKE_evolution_shelf.py:101: RuntimeWarning: Mean of empty slice
  z_rho_tmp_ann = np.nanmean(z_rho_tmp, axis=0)
/users/boeiradi/COLD_project/postprocessing/waom_notebook/Grid_avg_evolution/WAOM10x4x2extend_shflim_S_0.25Q_OHC+OSC+MKE_evolution_shelf.py:105: RuntimeWarning: Mean of empty slice
  z_w_tmp_ann = np.nanmean(z_w_tmp, axis=0)
/users/boeiradi/COLD_project/postprocessing/waom_notebook/Grid_avg_evolution/WAOM10x4x2extend_shflim_S_0.25Q_OHC+OSC+MKE_evolution_shelf.py:64: RuntimeWarning: Mean of empty slice
  temp_tmp_ann = np.nanmean(temp_tmp, axis=0)
/users/boeiradi/COLD_project/postprocessing/waom_notebook/Grid_avg_evolution/WAOM10x4x2extend_shflim_S_0.25Q_OHC+OSC+MKE_evolution_shelf.py:65: RuntimeWarning: Mean of empty slice
  salt_tmp_ann = np.nanmean(salt_tmp, axis=0)
/users/boeiradi/COLD_project/postprocessing/waom_notebook/Grid_avg_evolution/WAOM10x4x2extend_shflim_S_0.25Q_OHC+OSC+MKE_evolution_shelf.py:83: RuntimeWarning: Mean of empty slice
  ugeo_ann_tmp = np.nanmean(ugeo, axis=0)
/users/boeiradi/COLD_project/postprocessing/waom_notebook/Grid_avg_evolution/WAOM10x4x2extend_shflim_S_0.25Q_OHC+OSC+MKE_evolution_shelf.py:84: RuntimeWarning: Mean of empty slice
  vgeo_ann_tmp = np.nanmean(vgeo, axis=0)
/users/boeiradi/COLD_project/postprocessing/waom_notebook/Grid_avg_evolution/WAOM10x4x2extend_shflim_S_0.25Q_OHC+OSC+MKE_evolution_shelf.py:101: RuntimeWarning: Mean of empty slice
  z_rho_tmp_ann = np.nanmean(z_rho_tmp, axis=0)
/users/boeiradi/COLD_project/postprocessing/waom_notebook/Grid_avg_evolution/WAOM10x4x2extend_shflim_S_0.25Q_OHC+OSC+MKE_evolution_shelf.py:105: RuntimeWarning: Mean of empty slice
  z_w_tmp_ann = np.nanmean(z_w_tmp, axis=0)
/users/boeiradi/COLD_project/postprocessing/waom_notebook/Grid_avg_evolution/WAOM10x4x2extend_shflim_S_0.25Q_OHC+OSC+MKE_evolution_shelf.py:64: RuntimeWarning: Mean of empty slice
  temp_tmp_ann = np.nanmean(temp_tmp, axis=0)
/users/boeiradi/COLD_project/postprocessing/waom_notebook/Grid_avg_evolution/WAOM10x4x2extend_shflim_S_0.25Q_OHC+OSC+MKE_evolution_shelf.py:65: RuntimeWarning: Mean of empty slice
  salt_tmp_ann = np.nanmean(salt_tmp, axis=0)
/users/boeiradi/COLD_project/postprocessing/waom_notebook/Grid_avg_evolution/WAOM10x4x2extend_shflim_S_0.25Q_OHC+OSC+MKE_evolution_shelf.py:83: RuntimeWarning: Mean of empty slice
  ugeo_ann_tmp = np.nanmean(ugeo, axis=0)
/users/boeiradi/COLD_project/postprocessing/waom_notebook/Grid_avg_evolution/WAOM10x4x2extend_shflim_S_0.25Q_OHC+OSC+MKE_evolution_shelf.py:84: RuntimeWarning: Mean of empty slice
  vgeo_ann_tmp = np.nanmean(vgeo, axis=0)
/users/boeiradi/COLD_project/postprocessing/waom_notebook/Grid_avg_evolution/WAOM10x4x2extend_shflim_S_0.25Q_OHC+OSC+MKE_evolution_shelf.py:101: RuntimeWarning: Mean of empty slice
  z_rho_tmp_ann = np.nanmean(z_rho_tmp, axis=0)
/users/boeiradi/COLD_project/postprocessing/waom_notebook/Grid_avg_evolution/WAOM10x4x2extend_shflim_S_0.25Q_OHC+OSC+MKE_evolution_shelf.py:105: RuntimeWarning: Mean of empty slice
  z_w_tmp_ann = np.nanmean(z_w_tmp, axis=0)
/users/boeiradi/COLD_project/postprocessing/waom_notebook/Grid_avg_evolution/WAOM10x4x2extend_shflim_S_0.25Q_OHC+OSC+MKE_evolution_shelf.py:64: RuntimeWarning: Mean of empty slice
  temp_tmp_ann = np.nanmean(temp_tmp, axis=0)
/users/boeiradi/COLD_project/postprocessing/waom_notebook/Grid_avg_evolution/WAOM10x4x2extend_shflim_S_0.25Q_OHC+OSC+MKE_evolution_shelf.py:65: RuntimeWarning: Mean of empty slice
  salt_tmp_ann = np.nanmean(salt_tmp, axis=0)
/users/boeiradi/COLD_project/postprocessing/waom_notebook/Grid_avg_evolution/WAOM10x4x2extend_shflim_S_0.25Q_OHC+OSC+MKE_evolution_shelf.py:83: RuntimeWarning: Mean of empty slice
  ugeo_ann_tmp = np.nanmean(ugeo, axis=0)
/users/boeiradi/COLD_project/postprocessing/waom_notebook/Grid_avg_evolution/WAOM10x4x2extend_shflim_S_0.25Q_OHC+OSC+MKE_evolution_shelf.py:84: RuntimeWarning: Mean of empty slice
  vgeo_ann_tmp = np.nanmean(vgeo, axis=0)
/users/boeiradi/COLD_project/postprocessing/waom_notebook/Grid_avg_evolution/WAOM10x4x2extend_shflim_S_0.25Q_OHC+OSC+MKE_evolution_shelf.py:101: RuntimeWarning: Mean of empty slice
  z_rho_tmp_ann = np.nanmean(z_rho_tmp, axis=0)
/users/boeiradi/COLD_project/postprocessing/waom_notebook/Grid_avg_evolution/WAOM10x4x2extend_shflim_S_0.25Q_OHC+OSC+MKE_evolution_shelf.py:105: RuntimeWarning: Mean of empty slice
  z_w_tmp_ann = np.nanmean(z_w_tmp, axis=0)
/users/boeiradi/COLD_project/postprocessing/waom_notebook/Grid_avg_evolution/WAOM10x4x2extend_shflim_S_0.25Q_OHC+OSC+MKE_evolution_shelf.py:64: RuntimeWarning: Mean of empty slice
  temp_tmp_ann = np.nanmean(temp_tmp, axis=0)
/users/boeiradi/COLD_project/postprocessing/waom_notebook/Grid_avg_evolution/WAOM10x4x2extend_shflim_S_0.25Q_OHC+OSC+MKE_evolution_shelf.py:65: RuntimeWarning: Mean of empty slice
  salt_tmp_ann = np.nanmean(salt_tmp, axis=0)
/users/boeiradi/COLD_project/postprocessing/waom_notebook/Grid_avg_evolution/WAOM10x4x2extend_shflim_S_0.25Q_OHC+OSC+MKE_evolution_shelf.py:83: RuntimeWarning: Mean of empty slice
  ugeo_ann_tmp = np.nanmean(ugeo, axis=0)
/users/boeiradi/COLD_project/postprocessing/waom_notebook/Grid_avg_evolution/WAOM10x4x2extend_shflim_S_0.25Q_OHC+OSC+MKE_evolution_shelf.py:84: RuntimeWarning: Mean of empty slice
  vgeo_ann_tmp = np.nanmean(vgeo, axis=0)
/users/boeiradi/COLD_project/postprocessing/waom_notebook/Grid_avg_evolution/WAOM10x4x2extend_shflim_S_0.25Q_OHC+OSC+MKE_evolution_shelf.py:101: RuntimeWarning: Mean of empty slice
  z_rho_tmp_ann = np.nanmean(z_rho_tmp, axis=0)
/users/boeiradi/COLD_project/postprocessing/waom_notebook/Grid_avg_evolution/WAOM10x4x2extend_shflim_S_0.25Q_OHC+OSC+MKE_evolution_shelf.py:105: RuntimeWarning: Mean of empty slice
  z_w_tmp_ann = np.nanmean(z_w_tmp, axis=0)
/users/boeiradi/COLD_project/postprocessing/waom_notebook/Grid_avg_evolution/WAOM10x4x2extend_shflim_S_0.25Q_OHC+OSC+MKE_evolution_shelf.py:64: RuntimeWarning: Mean of empty slice
  temp_tmp_ann = np.nanmean(temp_tmp, axis=0)
/users/boeiradi/COLD_project/postprocessing/waom_notebook/Grid_avg_evolution/WAOM10x4x2extend_shflim_S_0.25Q_OHC+OSC+MKE_evolution_shelf.py:65: RuntimeWarning: Mean of empty slice
  salt_tmp_ann = np.nanmean(salt_tmp, axis=0)
/users/boeiradi/COLD_project/postprocessing/waom_notebook/Grid_avg_evolution/WAOM10x4x2extend_shflim_S_0.25Q_OHC+OSC+MKE_evolution_shelf.py:83: RuntimeWarning: Mean of empty slice
  ugeo_ann_tmp = np.nanmean(ugeo, axis=0)
/users/boeiradi/COLD_project/postprocessing/waom_notebook/Grid_avg_evolution/WAOM10x4x2extend_shflim_S_0.25Q_OHC+OSC+MKE_evolution_shelf.py:84: RuntimeWarning: Mean of empty slice
  vgeo_ann_tmp = np.nanmean(vgeo, axis=0)
/users/boeiradi/COLD_project/postprocessing/waom_notebook/Grid_avg_evolution/WAOM10x4x2extend_shflim_S_0.25Q_OHC+OSC+MKE_evolution_shelf.py:101: RuntimeWarning: Mean of empty slice
  z_rho_tmp_ann = np.nanmean(z_rho_tmp, axis=0)
/users/boeiradi/COLD_project/postprocessing/waom_notebook/Grid_avg_evolution/WAOM10x4x2extend_shflim_S_0.25Q_OHC+OSC+MKE_evolution_shelf.py:105: RuntimeWarning: Mean of empty slice
  z_w_tmp_ann = np.nanmean(z_w_tmp, axis=0)
/users/boeiradi/COLD_project/postprocessing/waom_notebook/Grid_avg_evolution/WAOM10x4x2extend_shflim_S_0.25Q_OHC+OSC+MKE_evolution_shelf.py:64: RuntimeWarning: Mean of empty slice
  temp_tmp_ann = np.nanmean(temp_tmp, axis=0)
/users/boeiradi/COLD_project/postprocessing/waom_notebook/Grid_avg_evolution/WAOM10x4x2extend_shflim_S_0.25Q_OHC+OSC+MKE_evolution_shelf.py:65: RuntimeWarning: Mean of empty slice
  salt_tmp_ann = np.nanmean(salt_tmp, axis=0)
/users/boeiradi/COLD_project/postprocessing/waom_notebook/Grid_avg_evolution/WAOM10x4x2extend_shflim_S_0.25Q_OHC+OSC+MKE_evolution_shelf.py:83: RuntimeWarning: Mean of empty slice
  ugeo_ann_tmp = np.nanmean(ugeo, axis=0)
/users/boeiradi/COLD_project/postprocessing/waom_notebook/Grid_avg_evolution/WAOM10x4x2extend_shflim_S_0.25Q_OHC+OSC+MKE_evolution_shelf.py:84: RuntimeWarning: Mean of empty slice
  vgeo_ann_tmp = np.nanmean(vgeo, axis=0)
/users/boeiradi/COLD_project/postprocessing/waom_notebook/Grid_avg_evolution/WAOM10x4x2extend_shflim_S_0.25Q_OHC+OSC+MKE_evolution_shelf.py:101: RuntimeWarning: Mean of empty slice
  z_rho_tmp_ann = np.nanmean(z_rho_tmp, axis=0)
/users/boeiradi/COLD_project/postprocessing/waom_notebook/Grid_avg_evolution/WAOM10x4x2extend_shflim_S_0.25Q_OHC+OSC+MKE_evolution_shelf.py:105: RuntimeWarning: Mean of empty slice
  z_w_tmp_ann = np.nanmean(z_w_tmp, axis=0)
/users/boeiradi/COLD_project/postprocessing/waom_notebook/Grid_avg_evolution/WAOM10x4x2extend_shflim_S_0.25Q_OHC+OSC+MKE_evolution_shelf.py:64: RuntimeWarning: Mean of empty slice
  temp_tmp_ann = np.nanmean(temp_tmp, axis=0)
/users/boeiradi/COLD_project/postprocessing/waom_notebook/Grid_avg_evolution/WAOM10x4x2extend_shflim_S_0.25Q_OHC+OSC+MKE_evolution_shelf.py:65: RuntimeWarning: Mean of empty slice
  salt_tmp_ann = np.nanmean(salt_tmp, axis=0)
/users/boeiradi/COLD_project/postprocessing/waom_notebook/Grid_avg_evolution/WAOM10x4x2extend_shflim_S_0.25Q_OHC+OSC+MKE_evolution_shelf.py:83: RuntimeWarning: Mean of empty slice
  ugeo_ann_tmp = np.nanmean(ugeo, axis=0)
/users/boeiradi/COLD_project/postprocessing/waom_notebook/Grid_avg_evolution/WAOM10x4x2extend_shflim_S_0.25Q_OHC+OSC+MKE_evolution_shelf.py:84: RuntimeWarning: Mean of empty slice
  vgeo_ann_tmp = np.nanmean(vgeo, axis=0)
/users/boeiradi/COLD_project/postprocessing/waom_notebook/Grid_avg_evolution/WAOM10x4x2extend_shflim_S_0.25Q_OHC+OSC+MKE_evolution_shelf.py:101: RuntimeWarning: Mean of empty slice
  z_rho_tmp_ann = np.nanmean(z_rho_tmp, axis=0)
/users/boeiradi/COLD_project/postprocessing/waom_notebook/Grid_avg_evolution/WAOM10x4x2extend_shflim_S_0.25Q_OHC+OSC+MKE_evolution_shelf.py:105: RuntimeWarning: Mean of empty slice
  z_w_tmp_ann = np.nanmean(z_w_tmp, axis=0)
/users/boeiradi/COLD_project/postprocessing/waom_notebook/Grid_avg_evolution/WAOM10x4x2extend_shflim_S_0.25Q_OHC+OSC+MKE_evolution_shelf.py:64: RuntimeWarning: Mean of empty slice
  temp_tmp_ann = np.nanmean(temp_tmp, axis=0)
/users/boeiradi/COLD_project/postprocessing/waom_notebook/Grid_avg_evolution/WAOM10x4x2extend_shflim_S_0.25Q_OHC+OSC+MKE_evolution_shelf.py:65: RuntimeWarning: Mean of empty slice
  salt_tmp_ann = np.nanmean(salt_tmp, axis=0)
/users/boeiradi/COLD_project/postprocessing/waom_notebook/Grid_avg_evolution/WAOM10x4x2extend_shflim_S_0.25Q_OHC+OSC+MKE_evolution_shelf.py:83: RuntimeWarning: Mean of empty slice
  ugeo_ann_tmp = np.nanmean(ugeo, axis=0)
/users/boeiradi/COLD_project/postprocessing/waom_notebook/Grid_avg_evolution/WAOM10x4x2extend_shflim_S_0.25Q_OHC+OSC+MKE_evolution_shelf.py:84: RuntimeWarning: Mean of empty slice
  vgeo_ann_tmp = np.nanmean(vgeo, axis=0)
/users/boeiradi/COLD_project/postprocessing/waom_notebook/Grid_avg_evolution/WAOM10x4x2extend_shflim_S_0.25Q_OHC+OSC+MKE_evolution_shelf.py:101: RuntimeWarning: Mean of empty slice
  z_rho_tmp_ann = np.nanmean(z_rho_tmp, axis=0)
/users/boeiradi/COLD_project/postprocessing/waom_notebook/Grid_avg_evolution/WAOM10x4x2extend_shflim_S_0.25Q_OHC+OSC+MKE_evolution_shelf.py:105: RuntimeWarning: Mean of empty slice
  z_w_tmp_ann = np.nanmean(z_w_tmp, axis=0)
/users/boeiradi/COLD_project/postprocessing/waom_notebook/Grid_avg_evolution/WAOM10x4x2extend_shflim_S_0.25Q_OHC+OSC+MKE_evolution_shelf.py:64: RuntimeWarning: Mean of empty slice
  temp_tmp_ann = np.nanmean(temp_tmp, axis=0)
/users/boeiradi/COLD_project/postprocessing/waom_notebook/Grid_avg_evolution/WAOM10x4x2extend_shflim_S_0.25Q_OHC+OSC+MKE_evolution_shelf.py:65: RuntimeWarning: Mean of empty slice
  salt_tmp_ann = np.nanmean(salt_tmp, axis=0)
/users/boeiradi/COLD_project/postprocessing/waom_notebook/Grid_avg_evolution/WAOM10x4x2extend_shflim_S_0.25Q_OHC+OSC+MKE_evolution_shelf.py:83: RuntimeWarning: Mean of empty slice
  ugeo_ann_tmp = np.nanmean(ugeo, axis=0)
/users/boeiradi/COLD_project/postprocessing/waom_notebook/Grid_avg_evolution/WAOM10x4x2extend_shflim_S_0.25Q_OHC+OSC+MKE_evolution_shelf.py:84: RuntimeWarning: Mean of empty slice
  vgeo_ann_tmp = np.nanmean(vgeo, axis=0)
/users/boeiradi/COLD_project/postprocessing/waom_notebook/Grid_avg_evolution/WAOM10x4x2extend_shflim_S_0.25Q_OHC+OSC+MKE_evolution_shelf.py:101: RuntimeWarning: Mean of empty slice
  z_rho_tmp_ann = np.nanmean(z_rho_tmp, axis=0)
/users/boeiradi/COLD_project/postprocessing/waom_notebook/Grid_avg_evolution/WAOM10x4x2extend_shflim_S_0.25Q_OHC+OSC+MKE_evolution_shelf.py:105: RuntimeWarning: Mean of empty slice
  z_w_tmp_ann = np.nanmean(z_w_tmp, axis=0)
/users/boeiradi/COLD_project/postprocessing/waom_notebook/Grid_avg_evolution/WAOM10x4x2extend_shflim_S_0.25Q_OHC+OSC+MKE_evolution_shelf.py:64: RuntimeWarning: Mean of empty slice
  temp_tmp_ann = np.nanmean(temp_tmp, axis=0)
/users/boeiradi/COLD_project/postprocessing/waom_notebook/Grid_avg_evolution/WAOM10x4x2extend_shflim_S_0.25Q_OHC+OSC+MKE_evolution_shelf.py:65: RuntimeWarning: Mean of empty slice
  salt_tmp_ann = np.nanmean(salt_tmp, axis=0)
/users/boeiradi/COLD_project/postprocessing/waom_notebook/Grid_avg_evolution/WAOM10x4x2extend_shflim_S_0.25Q_OHC+OSC+MKE_evolution_shelf.py:83: RuntimeWarning: Mean of empty slice
  ugeo_ann_tmp = np.nanmean(ugeo, axis=0)
/users/boeiradi/COLD_project/postprocessing/waom_notebook/Grid_avg_evolution/WAOM10x4x2extend_shflim_S_0.25Q_OHC+OSC+MKE_evolution_shelf.py:84: RuntimeWarning: Mean of empty slice
  vgeo_ann_tmp = np.nanmean(vgeo, axis=0)
/users/boeiradi/COLD_project/postprocessing/waom_notebook/Grid_avg_evolution/WAOM10x4x2extend_shflim_S_0.25Q_OHC+OSC+MKE_evolution_shelf.py:101: RuntimeWarning: Mean of empty slice
  z_rho_tmp_ann = np.nanmean(z_rho_tmp, axis=0)
/users/boeiradi/COLD_project/postprocessing/waom_notebook/Grid_avg_evolution/WAOM10x4x2extend_shflim_S_0.25Q_OHC+OSC+MKE_evolution_shelf.py:105: RuntimeWarning: Mean of empty slice
  z_w_tmp_ann = np.nanmean(z_w_tmp, axis=0)
/users/boeiradi/COLD_project/postprocessing/waom_notebook/Grid_avg_evolution/WAOM10x4x2extend_shflim_S_0.25Q_OHC+OSC+MKE_evolution_shelf.py:64: RuntimeWarning: Mean of empty slice
  temp_tmp_ann = np.nanmean(temp_tmp, axis=0)
/users/boeiradi/COLD_project/postprocessing/waom_notebook/Grid_avg_evolution/WAOM10x4x2extend_shflim_S_0.25Q_OHC+OSC+MKE_evolution_shelf.py:65: RuntimeWarning: Mean of empty slice
  salt_tmp_ann = np.nanmean(salt_tmp, axis=0)
/users/boeiradi/COLD_project/postprocessing/waom_notebook/Grid_avg_evolution/WAOM10x4x2extend_shflim_S_0.25Q_OHC+OSC+MKE_evolution_shelf.py:83: RuntimeWarning: Mean of empty slice
  ugeo_ann_tmp = np.nanmean(ugeo, axis=0)
/users/boeiradi/COLD_project/postprocessing/waom_notebook/Grid_avg_evolution/WAOM10x4x2extend_shflim_S_0.25Q_OHC+OSC+MKE_evolution_shelf.py:84: RuntimeWarning: Mean of empty slice
  vgeo_ann_tmp = np.nanmean(vgeo, axis=0)
/users/boeiradi/COLD_project/postprocessing/waom_notebook/Grid_avg_evolution/WAOM10x4x2extend_shflim_S_0.25Q_OHC+OSC+MKE_evolution_shelf.py:101: RuntimeWarning: Mean of empty slice
  z_rho_tmp_ann = np.nanmean(z_rho_tmp, axis=0)
/users/boeiradi/COLD_project/postprocessing/waom_notebook/Grid_avg_evolution/WAOM10x4x2extend_shflim_S_0.25Q_OHC+OSC+MKE_evolution_shelf.py:105: RuntimeWarning: Mean of empty slice
  z_w_tmp_ann = np.nanmean(z_w_tmp, axis=0)
/users/boeiradi/COLD_project/postprocessing/waom_notebook/Grid_avg_evolution/WAOM10x4x2extend_shflim_S_0.25Q_OHC+OSC+MKE_evolution_shelf.py:64: RuntimeWarning: Mean of empty slice
  temp_tmp_ann = np.nanmean(temp_tmp, axis=0)
/users/boeiradi/COLD_project/postprocessing/waom_notebook/Grid_avg_evolution/WAOM10x4x2extend_shflim_S_0.25Q_OHC+OSC+MKE_evolution_shelf.py:65: RuntimeWarning: Mean of empty slice
  salt_tmp_ann = np.nanmean(salt_tmp, axis=0)
/users/boeiradi/COLD_project/postprocessing/waom_notebook/Grid_avg_evolution/WAOM10x4x2extend_shflim_S_0.25Q_OHC+OSC+MKE_evolution_shelf.py:83: RuntimeWarning: Mean of empty slice
  ugeo_ann_tmp = np.nanmean(ugeo, axis=0)
/users/boeiradi/COLD_project/postprocessing/waom_notebook/Grid_avg_evolution/WAOM10x4x2extend_shflim_S_0.25Q_OHC+OSC+MKE_evolution_shelf.py:84: RuntimeWarning: Mean of empty slice
  vgeo_ann_tmp = np.nanmean(vgeo, axis=0)
/users/boeiradi/COLD_project/postprocessing/waom_notebook/Grid_avg_evolution/WAOM10x4x2extend_shflim_S_0.25Q_OHC+OSC+MKE_evolution_shelf.py:101: RuntimeWarning: Mean of empty slice
  z_rho_tmp_ann = np.nanmean(z_rho_tmp, axis=0)
/users/boeiradi/COLD_project/postprocessing/waom_notebook/Grid_avg_evolution/WAOM10x4x2extend_shflim_S_0.25Q_OHC+OSC+MKE_evolution_shelf.py:105: RuntimeWarning: Mean of empty slice
  z_w_tmp_ann = np.nanmean(z_w_tmp, axis=0)
/users/boeiradi/COLD_project/postprocessing/waom_notebook/Grid_avg_evolution/WAOM10x4x2extend_shflim_S_0.25Q_OHC+OSC+MKE_evolution_shelf.py:64: RuntimeWarning: Mean of empty slice
  temp_tmp_ann = np.nanmean(temp_tmp, axis=0)
/users/boeiradi/COLD_project/postprocessing/waom_notebook/Grid_avg_evolution/WAOM10x4x2extend_shflim_S_0.25Q_OHC+OSC+MKE_evolution_shelf.py:65: RuntimeWarning: Mean of empty slice
  salt_tmp_ann = np.nanmean(salt_tmp, axis=0)
/users/boeiradi/COLD_project/postprocessing/waom_notebook/Grid_avg_evolution/WAOM10x4x2extend_shflim_S_0.25Q_OHC+OSC+MKE_evolution_shelf.py:83: RuntimeWarning: Mean of empty slice
  ugeo_ann_tmp = np.nanmean(ugeo, axis=0)
/users/boeiradi/COLD_project/postprocessing/waom_notebook/Grid_avg_evolution/WAOM10x4x2extend_shflim_S_0.25Q_OHC+OSC+MKE_evolution_shelf.py:84: RuntimeWarning: Mean of empty slice
  vgeo_ann_tmp = np.nanmean(vgeo, axis=0)
/users/boeiradi/COLD_project/postprocessing/waom_notebook/Grid_avg_evolution/WAOM10x4x2extend_shflim_S_0.25Q_OHC+OSC+MKE_evolution_shelf.py:101: RuntimeWarning: Mean of empty slice
  z_rho_tmp_ann = np.nanmean(z_rho_tmp, axis=0)
/users/boeiradi/COLD_project/postprocessing/waom_notebook/Grid_avg_evolution/WAOM10x4x2extend_shflim_S_0.25Q_OHC+OSC+MKE_evolution_shelf.py:105: RuntimeWarning: Mean of empty slice
  z_w_tmp_ann = np.nanmean(z_w_tmp, axis=0)
/users/boeiradi/COLD_project/postprocessing/waom_notebook/Grid_avg_evolution/WAOM10x4x2extend_shflim_S_0.25Q_OHC+OSC+MKE_evolution_shelf.py:64: RuntimeWarning: Mean of empty slice
  temp_tmp_ann = np.nanmean(temp_tmp, axis=0)
/users/boeiradi/COLD_project/postprocessing/waom_notebook/Grid_avg_evolution/WAOM10x4x2extend_shflim_S_0.25Q_OHC+OSC+MKE_evolution_shelf.py:65: RuntimeWarning: Mean of empty slice
  salt_tmp_ann = np.nanmean(salt_tmp, axis=0)
/users/boeiradi/COLD_project/postprocessing/waom_notebook/Grid_avg_evolution/WAOM10x4x2extend_shflim_S_0.25Q_OHC+OSC+MKE_evolution_shelf.py:83: RuntimeWarning: Mean of empty slice
  ugeo_ann_tmp = np.nanmean(ugeo, axis=0)
/users/boeiradi/COLD_project/postprocessing/waom_notebook/Grid_avg_evolution/WAOM10x4x2extend_shflim_S_0.25Q_OHC+OSC+MKE_evolution_shelf.py:84: RuntimeWarning: Mean of empty slice
  vgeo_ann_tmp = np.nanmean(vgeo, axis=0)
/users/boeiradi/COLD_project/postprocessing/waom_notebook/Grid_avg_evolution/WAOM10x4x2extend_shflim_S_0.25Q_OHC+OSC+MKE_evolution_shelf.py:101: RuntimeWarning: Mean of empty slice
  z_rho_tmp_ann = np.nanmean(z_rho_tmp, axis=0)
/users/boeiradi/COLD_project/postprocessing/waom_notebook/Grid_avg_evolution/WAOM10x4x2extend_shflim_S_0.25Q_OHC+OSC+MKE_evolution_shelf.py:105: RuntimeWarning: Mean of empty slice
  z_w_tmp_ann = np.nanmean(z_w_tmp, axis=0)
/users/boeiradi/COLD_project/postprocessing/waom_notebook/Grid_avg_evolution/WAOM10x4x2extend_shflim_S_0.25Q_OHC+OSC+MKE_evolution_shelf.py:64: RuntimeWarning: Mean of empty slice
  temp_tmp_ann = np.nanmean(temp_tmp, axis=0)
/users/boeiradi/COLD_project/postprocessing/waom_notebook/Grid_avg_evolution/WAOM10x4x2extend_shflim_S_0.25Q_OHC+OSC+MKE_evolution_shelf.py:65: RuntimeWarning: Mean of empty slice
  salt_tmp_ann = np.nanmean(salt_tmp, axis=0)
/users/boeiradi/COLD_project/postprocessing/waom_notebook/Grid_avg_evolution/WAOM10x4x2extend_shflim_S_0.25Q_OHC+OSC+MKE_evolution_shelf.py:83: RuntimeWarning: Mean of empty slice
  ugeo_ann_tmp = np.nanmean(ugeo, axis=0)
/users/boeiradi/COLD_project/postprocessing/waom_notebook/Grid_avg_evolution/WAOM10x4x2extend_shflim_S_0.25Q_OHC+OSC+MKE_evolution_shelf.py:84: RuntimeWarning: Mean of empty slice
  vgeo_ann_tmp = np.nanmean(vgeo, axis=0)
/users/boeiradi/COLD_project/postprocessing/waom_notebook/Grid_avg_evolution/WAOM10x4x2extend_shflim_S_0.25Q_OHC+OSC+MKE_evolution_shelf.py:101: RuntimeWarning: Mean of empty slice
  z_rho_tmp_ann = np.nanmean(z_rho_tmp, axis=0)
/users/boeiradi/COLD_project/postprocessing/waom_notebook/Grid_avg_evolution/WAOM10x4x2extend_shflim_S_0.25Q_OHC+OSC+MKE_evolution_shelf.py:105: RuntimeWarning: Mean of empty slice
  z_w_tmp_ann = np.nanmean(z_w_tmp, axis=0)
/users/boeiradi/COLD_project/postprocessing/waom_notebook/Grid_avg_evolution/WAOM10x4x2extend_shflim_S_0.25Q_OHC+OSC+MKE_evolution_shelf.py:64: RuntimeWarning: Mean of empty slice
  temp_tmp_ann = np.nanmean(temp_tmp, axis=0)
/users/boeiradi/COLD_project/postprocessing/waom_notebook/Grid_avg_evolution/WAOM10x4x2extend_shflim_S_0.25Q_OHC+OSC+MKE_evolution_shelf.py:65: RuntimeWarning: Mean of empty slice
  salt_tmp_ann = np.nanmean(salt_tmp, axis=0)
/users/boeiradi/COLD_project/postprocessing/waom_notebook/Grid_avg_evolution/WAOM10x4x2extend_shflim_S_0.25Q_OHC+OSC+MKE_evolution_shelf.py:83: RuntimeWarning: Mean of empty slice
  ugeo_ann_tmp = np.nanmean(ugeo, axis=0)
/users/boeiradi/COLD_project/postprocessing/waom_notebook/Grid_avg_evolution/WAOM10x4x2extend_shflim_S_0.25Q_OHC+OSC+MKE_evolution_shelf.py:84: RuntimeWarning: Mean of empty slice
  vgeo_ann_tmp = np.nanmean(vgeo, axis=0)
/users/boeiradi/COLD_project/postprocessing/waom_notebook/Grid_avg_evolution/WAOM10x4x2extend_shflim_S_0.25Q_OHC+OSC+MKE_evolution_shelf.py:101: RuntimeWarning: Mean of empty slice
  z_rho_tmp_ann = np.nanmean(z_rho_tmp, axis=0)
/users/boeiradi/COLD_project/postprocessing/waom_notebook/Grid_avg_evolution/WAOM10x4x2extend_shflim_S_0.25Q_OHC+OSC+MKE_evolution_shelf.py:105: RuntimeWarning: Mean of empty slice
  z_w_tmp_ann = np.nanmean(z_w_tmp, axis=0)
/users/boeiradi/COLD_project/postprocessing/waom_notebook/Grid_avg_evolution/WAOM10x4x2extend_shflim_S_0.25Q_OHC+OSC+MKE_evolution_shelf.py:64: RuntimeWarning: Mean of empty slice
  temp_tmp_ann = np.nanmean(temp_tmp, axis=0)
/users/boeiradi/COLD_project/postprocessing/waom_notebook/Grid_avg_evolution/WAOM10x4x2extend_shflim_S_0.25Q_OHC+OSC+MKE_evolution_shelf.py:65: RuntimeWarning: Mean of empty slice
  salt_tmp_ann = np.nanmean(salt_tmp, axis=0)
/users/boeiradi/COLD_project/postprocessing/waom_notebook/Grid_avg_evolution/WAOM10x4x2extend_shflim_S_0.25Q_OHC+OSC+MKE_evolution_shelf.py:83: RuntimeWarning: Mean of empty slice
  ugeo_ann_tmp = np.nanmean(ugeo, axis=0)
size temp and time length:  (12, 31, 560, 630) 12
size temp_tmp_ann =  (31, 560, 630)
Size MKE_tmp (559, 629)
Vtransform=2
Annual temp and annual tmp temp sizes =  (31, 560, 630) (31, 560, 630)
Annual z_w and annual tmp z_w sizes =  (560, 630, 32) (560, 630, 32)
size temp and time length:  (12, 31, 560, 630) 12
size temp_tmp_ann =  (31, 560, 630)
Size MKE_tmp (559, 629)
Vtransform=2
Annual temp and annual tmp temp sizes =  (2, 31, 560, 630) (31, 560, 630)
Annual z_w and annual tmp z_w sizes =  (2, 560, 630, 32) (560, 630, 32)
size temp and time length:  (12, 31, 560, 630) 12
size temp_tmp_ann =  (31, 560, 630)
Size MKE_tmp (559, 629)
Vtransform=2
Annual temp and annual tmp temp sizes =  (3, 31, 560, 630) (31, 560, 630)
Annual z_w and annual tmp z_w sizes =  (3, 560, 630, 32) (560, 630, 32)
size temp and time length:  (12, 31, 560, 630) 12
size temp_tmp_ann =  (31, 560, 630)
Size MKE_tmp (559, 629)
Vtransform=2
Annual temp and annual tmp temp sizes =  (4, 31, 560, 630) (31, 560, 630)
Annual z_w and annual tmp z_w sizes =  (4, 560, 630, 32) (560, 630, 32)
size temp and time length:  (12, 31, 560, 630) 12
size temp_tmp_ann =  (31, 560, 630)
Size MKE_tmp (559, 629)
Vtransform=2
Annual temp and annual tmp temp sizes =  (5, 31, 560, 630) (31, 560, 630)
Annual z_w and annual tmp z_w sizes =  (5, 560, 630, 32) (560, 630, 32)
size temp and time length:  (12, 31, 560, 630) 12
size temp_tmp_ann =  (31, 560, 630)
Size MKE_tmp (559, 629)
Vtransform=2
Annual temp and annual tmp temp sizes =  (6, 31, 560, 630) (31, 560, 630)
Annual z_w and annual tmp z_w sizes =  (6, 560, 630, 32) (560, 630, 32)
size temp and time length:  (12, 31, 560, 630) 12
size temp_tmp_ann =  (31, 560, 630)
Size MKE_tmp (559, 629)
Vtransform=2
Annual temp and annual tmp temp sizes =  (7, 31, 560, 630) (31, 560, 630)
Annual z_w and annual tmp z_w sizes =  (7, 560, 630, 32) (560, 630, 32)
size temp and time length:  (12, 31, 560, 630) 12
size temp_tmp_ann =  (31, 560, 630)
Size MKE_tmp (559, 629)
Vtransform=2
Annual temp and annual tmp temp sizes =  (8, 31, 560, 630) (31, 560, 630)
Annual z_w and annual tmp z_w sizes =  (8, 560, 630, 32) (560, 630, 32)
size temp and time length:  (12, 31, 560, 630) 12
size temp_tmp_ann =  (31, 560, 630)
Size MKE_tmp (559, 629)
Vtransform=2
Annual temp and annual tmp temp sizes =  (9, 31, 560, 630) (31, 560, 630)
Annual z_w and annual tmp z_w sizes =  (9, 560, 630, 32) (560, 630, 32)
size temp and time length:  (12, 31, 560, 630) 12
size temp_tmp_ann =  (31, 560, 630)
Size MKE_tmp (559, 629)
Vtransform=2
Annual temp and annual tmp temp sizes =  (10, 31, 560, 630) (31, 560, 630)
Annual z_w and annual tmp z_w sizes =  (10, 560, 630, 32) (560, 630, 32)
size temp and time length:  (12, 31, 560, 630) 12
size temp_tmp_ann =  (31, 560, 630)
Size MKE_tmp (559, 629)
Vtransform=2
Annual temp and annual tmp temp sizes =  (11, 31, 560, 630) (31, 560, 630)
Annual z_w and annual tmp z_w sizes =  (11, 560, 630, 32) (560, 630, 32)
size temp and time length:  (12, 31, 560, 630) 12
size temp_tmp_ann =  (31, 560, 630)
Size MKE_tmp (559, 629)
Vtransform=2
Annual temp and annual tmp temp sizes =  (12, 31, 560, 630) (31, 560, 630)
Annual z_w and annual tmp z_w sizes =  (12, 560, 630, 32) (560, 630, 32)
size temp and time length:  (12, 31, 560, 630) 12
size temp_tmp_ann =  (31, 560, 630)
Size MKE_tmp (559, 629)
Vtransform=2
Annual temp and annual tmp temp sizes =  (13, 31, 560, 630) (31, 560, 630)
Annual z_w and annual tmp z_w sizes =  (13, 560, 630, 32) (560, 630, 32)
size temp and time length:  (12, 31, 560, 630) 12
size temp_tmp_ann =  (31, 560, 630)
Size MKE_tmp (559, 629)
Vtransform=2
Annual temp and annual tmp temp sizes =  (14, 31, 560, 630) (31, 560, 630)
Annual z_w and annual tmp z_w sizes =  (14, 560, 630, 32) (560, 630, 32)
size temp and time length:  (12, 31, 560, 630) 12
size temp_tmp_ann =  (31, 560, 630)
Size MKE_tmp (559, 629)
Vtransform=2
Annual temp and annual tmp temp sizes =  (15, 31, 560, 630) (31, 560, 630)
Annual z_w and annual tmp z_w sizes =  (15, 560, 630, 32) (560, 630, 32)
size temp and time length:  (12, 31, 560, 630) 12
/users/boeiradi/COLD_project/postprocessing/waom_notebook/Grid_avg_evolution/WAOM10x4x2extend_shflim_S_0.25Q_OHC+OSC+MKE_evolution_shelf.py:84: RuntimeWarning: Mean of empty slice
  vgeo_ann_tmp = np.nanmean(vgeo, axis=0)
/users/boeiradi/COLD_project/postprocessing/waom_notebook/Grid_avg_evolution/WAOM10x4x2extend_shflim_S_0.25Q_OHC+OSC+MKE_evolution_shelf.py:101: RuntimeWarning: Mean of empty slice
  z_rho_tmp_ann = np.nanmean(z_rho_tmp, axis=0)
/users/boeiradi/COLD_project/postprocessing/waom_notebook/Grid_avg_evolution/WAOM10x4x2extend_shflim_S_0.25Q_OHC+OSC+MKE_evolution_shelf.py:105: RuntimeWarning: Mean of empty slice
  z_w_tmp_ann = np.nanmean(z_w_tmp, axis=0)
/users/boeiradi/COLD_project/postprocessing/waom_notebook/Grid_avg_evolution/WAOM10x4x2extend_shflim_S_0.25Q_OHC+OSC+MKE_evolution_shelf.py:64: RuntimeWarning: Mean of empty slice
  temp_tmp_ann = np.nanmean(temp_tmp, axis=0)
/users/boeiradi/COLD_project/postprocessing/waom_notebook/Grid_avg_evolution/WAOM10x4x2extend_shflim_S_0.25Q_OHC+OSC+MKE_evolution_shelf.py:65: RuntimeWarning: Mean of empty slice
  salt_tmp_ann = np.nanmean(salt_tmp, axis=0)
/users/boeiradi/COLD_project/postprocessing/waom_notebook/Grid_avg_evolution/WAOM10x4x2extend_shflim_S_0.25Q_OHC+OSC+MKE_evolution_shelf.py:83: RuntimeWarning: Mean of empty slice
  ugeo_ann_tmp = np.nanmean(ugeo, axis=0)
/users/boeiradi/COLD_project/postprocessing/waom_notebook/Grid_avg_evolution/WAOM10x4x2extend_shflim_S_0.25Q_OHC+OSC+MKE_evolution_shelf.py:84: RuntimeWarning: Mean of empty slice
  vgeo_ann_tmp = np.nanmean(vgeo, axis=0)
/users/boeiradi/COLD_project/postprocessing/waom_notebook/Grid_avg_evolution/WAOM10x4x2extend_shflim_S_0.25Q_OHC+OSC+MKE_evolution_shelf.py:101: RuntimeWarning: Mean of empty slice
  z_rho_tmp_ann = np.nanmean(z_rho_tmp, axis=0)
/users/boeiradi/COLD_project/postprocessing/waom_notebook/Grid_avg_evolution/WAOM10x4x2extend_shflim_S_0.25Q_OHC+OSC+MKE_evolution_shelf.py:105: RuntimeWarning: Mean of empty slice
  z_w_tmp_ann = np.nanmean(z_w_tmp, axis=0)
/users/boeiradi/COLD_project/postprocessing/waom_notebook/Grid_avg_evolution/WAOM10x4x2extend_shflim_S_0.25Q_OHC+OSC+MKE_evolution_shelf.py:204: RuntimeWarning: Mean of empty slice
  SST_havg_shelf[tt] = np.nanmean(np.nanmean((temp_ann[tt,-1,:,:]*mask_shelf), axis=1),axis=0)
/users/boeiradi/COLD_project/postprocessing/waom_notebook/Grid_avg_evolution/WAOM10x4x2extend_shflim_S_0.25Q_OHC+OSC+MKE_evolution_shelf.py:205: RuntimeWarning: Mean of empty slice
  SSS_havg_shelf[tt] = np.nanmean(np.nanmean((salt_ann[tt,-1,:,:]*mask_shelf), axis=1),axis=0)
/users/boeiradi/COLD_project/postprocessing/waom_notebook/Grid_avg_evolution/WAOM10x4x2extend_shflim_S_0.25Q_OHC+OSC+MKE_evolution_shelf.py:218: RuntimeWarning: Mean of empty slice
  temp_tmp_ann = np.nanmean(temp_tmp, axis=0)
/users/boeiradi/COLD_project/postprocessing/waom_notebook/Grid_avg_evolution/WAOM10x4x2extend_shflim_S_0.25Q_OHC+OSC+MKE_evolution_shelf.py:219: RuntimeWarning: Mean of empty slice
  salt_tmp_ann = np.nanmean(salt_tmp, axis=0)
/users/boeiradi/COLD_project/postprocessing/waom_notebook/Grid_avg_evolution/WAOM10x4x2extend_shflim_S_0.25Q_OHC+OSC+MKE_evolution_shelf.py:238: RuntimeWarning: Mean of empty slice
  ugeo_ann_tmp = np.nanmean(ugeo, axis=0)
/users/boeiradi/COLD_project/postprocessing/waom_notebook/Grid_avg_evolution/WAOM10x4x2extend_shflim_S_0.25Q_OHC+OSC+MKE_evolution_shelf.py:239: RuntimeWarning: Mean of empty slice
  vgeo_ann_tmp = np.nanmean(vgeo, axis=0)
/users/boeiradi/COLD_project/postprocessing/waom_notebook/Grid_avg_evolution/WAOM10x4x2extend_shflim_S_0.25Q_OHC+OSC+MKE_evolution_shelf.py:269: RuntimeWarning: Mean of empty slice
  z_rho_tmp_ann = np.nanmean(z_rho_tmp, axis=0)
/users/boeiradi/COLD_project/postprocessing/waom_notebook/Grid_avg_evolution/WAOM10x4x2extend_shflim_S_0.25Q_OHC+OSC+MKE_evolution_shelf.py:273: RuntimeWarning: Mean of empty slice
  z_w_tmp_ann = np.nanmean(z_w_tmp, axis=0)
size temp_tmp_ann =  (31, 560, 630)
Size MKE_tmp (559, 629)
Vtransform=2
Annual temp and annual tmp temp sizes =  (16, 31, 560, 630) (31, 560, 630)
Annual z_w and annual tmp z_w sizes =  (16, 560, 630, 32) (560, 630, 32)
size temp and time length:  (12, 31, 560, 630) 12
size temp_tmp_ann =  (31, 560, 630)
Size MKE_tmp (559, 629)
Vtransform=2
Annual temp and annual tmp temp sizes =  (17, 31, 560, 630) (31, 560, 630)
Annual z_w and annual tmp z_w sizes =  (17, 560, 630, 32) (560, 630, 32)
size temp and time length:  (12, 31, 560, 630) 12
size temp_tmp_ann =  (31, 560, 630)
Size MKE_tmp (559, 629)
Vtransform=2
Annual temp and annual tmp temp sizes =  (18, 31, 560, 630) (31, 560, 630)
Annual z_w and annual tmp z_w sizes =  (18, 560, 630, 32) (560, 630, 32)
size temp and time length:  (12, 31, 560, 630) 12
size temp_tmp_ann =  (31, 560, 630)
Size MKE_tmp (559, 629)
Vtransform=2
Annual temp and annual tmp temp sizes =  (19, 31, 560, 630) (31, 560, 630)
Annual z_w and annual tmp z_w sizes =  (19, 560, 630, 32) (560, 630, 32)
size temp and time length:  (12, 31, 560, 630) 12
size temp_tmp_ann =  (31, 560, 630)
Size MKE_tmp (559, 629)
Vtransform=2
Annual temp and annual tmp temp sizes =  (20, 31, 560, 630) (31, 560, 630)
Annual z_w and annual tmp z_w sizes =  (20, 560, 630, 32) (560, 630, 32)
Annual temp, salt, z_w, z_rho, MKE sizes =  (20, 31, 560, 630) (20, 31, 560, 630) (20, 560, 630, 32) (20, 560, 630, 31) (20, 559, 629)
size dz =  (20, 560, 630, 31)
size ohc_ann, ohc_dz, ohc_vertint =  (20, 31, 560, 630) (20, 31, 560, 630) (20, 560, 630)
size area =  (560, 630)
size temp and time length:  (12, 31, 1400, 1575) 12
size temp_tmp_ann =  (31, 1400, 1575)
Size MKE_tmp (1399, 1574)
Vtransform=2
Traceback (most recent call last):
  File "/users/boeiradi/COLD_project/postprocessing/waom_notebook/Grid_avg_evolution/WAOM10x4x2extend_shflim_S_0.25Q_OHC+OSC+MKE_evolution_shelf.py", line 568, in <module>
    E4_SST_havg_shelf, E4_SSS_havg_shelf, E4_ohc_hintn_shelf, E4_salt_hintn_shelf, E4_MKE_havg_shelf = read_roms_ts_4km(path_ECCO2_4km)
  File "/users/boeiradi/COLD_project/postprocessing/waom_notebook/Grid_avg_evolution/WAOM10x4x2extend_shflim_S_0.25Q_OHC+OSC+MKE_evolution_shelf.py", line 281, in read_roms_ts_4km
    MKE_ann = MKE_mavg
NameError: name 'MKE_mavg' is not defined
srun: error: r14c17: task 0: Exited with exit code 1
srun: launch/slurm: _step_signal: Terminating StepId=10232518.0
