/users/boeiradi/COLD_project/postprocessing/waom_notebook/Grid_avg_evolution/WAOM10x4x2extend_shflim_S_0.25Q_OHC+OSC+MKE_evolution_shelf.py:55: RuntimeWarning: Mean of empty slice
  temp_tmp_ann = np.nanmean(temp_tmp, axis=0)
/users/boeiradi/COLD_project/postprocessing/waom_notebook/Grid_avg_evolution/WAOM10x4x2extend_shflim_S_0.25Q_OHC+OSC+MKE_evolution_shelf.py:56: RuntimeWarning: Mean of empty slice
  salt_tmp_ann = np.nanmean(salt_tmp, axis=0)
/users/boeiradi/COLD_project/postprocessing/waom_notebook/Grid_avg_evolution/WAOM10x4x2extend_shflim_S_0.25Q_OHC+OSC+MKE_evolution_shelf.py:72: RuntimeWarning: Mean of empty slice
  ugeo_ann_tmp = np.nanmean(ugeo, axis=0)
/users/boeiradi/COLD_project/postprocessing/waom_notebook/Grid_avg_evolution/WAOM10x4x2extend_shflim_S_0.25Q_OHC+OSC+MKE_evolution_shelf.py:73: RuntimeWarning: Mean of empty slice
  vgeo_ann_tmp = np.nanmean(vgeo, axis=0)
/users/boeiradi/COLD_project/postprocessing/waom_notebook/Grid_avg_evolution/WAOM10x4x2extend_shflim_S_0.25Q_OHC+OSC+MKE_evolution_shelf.py:90: RuntimeWarning: Mean of empty slice
  z_rho_tmp_ann = np.nanmean(z_rho_tmp, axis=0)
/users/boeiradi/COLD_project/postprocessing/waom_notebook/Grid_avg_evolution/WAOM10x4x2extend_shflim_S_0.25Q_OHC+OSC+MKE_evolution_shelf.py:94: RuntimeWarning: Mean of empty slice
  z_w_tmp_ann = np.nanmean(z_w_tmp, axis=0)
/users/boeiradi/COLD_project/postprocessing/waom_notebook/Grid_avg_evolution/WAOM10x4x2extend_shflim_S_0.25Q_OHC+OSC+MKE_evolution_shelf.py:55: RuntimeWarning: Mean of empty slice
  temp_tmp_ann = np.nanmean(temp_tmp, axis=0)
/users/boeiradi/COLD_project/postprocessing/waom_notebook/Grid_avg_evolution/WAOM10x4x2extend_shflim_S_0.25Q_OHC+OSC+MKE_evolution_shelf.py:56: RuntimeWarning: Mean of empty slice
  salt_tmp_ann = np.nanmean(salt_tmp, axis=0)
/users/boeiradi/COLD_project/postprocessing/waom_notebook/Grid_avg_evolution/WAOM10x4x2extend_shflim_S_0.25Q_OHC+OSC+MKE_evolution_shelf.py:72: RuntimeWarning: Mean of empty slice
  ugeo_ann_tmp = np.nanmean(ugeo, axis=0)
/users/boeiradi/COLD_project/postprocessing/waom_notebook/Grid_avg_evolution/WAOM10x4x2extend_shflim_S_0.25Q_OHC+OSC+MKE_evolution_shelf.py:73: RuntimeWarning: Mean of empty slice
  vgeo_ann_tmp = np.nanmean(vgeo, axis=0)
/users/boeiradi/COLD_project/postprocessing/waom_notebook/Grid_avg_evolution/WAOM10x4x2extend_shflim_S_0.25Q_OHC+OSC+MKE_evolution_shelf.py:90: RuntimeWarning: Mean of empty slice
  z_rho_tmp_ann = np.nanmean(z_rho_tmp, axis=0)
/users/boeiradi/COLD_project/postprocessing/waom_notebook/Grid_avg_evolution/WAOM10x4x2extend_shflim_S_0.25Q_OHC+OSC+MKE_evolution_shelf.py:94: RuntimeWarning: Mean of empty slice
  z_w_tmp_ann = np.nanmean(z_w_tmp, axis=0)
/users/boeiradi/COLD_project/postprocessing/waom_notebook/Grid_avg_evolution/WAOM10x4x2extend_shflim_S_0.25Q_OHC+OSC+MKE_evolution_shelf.py:55: RuntimeWarning: Mean of empty slice
  temp_tmp_ann = np.nanmean(temp_tmp, axis=0)
/users/boeiradi/COLD_project/postprocessing/waom_notebook/Grid_avg_evolution/WAOM10x4x2extend_shflim_S_0.25Q_OHC+OSC+MKE_evolution_shelf.py:56: RuntimeWarning: Mean of empty slice
  salt_tmp_ann = np.nanmean(salt_tmp, axis=0)
/users/boeiradi/COLD_project/postprocessing/waom_notebook/Grid_avg_evolution/WAOM10x4x2extend_shflim_S_0.25Q_OHC+OSC+MKE_evolution_shelf.py:72: RuntimeWarning: Mean of empty slice
  ugeo_ann_tmp = np.nanmean(ugeo, axis=0)
/users/boeiradi/COLD_project/postprocessing/waom_notebook/Grid_avg_evolution/WAOM10x4x2extend_shflim_S_0.25Q_OHC+OSC+MKE_evolution_shelf.py:73: RuntimeWarning: Mean of empty slice
  vgeo_ann_tmp = np.nanmean(vgeo, axis=0)
/users/boeiradi/COLD_project/postprocessing/waom_notebook/Grid_avg_evolution/WAOM10x4x2extend_shflim_S_0.25Q_OHC+OSC+MKE_evolution_shelf.py:90: RuntimeWarning: Mean of empty slice
  z_rho_tmp_ann = np.nanmean(z_rho_tmp, axis=0)
/users/boeiradi/COLD_project/postprocessing/waom_notebook/Grid_avg_evolution/WAOM10x4x2extend_shflim_S_0.25Q_OHC+OSC+MKE_evolution_shelf.py:94: RuntimeWarning: Mean of empty slice
  z_w_tmp_ann = np.nanmean(z_w_tmp, axis=0)
/users/boeiradi/COLD_project/postprocessing/waom_notebook/Grid_avg_evolution/WAOM10x4x2extend_shflim_S_0.25Q_OHC+OSC+MKE_evolution_shelf.py:55: RuntimeWarning: Mean of empty slice
  temp_tmp_ann = np.nanmean(temp_tmp, axis=0)
/users/boeiradi/COLD_project/postprocessing/waom_notebook/Grid_avg_evolution/WAOM10x4x2extend_shflim_S_0.25Q_OHC+OSC+MKE_evolution_shelf.py:56: RuntimeWarning: Mean of empty slice
  salt_tmp_ann = np.nanmean(salt_tmp, axis=0)
/users/boeiradi/COLD_project/postprocessing/waom_notebook/Grid_avg_evolution/WAOM10x4x2extend_shflim_S_0.25Q_OHC+OSC+MKE_evolution_shelf.py:72: RuntimeWarning: Mean of empty slice
  ugeo_ann_tmp = np.nanmean(ugeo, axis=0)
/users/boeiradi/COLD_project/postprocessing/waom_notebook/Grid_avg_evolution/WAOM10x4x2extend_shflim_S_0.25Q_OHC+OSC+MKE_evolution_shelf.py:73: RuntimeWarning: Mean of empty slice
  vgeo_ann_tmp = np.nanmean(vgeo, axis=0)
/users/boeiradi/COLD_project/postprocessing/waom_notebook/Grid_avg_evolution/WAOM10x4x2extend_shflim_S_0.25Q_OHC+OSC+MKE_evolution_shelf.py:90: RuntimeWarning: Mean of empty slice
  z_rho_tmp_ann = np.nanmean(z_rho_tmp, axis=0)
/users/boeiradi/COLD_project/postprocessing/waom_notebook/Grid_avg_evolution/WAOM10x4x2extend_shflim_S_0.25Q_OHC+OSC+MKE_evolution_shelf.py:94: RuntimeWarning: Mean of empty slice
  z_w_tmp_ann = np.nanmean(z_w_tmp, axis=0)
/users/boeiradi/COLD_project/postprocessing/waom_notebook/Grid_avg_evolution/WAOM10x4x2extend_shflim_S_0.25Q_OHC+OSC+MKE_evolution_shelf.py:55: RuntimeWarning: Mean of empty slice
  temp_tmp_ann = np.nanmean(temp_tmp, axis=0)
/users/boeiradi/COLD_project/postprocessing/waom_notebook/Grid_avg_evolution/WAOM10x4x2extend_shflim_S_0.25Q_OHC+OSC+MKE_evolution_shelf.py:56: RuntimeWarning: Mean of empty slice
  salt_tmp_ann = np.nanmean(salt_tmp, axis=0)
/users/boeiradi/COLD_project/postprocessing/waom_notebook/Grid_avg_evolution/WAOM10x4x2extend_shflim_S_0.25Q_OHC+OSC+MKE_evolution_shelf.py:72: RuntimeWarning: Mean of empty slice
  ugeo_ann_tmp = np.nanmean(ugeo, axis=0)
/users/boeiradi/COLD_project/postprocessing/waom_notebook/Grid_avg_evolution/WAOM10x4x2extend_shflim_S_0.25Q_OHC+OSC+MKE_evolution_shelf.py:73: RuntimeWarning: Mean of empty slice
  vgeo_ann_tmp = np.nanmean(vgeo, axis=0)
/users/boeiradi/COLD_project/postprocessing/waom_notebook/Grid_avg_evolution/WAOM10x4x2extend_shflim_S_0.25Q_OHC+OSC+MKE_evolution_shelf.py:90: RuntimeWarning: Mean of empty slice
  z_rho_tmp_ann = np.nanmean(z_rho_tmp, axis=0)
/users/boeiradi/COLD_project/postprocessing/waom_notebook/Grid_avg_evolution/WAOM10x4x2extend_shflim_S_0.25Q_OHC+OSC+MKE_evolution_shelf.py:94: RuntimeWarning: Mean of empty slice
  z_w_tmp_ann = np.nanmean(z_w_tmp, axis=0)
/users/boeiradi/COLD_project/postprocessing/waom_notebook/Grid_avg_evolution/WAOM10x4x2extend_shflim_S_0.25Q_OHC+OSC+MKE_evolution_shelf.py:55: RuntimeWarning: Mean of empty slice
  temp_tmp_ann = np.nanmean(temp_tmp, axis=0)
/users/boeiradi/COLD_project/postprocessing/waom_notebook/Grid_avg_evolution/WAOM10x4x2extend_shflim_S_0.25Q_OHC+OSC+MKE_evolution_shelf.py:56: RuntimeWarning: Mean of empty slice
  salt_tmp_ann = np.nanmean(salt_tmp, axis=0)
/users/boeiradi/COLD_project/postprocessing/waom_notebook/Grid_avg_evolution/WAOM10x4x2extend_shflim_S_0.25Q_OHC+OSC+MKE_evolution_shelf.py:72: RuntimeWarning: Mean of empty slice
  ugeo_ann_tmp = np.nanmean(ugeo, axis=0)
/users/boeiradi/COLD_project/postprocessing/waom_notebook/Grid_avg_evolution/WAOM10x4x2extend_shflim_S_0.25Q_OHC+OSC+MKE_evolution_shelf.py:73: RuntimeWarning: Mean of empty slice
  vgeo_ann_tmp = np.nanmean(vgeo, axis=0)
/users/boeiradi/COLD_project/postprocessing/waom_notebook/Grid_avg_evolution/WAOM10x4x2extend_shflim_S_0.25Q_OHC+OSC+MKE_evolution_shelf.py:90: RuntimeWarning: Mean of empty slice
  z_rho_tmp_ann = np.nanmean(z_rho_tmp, axis=0)
/users/boeiradi/COLD_project/postprocessing/waom_notebook/Grid_avg_evolution/WAOM10x4x2extend_shflim_S_0.25Q_OHC+OSC+MKE_evolution_shelf.py:94: RuntimeWarning: Mean of empty slice
  z_w_tmp_ann = np.nanmean(z_w_tmp, axis=0)
/users/boeiradi/COLD_project/postprocessing/waom_notebook/Grid_avg_evolution/WAOM10x4x2extend_shflim_S_0.25Q_OHC+OSC+MKE_evolution_shelf.py:55: RuntimeWarning: Mean of empty slice
  temp_tmp_ann = np.nanmean(temp_tmp, axis=0)
/users/boeiradi/COLD_project/postprocessing/waom_notebook/Grid_avg_evolution/WAOM10x4x2extend_shflim_S_0.25Q_OHC+OSC+MKE_evolution_shelf.py:56: RuntimeWarning: Mean of empty slice
  salt_tmp_ann = np.nanmean(salt_tmp, axis=0)
/users/boeiradi/COLD_project/postprocessing/waom_notebook/Grid_avg_evolution/WAOM10x4x2extend_shflim_S_0.25Q_OHC+OSC+MKE_evolution_shelf.py:72: RuntimeWarning: Mean of empty slice
  ugeo_ann_tmp = np.nanmean(ugeo, axis=0)
/users/boeiradi/COLD_project/postprocessing/waom_notebook/Grid_avg_evolution/WAOM10x4x2extend_shflim_S_0.25Q_OHC+OSC+MKE_evolution_shelf.py:73: RuntimeWarning: Mean of empty slice
  vgeo_ann_tmp = np.nanmean(vgeo, axis=0)
/users/boeiradi/COLD_project/postprocessing/waom_notebook/Grid_avg_evolution/WAOM10x4x2extend_shflim_S_0.25Q_OHC+OSC+MKE_evolution_shelf.py:90: RuntimeWarning: Mean of empty slice
  z_rho_tmp_ann = np.nanmean(z_rho_tmp, axis=0)
/users/boeiradi/COLD_project/postprocessing/waom_notebook/Grid_avg_evolution/WAOM10x4x2extend_shflim_S_0.25Q_OHC+OSC+MKE_evolution_shelf.py:94: RuntimeWarning: Mean of empty slice
  z_w_tmp_ann = np.nanmean(z_w_tmp, axis=0)
/users/boeiradi/COLD_project/postprocessing/waom_notebook/Grid_avg_evolution/WAOM10x4x2extend_shflim_S_0.25Q_OHC+OSC+MKE_evolution_shelf.py:55: RuntimeWarning: Mean of empty slice
  temp_tmp_ann = np.nanmean(temp_tmp, axis=0)
/users/boeiradi/COLD_project/postprocessing/waom_notebook/Grid_avg_evolution/WAOM10x4x2extend_shflim_S_0.25Q_OHC+OSC+MKE_evolution_shelf.py:56: RuntimeWarning: Mean of empty slice
  salt_tmp_ann = np.nanmean(salt_tmp, axis=0)
/users/boeiradi/COLD_project/postprocessing/waom_notebook/Grid_avg_evolution/WAOM10x4x2extend_shflim_S_0.25Q_OHC+OSC+MKE_evolution_shelf.py:72: RuntimeWarning: Mean of empty slice
  ugeo_ann_tmp = np.nanmean(ugeo, axis=0)
/users/boeiradi/COLD_project/postprocessing/waom_notebook/Grid_avg_evolution/WAOM10x4x2extend_shflim_S_0.25Q_OHC+OSC+MKE_evolution_shelf.py:73: RuntimeWarning: Mean of empty slice
  vgeo_ann_tmp = np.nanmean(vgeo, axis=0)
/users/boeiradi/COLD_project/postprocessing/waom_notebook/Grid_avg_evolution/WAOM10x4x2extend_shflim_S_0.25Q_OHC+OSC+MKE_evolution_shelf.py:90: RuntimeWarning: Mean of empty slice
  z_rho_tmp_ann = np.nanmean(z_rho_tmp, axis=0)
/users/boeiradi/COLD_project/postprocessing/waom_notebook/Grid_avg_evolution/WAOM10x4x2extend_shflim_S_0.25Q_OHC+OSC+MKE_evolution_shelf.py:94: RuntimeWarning: Mean of empty slice
  z_w_tmp_ann = np.nanmean(z_w_tmp, axis=0)
/users/boeiradi/COLD_project/postprocessing/waom_notebook/Grid_avg_evolution/WAOM10x4x2extend_shflim_S_0.25Q_OHC+OSC+MKE_evolution_shelf.py:55: RuntimeWarning: Mean of empty slice
  temp_tmp_ann = np.nanmean(temp_tmp, axis=0)
/users/boeiradi/COLD_project/postprocessing/waom_notebook/Grid_avg_evolution/WAOM10x4x2extend_shflim_S_0.25Q_OHC+OSC+MKE_evolution_shelf.py:56: RuntimeWarning: Mean of empty slice
  salt_tmp_ann = np.nanmean(salt_tmp, axis=0)
/users/boeiradi/COLD_project/postprocessing/waom_notebook/Grid_avg_evolution/WAOM10x4x2extend_shflim_S_0.25Q_OHC+OSC+MKE_evolution_shelf.py:72: RuntimeWarning: Mean of empty slice
  ugeo_ann_tmp = np.nanmean(ugeo, axis=0)
/users/boeiradi/COLD_project/postprocessing/waom_notebook/Grid_avg_evolution/WAOM10x4x2extend_shflim_S_0.25Q_OHC+OSC+MKE_evolution_shelf.py:73: RuntimeWarning: Mean of empty slice
  vgeo_ann_tmp = np.nanmean(vgeo, axis=0)
/users/boeiradi/COLD_project/postprocessing/waom_notebook/Grid_avg_evolution/WAOM10x4x2extend_shflim_S_0.25Q_OHC+OSC+MKE_evolution_shelf.py:90: RuntimeWarning: Mean of empty slice
  z_rho_tmp_ann = np.nanmean(z_rho_tmp, axis=0)
/users/boeiradi/COLD_project/postprocessing/waom_notebook/Grid_avg_evolution/WAOM10x4x2extend_shflim_S_0.25Q_OHC+OSC+MKE_evolution_shelf.py:94: RuntimeWarning: Mean of empty slice
  z_w_tmp_ann = np.nanmean(z_w_tmp, axis=0)
/users/boeiradi/COLD_project/postprocessing/waom_notebook/Grid_avg_evolution/WAOM10x4x2extend_shflim_S_0.25Q_OHC+OSC+MKE_evolution_shelf.py:55: RuntimeWarning: Mean of empty slice
  temp_tmp_ann = np.nanmean(temp_tmp, axis=0)
/users/boeiradi/COLD_project/postprocessing/waom_notebook/Grid_avg_evolution/WAOM10x4x2extend_shflim_S_0.25Q_OHC+OSC+MKE_evolution_shelf.py:56: RuntimeWarning: Mean of empty slice
  salt_tmp_ann = np.nanmean(salt_tmp, axis=0)
/users/boeiradi/COLD_project/postprocessing/waom_notebook/Grid_avg_evolution/WAOM10x4x2extend_shflim_S_0.25Q_OHC+OSC+MKE_evolution_shelf.py:72: RuntimeWarning: Mean of empty slice
  ugeo_ann_tmp = np.nanmean(ugeo, axis=0)
/users/boeiradi/COLD_project/postprocessing/waom_notebook/Grid_avg_evolution/WAOM10x4x2extend_shflim_S_0.25Q_OHC+OSC+MKE_evolution_shelf.py:73: RuntimeWarning: Mean of empty slice
  vgeo_ann_tmp = np.nanmean(vgeo, axis=0)
/users/boeiradi/COLD_project/postprocessing/waom_notebook/Grid_avg_evolution/WAOM10x4x2extend_shflim_S_0.25Q_OHC+OSC+MKE_evolution_shelf.py:90: RuntimeWarning: Mean of empty slice
  z_rho_tmp_ann = np.nanmean(z_rho_tmp, axis=0)
/users/boeiradi/COLD_project/postprocessing/waom_notebook/Grid_avg_evolution/WAOM10x4x2extend_shflim_S_0.25Q_OHC+OSC+MKE_evolution_shelf.py:94: RuntimeWarning: Mean of empty slice
  z_w_tmp_ann = np.nanmean(z_w_tmp, axis=0)
/users/boeiradi/COLD_project/postprocessing/waom_notebook/Grid_avg_evolution/WAOM10x4x2extend_shflim_S_0.25Q_OHC+OSC+MKE_evolution_shelf.py:55: RuntimeWarning: Mean of empty slice
  temp_tmp_ann = np.nanmean(temp_tmp, axis=0)
/users/boeiradi/COLD_project/postprocessing/waom_notebook/Grid_avg_evolution/WAOM10x4x2extend_shflim_S_0.25Q_OHC+OSC+MKE_evolution_shelf.py:56: RuntimeWarning: Mean of empty slice
  salt_tmp_ann = np.nanmean(salt_tmp, axis=0)
/users/boeiradi/COLD_project/postprocessing/waom_notebook/Grid_avg_evolution/WAOM10x4x2extend_shflim_S_0.25Q_OHC+OSC+MKE_evolution_shelf.py:72: RuntimeWarning: Mean of empty slice
  ugeo_ann_tmp = np.nanmean(ugeo, axis=0)
/users/boeiradi/COLD_project/postprocessing/waom_notebook/Grid_avg_evolution/WAOM10x4x2extend_shflim_S_0.25Q_OHC+OSC+MKE_evolution_shelf.py:73: RuntimeWarning: Mean of empty slice
  vgeo_ann_tmp = np.nanmean(vgeo, axis=0)
/users/boeiradi/COLD_project/postprocessing/waom_notebook/Grid_avg_evolution/WAOM10x4x2extend_shflim_S_0.25Q_OHC+OSC+MKE_evolution_shelf.py:90: RuntimeWarning: Mean of empty slice
  z_rho_tmp_ann = np.nanmean(z_rho_tmp, axis=0)
/users/boeiradi/COLD_project/postprocessing/waom_notebook/Grid_avg_evolution/WAOM10x4x2extend_shflim_S_0.25Q_OHC+OSC+MKE_evolution_shelf.py:94: RuntimeWarning: Mean of empty slice
  z_w_tmp_ann = np.nanmean(z_w_tmp, axis=0)
/users/boeiradi/COLD_project/postprocessing/waom_notebook/Grid_avg_evolution/WAOM10x4x2extend_shflim_S_0.25Q_OHC+OSC+MKE_evolution_shelf.py:55: RuntimeWarning: Mean of empty slice
  temp_tmp_ann = np.nanmean(temp_tmp, axis=0)
/users/boeiradi/COLD_project/postprocessing/waom_notebook/Grid_avg_evolution/WAOM10x4x2extend_shflim_S_0.25Q_OHC+OSC+MKE_evolution_shelf.py:56: RuntimeWarning: Mean of empty slice
  salt_tmp_ann = np.nanmean(salt_tmp, axis=0)
/users/boeiradi/COLD_project/postprocessing/waom_notebook/Grid_avg_evolution/WAOM10x4x2extend_shflim_S_0.25Q_OHC+OSC+MKE_evolution_shelf.py:72: RuntimeWarning: Mean of empty slice
  ugeo_ann_tmp = np.nanmean(ugeo, axis=0)
/users/boeiradi/COLD_project/postprocessing/waom_notebook/Grid_avg_evolution/WAOM10x4x2extend_shflim_S_0.25Q_OHC+OSC+MKE_evolution_shelf.py:73: RuntimeWarning: Mean of empty slice
  vgeo_ann_tmp = np.nanmean(vgeo, axis=0)
/users/boeiradi/COLD_project/postprocessing/waom_notebook/Grid_avg_evolution/WAOM10x4x2extend_shflim_S_0.25Q_OHC+OSC+MKE_evolution_shelf.py:90: RuntimeWarning: Mean of empty slice
  z_rho_tmp_ann = np.nanmean(z_rho_tmp, axis=0)
/users/boeiradi/COLD_project/postprocessing/waom_notebook/Grid_avg_evolution/WAOM10x4x2extend_shflim_S_0.25Q_OHC+OSC+MKE_evolution_shelf.py:94: RuntimeWarning: Mean of empty slice
  z_w_tmp_ann = np.nanmean(z_w_tmp, axis=0)
/users/boeiradi/COLD_project/postprocessing/waom_notebook/Grid_avg_evolution/WAOM10x4x2extend_shflim_S_0.25Q_OHC+OSC+MKE_evolution_shelf.py:55: RuntimeWarning: Mean of empty slice
  temp_tmp_ann = np.nanmean(temp_tmp, axis=0)
/users/boeiradi/COLD_project/postprocessing/waom_notebook/Grid_avg_evolution/WAOM10x4x2extend_shflim_S_0.25Q_OHC+OSC+MKE_evolution_shelf.py:56: RuntimeWarning: Mean of empty slice
  salt_tmp_ann = np.nanmean(salt_tmp, axis=0)
/users/boeiradi/COLD_project/postprocessing/waom_notebook/Grid_avg_evolution/WAOM10x4x2extend_shflim_S_0.25Q_OHC+OSC+MKE_evolution_shelf.py:72: RuntimeWarning: Mean of empty slice
  ugeo_ann_tmp = np.nanmean(ugeo, axis=0)
/users/boeiradi/COLD_project/postprocessing/waom_notebook/Grid_avg_evolution/WAOM10x4x2extend_shflim_S_0.25Q_OHC+OSC+MKE_evolution_shelf.py:73: RuntimeWarning: Mean of empty slice
  vgeo_ann_tmp = np.nanmean(vgeo, axis=0)
/users/boeiradi/COLD_project/postprocessing/waom_notebook/Grid_avg_evolution/WAOM10x4x2extend_shflim_S_0.25Q_OHC+OSC+MKE_evolution_shelf.py:90: RuntimeWarning: Mean of empty slice
  z_rho_tmp_ann = np.nanmean(z_rho_tmp, axis=0)
/users/boeiradi/COLD_project/postprocessing/waom_notebook/Grid_avg_evolution/WAOM10x4x2extend_shflim_S_0.25Q_OHC+OSC+MKE_evolution_shelf.py:94: RuntimeWarning: Mean of empty slice
  z_w_tmp_ann = np.nanmean(z_w_tmp, axis=0)
/users/boeiradi/COLD_project/postprocessing/waom_notebook/Grid_avg_evolution/WAOM10x4x2extend_shflim_S_0.25Q_OHC+OSC+MKE_evolution_shelf.py:55: RuntimeWarning: Mean of empty slice
  temp_tmp_ann = np.nanmean(temp_tmp, axis=0)
/users/boeiradi/COLD_project/postprocessing/waom_notebook/Grid_avg_evolution/WAOM10x4x2extend_shflim_S_0.25Q_OHC+OSC+MKE_evolution_shelf.py:56: RuntimeWarning: Mean of empty slice
  salt_tmp_ann = np.nanmean(salt_tmp, axis=0)
/users/boeiradi/COLD_project/postprocessing/waom_notebook/Grid_avg_evolution/WAOM10x4x2extend_shflim_S_0.25Q_OHC+OSC+MKE_evolution_shelf.py:72: RuntimeWarning: Mean of empty slice
  ugeo_ann_tmp = np.nanmean(ugeo, axis=0)
/users/boeiradi/COLD_project/postprocessing/waom_notebook/Grid_avg_evolution/WAOM10x4x2extend_shflim_S_0.25Q_OHC+OSC+MKE_evolution_shelf.py:73: RuntimeWarning: Mean of empty slice
  vgeo_ann_tmp = np.nanmean(vgeo, axis=0)
/users/boeiradi/COLD_project/postprocessing/waom_notebook/Grid_avg_evolution/WAOM10x4x2extend_shflim_S_0.25Q_OHC+OSC+MKE_evolution_shelf.py:90: RuntimeWarning: Mean of empty slice
  z_rho_tmp_ann = np.nanmean(z_rho_tmp, axis=0)
/users/boeiradi/COLD_project/postprocessing/waom_notebook/Grid_avg_evolution/WAOM10x4x2extend_shflim_S_0.25Q_OHC+OSC+MKE_evolution_shelf.py:94: RuntimeWarning: Mean of empty slice
  z_w_tmp_ann = np.nanmean(z_w_tmp, axis=0)
/users/boeiradi/COLD_project/postprocessing/waom_notebook/Grid_avg_evolution/WAOM10x4x2extend_shflim_S_0.25Q_OHC+OSC+MKE_evolution_shelf.py:55: RuntimeWarning: Mean of empty slice
  temp_tmp_ann = np.nanmean(temp_tmp, axis=0)
/users/boeiradi/COLD_project/postprocessing/waom_notebook/Grid_avg_evolution/WAOM10x4x2extend_shflim_S_0.25Q_OHC+OSC+MKE_evolution_shelf.py:56: RuntimeWarning: Mean of empty slice
  salt_tmp_ann = np.nanmean(salt_tmp, axis=0)
/users/boeiradi/COLD_project/postprocessing/waom_notebook/Grid_avg_evolution/WAOM10x4x2extend_shflim_S_0.25Q_OHC+OSC+MKE_evolution_shelf.py:72: RuntimeWarning: Mean of empty slice
  ugeo_ann_tmp = np.nanmean(ugeo, axis=0)
/users/boeiradi/COLD_project/postprocessing/waom_notebook/Grid_avg_evolution/WAOM10x4x2extend_shflim_S_0.25Q_OHC+OSC+MKE_evolution_shelf.py:73: RuntimeWarning: Mean of empty slice
  vgeo_ann_tmp = np.nanmean(vgeo, axis=0)
/users/boeiradi/COLD_project/postprocessing/waom_notebook/Grid_avg_evolution/WAOM10x4x2extend_shflim_S_0.25Q_OHC+OSC+MKE_evolution_shelf.py:90: RuntimeWarning: Mean of empty slice
  z_rho_tmp_ann = np.nanmean(z_rho_tmp, axis=0)
/users/boeiradi/COLD_project/postprocessing/waom_notebook/Grid_avg_evolution/WAOM10x4x2extend_shflim_S_0.25Q_OHC+OSC+MKE_evolution_shelf.py:94: RuntimeWarning: Mean of empty slice
  z_w_tmp_ann = np.nanmean(z_w_tmp, axis=0)
/users/boeiradi/COLD_project/postprocessing/waom_notebook/Grid_avg_evolution/WAOM10x4x2extend_shflim_S_0.25Q_OHC+OSC+MKE_evolution_shelf.py:55: RuntimeWarning: Mean of empty slice
  temp_tmp_ann = np.nanmean(temp_tmp, axis=0)
/users/boeiradi/COLD_project/postprocessing/waom_notebook/Grid_avg_evolution/WAOM10x4x2extend_shflim_S_0.25Q_OHC+OSC+MKE_evolution_shelf.py:56: RuntimeWarning: Mean of empty slice
  salt_tmp_ann = np.nanmean(salt_tmp, axis=0)
/users/boeiradi/COLD_project/postprocessing/waom_notebook/Grid_avg_evolution/WAOM10x4x2extend_shflim_S_0.25Q_OHC+OSC+MKE_evolution_shelf.py:72: RuntimeWarning: Mean of empty slice
  ugeo_ann_tmp = np.nanmean(ugeo, axis=0)
/users/boeiradi/COLD_project/postprocessing/waom_notebook/Grid_avg_evolution/WAOM10x4x2extend_shflim_S_0.25Q_OHC+OSC+MKE_evolution_shelf.py:73: RuntimeWarning: Mean of empty slice
  vgeo_ann_tmp = np.nanmean(vgeo, axis=0)
/users/boeiradi/COLD_project/postprocessing/waom_notebook/Grid_avg_evolution/WAOM10x4x2extend_shflim_S_0.25Q_OHC+OSC+MKE_evolution_shelf.py:90: RuntimeWarning: Mean of empty slice
  z_rho_tmp_ann = np.nanmean(z_rho_tmp, axis=0)
/users/boeiradi/COLD_project/postprocessing/waom_notebook/Grid_avg_evolution/WAOM10x4x2extend_shflim_S_0.25Q_OHC+OSC+MKE_evolution_shelf.py:94: RuntimeWarning: Mean of empty slice
  z_w_tmp_ann = np.nanmean(z_w_tmp, axis=0)
/users/boeiradi/COLD_project/postprocessing/waom_notebook/Grid_avg_evolution/WAOM10x4x2extend_shflim_S_0.25Q_OHC+OSC+MKE_evolution_shelf.py:55: RuntimeWarning: Mean of empty slice
  temp_tmp_ann = np.nanmean(temp_tmp, axis=0)
/users/boeiradi/COLD_project/postprocessing/waom_notebook/Grid_avg_evolution/WAOM10x4x2extend_shflim_S_0.25Q_OHC+OSC+MKE_evolution_shelf.py:56: RuntimeWarning: Mean of empty slice
  salt_tmp_ann = np.nanmean(salt_tmp, axis=0)
/users/boeiradi/COLD_project/postprocessing/waom_notebook/Grid_avg_evolution/WAOM10x4x2extend_shflim_S_0.25Q_OHC+OSC+MKE_evolution_shelf.py:72: RuntimeWarning: Mean of empty slice
  ugeo_ann_tmp = np.nanmean(ugeo, axis=0)
/users/boeiradi/COLD_project/postprocessing/waom_notebook/Grid_avg_evolution/WAOM10x4x2extend_shflim_S_0.25Q_OHC+OSC+MKE_evolution_shelf.py:73: RuntimeWarning: Mean of empty slice
  vgeo_ann_tmp = np.nanmean(vgeo, axis=0)
/users/boeiradi/COLD_project/postprocessing/waom_notebook/Grid_avg_evolution/WAOM10x4x2extend_shflim_S_0.25Q_OHC+OSC+MKE_evolution_shelf.py:90: RuntimeWarning: Mean of empty slice
  z_rho_tmp_ann = np.nanmean(z_rho_tmp, axis=0)
/users/boeiradi/COLD_project/postprocessing/waom_notebook/Grid_avg_evolution/WAOM10x4x2extend_shflim_S_0.25Q_OHC+OSC+MKE_evolution_shelf.py:94: RuntimeWarning: Mean of empty slice
  z_w_tmp_ann = np.nanmean(z_w_tmp, axis=0)
/users/boeiradi/COLD_project/postprocessing/waom_notebook/Grid_avg_evolution/WAOM10x4x2extend_shflim_S_0.25Q_OHC+OSC+MKE_evolution_shelf.py:55: RuntimeWarning: Mean of empty slice
  temp_tmp_ann = np.nanmean(temp_tmp, axis=0)
/users/boeiradi/COLD_project/postprocessing/waom_notebook/Grid_avg_evolution/WAOM10x4x2extend_shflim_S_0.25Q_OHC+OSC+MKE_evolution_shelf.py:56: RuntimeWarning: Mean of empty slice
  salt_tmp_ann = np.nanmean(salt_tmp, axis=0)
/users/boeiradi/COLD_project/postprocessing/waom_notebook/Grid_avg_evolution/WAOM10x4x2extend_shflim_S_0.25Q_OHC+OSC+MKE_evolution_shelf.py:72: RuntimeWarning: Mean of empty slice
  ugeo_ann_tmp = np.nanmean(ugeo, axis=0)
/users/boeiradi/COLD_project/postprocessing/waom_notebook/Grid_avg_evolution/WAOM10x4x2extend_shflim_S_0.25Q_OHC+OSC+MKE_evolution_shelf.py:73: RuntimeWarning: Mean of empty slice
  vgeo_ann_tmp = np.nanmean(vgeo, axis=0)
/users/boeiradi/COLD_project/postprocessing/waom_notebook/Grid_avg_evolution/WAOM10x4x2extend_shflim_S_0.25Q_OHC+OSC+MKE_evolution_shelf.py:90: RuntimeWarning: Mean of empty slice
  z_rho_tmp_ann = np.nanmean(z_rho_tmp, axis=0)
/users/boeiradi/COLD_project/postprocessing/waom_notebook/Grid_avg_evolution/WAOM10x4x2extend_shflim_S_0.25Q_OHC+OSC+MKE_evolution_shelf.py:94: RuntimeWarning: Mean of empty slice
  z_w_tmp_ann = np.nanmean(z_w_tmp, axis=0)
/users/boeiradi/COLD_project/postprocessing/waom_notebook/Grid_avg_evolution/WAOM10x4x2extend_shflim_S_0.25Q_OHC+OSC+MKE_evolution_shelf.py:55: RuntimeWarning: Mean of empty slice
  temp_tmp_ann = np.nanmean(temp_tmp, axis=0)
/users/boeiradi/COLD_project/postprocessing/waom_notebook/Grid_avg_evolution/WAOM10x4x2extend_shflim_S_0.25Q_OHC+OSC+MKE_evolution_shelf.py:56: RuntimeWarning: Mean of empty slice
  salt_tmp_ann = np.nanmean(salt_tmp, axis=0)
/users/boeiradi/COLD_project/postprocessing/waom_notebook/Grid_avg_evolution/WAOM10x4x2extend_shflim_S_0.25Q_OHC+OSC+MKE_evolution_shelf.py:72: RuntimeWarning: Mean of empty slice
  ugeo_ann_tmp = np.nanmean(ugeo, axis=0)
/users/boeiradi/COLD_project/postprocessing/waom_notebook/Grid_avg_evolution/WAOM10x4x2extend_shflim_S_0.25Q_OHC+OSC+MKE_evolution_shelf.py:73: RuntimeWarning: Mean of empty slice
  vgeo_ann_tmp = np.nanmean(vgeo, axis=0)
/users/boeiradi/COLD_project/postprocessing/waom_notebook/Grid_avg_evolution/WAOM10x4x2extend_shflim_S_0.25Q_OHC+OSC+MKE_evolution_shelf.py:90: RuntimeWarning: Mean of empty slice
  z_rho_tmp_ann = np.nanmean(z_rho_tmp, axis=0)
/users/boeiradi/COLD_project/postprocessing/waom_notebook/Grid_avg_evolution/WAOM10x4x2extend_shflim_S_0.25Q_OHC+OSC+MKE_evolution_shelf.py:94: RuntimeWarning: Mean of empty slice
  z_w_tmp_ann = np.nanmean(z_w_tmp, axis=0)
/users/boeiradi/COLD_project/postprocessing/waom_notebook/Grid_avg_evolution/WAOM10x4x2extend_shflim_S_0.25Q_OHC+OSC+MKE_evolution_shelf.py:55: RuntimeWarning: Mean of empty slice
  temp_tmp_ann = np.nanmean(temp_tmp, axis=0)
/users/boeiradi/COLD_project/postprocessing/waom_notebook/Grid_avg_evolution/WAOM10x4x2extend_shflim_S_0.25Q_OHC+OSC+MKE_evolution_shelf.py:56: RuntimeWarning: Mean of empty slice
  salt_tmp_ann = np.nanmean(salt_tmp, axis=0)
/users/boeiradi/COLD_project/postprocessing/waom_notebook/Grid_avg_evolution/WAOM10x4x2extend_shflim_S_0.25Q_OHC+OSC+MKE_evolution_shelf.py:72: RuntimeWarning: Mean of empty slice
  ugeo_ann_tmp = np.nanmean(ugeo, axis=0)
/users/boeiradi/COLD_project/postprocessing/waom_notebook/Grid_avg_evolution/WAOM10x4x2extend_shflim_S_0.25Q_OHC+OSC+MKE_evolution_shelf.py:73: RuntimeWarning: Mean of empty slice
  vgeo_ann_tmp = np.nanmean(vgeo, axis=0)
/users/boeiradi/COLD_project/postprocessing/waom_notebook/Grid_avg_evolution/WAOM10x4x2extend_shflim_S_0.25Q_OHC+OSC+MKE_evolution_shelf.py:90: RuntimeWarning: Mean of empty slice
  z_rho_tmp_ann = np.nanmean(z_rho_tmp, axis=0)
/users/boeiradi/COLD_project/postprocessing/waom_notebook/Grid_avg_evolution/WAOM10x4x2extend_shflim_S_0.25Q_OHC+OSC+MKE_evolution_shelf.py:94: RuntimeWarning: Mean of empty slice
  z_w_tmp_ann = np.nanmean(z_w_tmp, axis=0)
/users/boeiradi/COLD_project/postprocessing/waom_notebook/Grid_avg_evolution/WAOM10x4x2extend_shflim_S_0.25Q_OHC+OSC+MKE_evolution_shelf.py:193: RuntimeWarning: Mean of empty slice
  SST_havg_shelf[tt] = np.nanmean(np.nanmean((temp_ann[tt,-1,:,:]*mask_shelf), axis=1),axis=0)
/users/boeiradi/COLD_project/postprocessing/waom_notebook/Grid_avg_evolution/WAOM10x4x2extend_shflim_S_0.25Q_OHC+OSC+MKE_evolution_shelf.py:194: RuntimeWarning: Mean of empty slice
  SSS_havg_shelf[tt] = np.nanmean(np.nanmean((salt_ann[tt,-1,:,:]*mask_shelf), axis=1),axis=0)
/users/boeiradi/COLD_project/postprocessing/waom_notebook/Grid_avg_evolution/WAOM10x4x2extend_shflim_S_0.25Q_OHC+OSC+MKE_evolution_shelf.py:207: RuntimeWarning: Mean of empty slice
  temp_tmp_ann = np.nanmean(temp_tmp, axis=0)
/users/boeiradi/COLD_project/postprocessing/waom_notebook/Grid_avg_evolution/WAOM10x4x2extend_shflim_S_0.25Q_OHC+OSC+MKE_evolution_shelf.py:208: RuntimeWarning: Mean of empty slice
  salt_tmp_ann = np.nanmean(salt_tmp, axis=0)
/users/boeiradi/COLD_project/postprocessing/waom_notebook/Grid_avg_evolution/WAOM10x4x2extend_shflim_S_0.25Q_OHC+OSC+MKE_evolution_shelf.py:209: RuntimeWarning: Mean of empty slice
  zeta_tmp_ann = np.nanmean(zeta_tmp, axis=0)
/users/boeiradi/COLD_project/postprocessing/waom_notebook/Grid_avg_evolution/WAOM10x4x2extend_shflim_S_0.25Q_OHC+OSC+MKE_evolution_shelf.py:235: RuntimeWarning: Mean of empty slice
  z_rho_tmp_ann = np.nanmean(z_rho_tmp, axis=0)
/users/boeiradi/COLD_project/postprocessing/waom_notebook/Grid_avg_evolution/WAOM10x4x2extend_shflim_S_0.25Q_OHC+OSC+MKE_evolution_shelf.py:239: RuntimeWarning: Mean of empty slice
  z_w_tmp_ann = np.nanmean(z_w_tmp, axis=0)
/users/boeiradi/COLD_project/postprocessing/waom_notebook/Grid_avg_evolution/WAOM10x4x2extend_shflim_S_0.25Q_OHC+OSC+MKE_evolution_shelf.py:207: RuntimeWarning: Mean of empty slice
  temp_tmp_ann = np.nanmean(temp_tmp, axis=0)
/users/boeiradi/COLD_project/postprocessing/waom_notebook/Grid_avg_evolution/WAOM10x4x2extend_shflim_S_0.25Q_OHC+OSC+MKE_evolution_shelf.py:208: RuntimeWarning: Mean of empty slice
  salt_tmp_ann = np.nanmean(salt_tmp, axis=0)
/users/boeiradi/COLD_project/postprocessing/waom_notebook/Grid_avg_evolution/WAOM10x4x2extend_shflim_S_0.25Q_OHC+OSC+MKE_evolution_shelf.py:209: RuntimeWarning: Mean of empty slice
  zeta_tmp_ann = np.nanmean(zeta_tmp, axis=0)
/users/boeiradi/COLD_project/postprocessing/waom_notebook/Grid_avg_evolution/WAOM10x4x2extend_shflim_S_0.25Q_OHC+OSC+MKE_evolution_shelf.py:235: RuntimeWarning: Mean of empty slice
  z_rho_tmp_ann = np.nanmean(z_rho_tmp, axis=0)
/users/boeiradi/COLD_project/postprocessing/waom_notebook/Grid_avg_evolution/WAOM10x4x2extend_shflim_S_0.25Q_OHC+OSC+MKE_evolution_shelf.py:239: RuntimeWarning: Mean of empty slice
  z_w_tmp_ann = np.nanmean(z_w_tmp, axis=0)
/users/boeiradi/COLD_project/postprocessing/waom_notebook/Grid_avg_evolution/WAOM10x4x2extend_shflim_S_0.25Q_OHC+OSC+MKE_evolution_shelf.py:207: RuntimeWarning: Mean of empty slice
  temp_tmp_ann = np.nanmean(temp_tmp, axis=0)
/users/boeiradi/COLD_project/postprocessing/waom_notebook/Grid_avg_evolution/WAOM10x4x2extend_shflim_S_0.25Q_OHC+OSC+MKE_evolution_shelf.py:208: RuntimeWarning: Mean of empty slice
  salt_tmp_ann = np.nanmean(salt_tmp, axis=0)
/users/boeiradi/COLD_project/postprocessing/waom_notebook/Grid_avg_evolution/WAOM10x4x2extend_shflim_S_0.25Q_OHC+OSC+MKE_evolution_shelf.py:209: RuntimeWarning: Mean of empty slice
  zeta_tmp_ann = np.nanmean(zeta_tmp, axis=0)
/users/boeiradi/COLD_project/postprocessing/waom_notebook/Grid_avg_evolution/WAOM10x4x2extend_shflim_S_0.25Q_OHC+OSC+MKE_evolution_shelf.py:235: RuntimeWarning: Mean of empty slice
  z_rho_tmp_ann = np.nanmean(z_rho_tmp, axis=0)
/users/boeiradi/COLD_project/postprocessing/waom_notebook/Grid_avg_evolution/WAOM10x4x2extend_shflim_S_0.25Q_OHC+OSC+MKE_evolution_shelf.py:239: RuntimeWarning: Mean of empty slice
  z_w_tmp_ann = np.nanmean(z_w_tmp, axis=0)
/users/boeiradi/COLD_project/postprocessing/waom_notebook/Grid_avg_evolution/WAOM10x4x2extend_shflim_S_0.25Q_OHC+OSC+MKE_evolution_shelf.py:207: RuntimeWarning: Mean of empty slice
  temp_tmp_ann = np.nanmean(temp_tmp, axis=0)
/users/boeiradi/COLD_project/postprocessing/waom_notebook/Grid_avg_evolution/WAOM10x4x2extend_shflim_S_0.25Q_OHC+OSC+MKE_evolution_shelf.py:208: RuntimeWarning: Mean of empty slice
  salt_tmp_ann = np.nanmean(salt_tmp, axis=0)
/users/boeiradi/COLD_project/postprocessing/waom_notebook/Grid_avg_evolution/WAOM10x4x2extend_shflim_S_0.25Q_OHC+OSC+MKE_evolution_shelf.py:209: RuntimeWarning: Mean of empty slice
  zeta_tmp_ann = np.nanmean(zeta_tmp, axis=0)
/users/boeiradi/COLD_project/postprocessing/waom_notebook/Grid_avg_evolution/WAOM10x4x2extend_shflim_S_0.25Q_OHC+OSC+MKE_evolution_shelf.py:235: RuntimeWarning: Mean of empty slice
  z_rho_tmp_ann = np.nanmean(z_rho_tmp, axis=0)
/users/boeiradi/COLD_project/postprocessing/waom_notebook/Grid_avg_evolution/WAOM10x4x2extend_shflim_S_0.25Q_OHC+OSC+MKE_evolution_shelf.py:239: RuntimeWarning: Mean of empty slice
  z_w_tmp_ann = np.nanmean(z_w_tmp, axis=0)
/users/boeiradi/COLD_project/postprocessing/waom_notebook/Grid_avg_evolution/WAOM10x4x2extend_shflim_S_0.25Q_OHC+OSC+MKE_evolution_shelf.py:207: RuntimeWarning: Mean of empty slice
  temp_tmp_ann = np.nanmean(temp_tmp, axis=0)
/users/boeiradi/COLD_project/postprocessing/waom_notebook/Grid_avg_evolution/WAOM10x4x2extend_shflim_S_0.25Q_OHC+OSC+MKE_evolution_shelf.py:208: RuntimeWarning: Mean of empty slice
  salt_tmp_ann = np.nanmean(salt_tmp, axis=0)
/users/boeiradi/COLD_project/postprocessing/waom_notebook/Grid_avg_evolution/WAOM10x4x2extend_shflim_S_0.25Q_OHC+OSC+MKE_evolution_shelf.py:209: RuntimeWarning: Mean of empty slice
  zeta_tmp_ann = np.nanmean(zeta_tmp, axis=0)
/users/boeiradi/COLD_project/postprocessing/waom_notebook/Grid_avg_evolution/WAOM10x4x2extend_shflim_S_0.25Q_OHC+OSC+MKE_evolution_shelf.py:235: RuntimeWarning: Mean of empty slice
  z_rho_tmp_ann = np.nanmean(z_rho_tmp, axis=0)
/users/boeiradi/COLD_project/postprocessing/waom_notebook/Grid_avg_evolution/WAOM10x4x2extend_shflim_S_0.25Q_OHC+OSC+MKE_evolution_shelf.py:239: RuntimeWarning: Mean of empty slice
  z_w_tmp_ann = np.nanmean(z_w_tmp, axis=0)
size temp and time length:  (12, 31, 560, 630) 12
size temp_tmp_ann =  (31, 560, 630)
Size MKE_tmp (559, 629)
Vtransform=2
Annual temp and annual tmp temp sizes =  (31, 560, 630) (31, 560, 630)
Annual z_w and annual tmp z_w sizes =  (560, 630, 32) (560, 630, 32)
size temp and time length:  (12, 31, 560, 630) 12
size temp_tmp_ann =  (31, 560, 630)
Size MKE_tmp (559, 629)
Vtransform=2
Annual temp and annual tmp temp sizes =  (2, 31, 560, 630) (31, 560, 630)
Annual z_w and annual tmp z_w sizes =  (2, 560, 630, 32) (560, 630, 32)
size temp and time length:  (12, 31, 560, 630) 12
size temp_tmp_ann =  (31, 560, 630)
Size MKE_tmp (559, 629)
Vtransform=2
Annual temp and annual tmp temp sizes =  (3, 31, 560, 630) (31, 560, 630)
Annual z_w and annual tmp z_w sizes =  (3, 560, 630, 32) (560, 630, 32)
size temp and time length:  (12, 31, 560, 630) 12
size temp_tmp_ann =  (31, 560, 630)
Size MKE_tmp (559, 629)
Vtransform=2
Annual temp and annual tmp temp sizes =  (4, 31, 560, 630) (31, 560, 630)
Annual z_w and annual tmp z_w sizes =  (4, 560, 630, 32) (560, 630, 32)
size temp and time length:  (12, 31, 560, 630) 12
size temp_tmp_ann =  (31, 560, 630)
Size MKE_tmp (559, 629)
Vtransform=2
Annual temp and annual tmp temp sizes =  (5, 31, 560, 630) (31, 560, 630)
Annual z_w and annual tmp z_w sizes =  (5, 560, 630, 32) (560, 630, 32)
size temp and time length:  (12, 31, 560, 630) 12
size temp_tmp_ann =  (31, 560, 630)
Size MKE_tmp (559, 629)
Vtransform=2
Annual temp and annual tmp temp sizes =  (6, 31, 560, 630) (31, 560, 630)
Annual z_w and annual tmp z_w sizes =  (6, 560, 630, 32) (560, 630, 32)
size temp and time length:  (12, 31, 560, 630) 12
size temp_tmp_ann =  (31, 560, 630)
Size MKE_tmp (559, 629)
Vtransform=2
Annual temp and annual tmp temp sizes =  (7, 31, 560, 630) (31, 560, 630)
Annual z_w and annual tmp z_w sizes =  (7, 560, 630, 32) (560, 630, 32)
size temp and time length:  (12, 31, 560, 630) 12
size temp_tmp_ann =  (31, 560, 630)
Size MKE_tmp (559, 629)
Vtransform=2
Annual temp and annual tmp temp sizes =  (8, 31, 560, 630) (31, 560, 630)
Annual z_w and annual tmp z_w sizes =  (8, 560, 630, 32) (560, 630, 32)
size temp and time length:  (12, 31, 560, 630) 12
size temp_tmp_ann =  (31, 560, 630)
Size MKE_tmp (559, 629)
Vtransform=2
Annual temp and annual tmp temp sizes =  (9, 31, 560, 630) (31, 560, 630)
Annual z_w and annual tmp z_w sizes =  (9, 560, 630, 32) (560, 630, 32)
size temp and time length:  (12, 31, 560, 630) 12
size temp_tmp_ann =  (31, 560, 630)
Size MKE_tmp (559, 629)
Vtransform=2
Annual temp and annual tmp temp sizes =  (10, 31, 560, 630) (31, 560, 630)
Annual z_w and annual tmp z_w sizes =  (10, 560, 630, 32) (560, 630, 32)
size temp and time length:  (12, 31, 560, 630) 12
size temp_tmp_ann =  (31, 560, 630)
Size MKE_tmp (559, 629)
Vtransform=2
Annual temp and annual tmp temp sizes =  (11, 31, 560, 630) (31, 560, 630)
Annual z_w and annual tmp z_w sizes =  (11, 560, 630, 32) (560, 630, 32)
size temp and time length:  (12, 31, 560, 630) 12
size temp_tmp_ann =  (31, 560, 630)
Size MKE_tmp (559, 629)
Vtransform=2
Annual temp and annual tmp temp sizes =  (12, 31, 560, 630) (31, 560, 630)
Annual z_w and annual tmp z_w sizes =  (12, 560, 630, 32) (560, 630, 32)
size temp and time length:  (12, 31, 560, 630) 12
size temp_tmp_ann =  (31, 560, 630)
Size MKE_tmp (559, 629)
Vtransform=2
Annual temp and annual tmp temp sizes =  (13, 31, 560, 630) (31, 560, 630)
Annual z_w and annual tmp z_w sizes =  (13, 560, 630, 32) (560, 630, 32)
size temp and time length:  (12, 31, 560, 630) 12
size temp_tmp_ann =  (31, 560, 630)
Size MKE_tmp (559, 629)
Vtransform=2
Annual temp and annual tmp temp sizes =  (14, 31, 560, 630) (31, 560, 630)
Annual z_w and annual tmp z_w sizes =  (14, 560, 630, 32) (560, 630, 32)
size temp and time length:  (12, 31, 560, 630) 12
size temp_tmp_ann =  (31, 560, 630)
Size MKE_tmp (559, 629)
Vtransform=2
Annual temp and annual tmp temp sizes =  (15, 31, 560, 630) (31, 560, 630)
Annual z_w and annual tmp z_w sizes =  (15, 560, 630, 32) (560, 630, 32)
size temp and time length:  (12, 31, 560, 630) 12
size temp_tmp_ann =  (31, 560, 630)
Size MKE_tmp (559, 629)
Vtransform=2
Annual temp and annual tmp temp sizes =  (16, 31, 560, 630) (31, 560, 630)
Annual z_w and annual tmp z_w sizes =  (16, 560, 630, 32) (560, 630, 32)
size temp and time length:  (12, 31, 560, 630) 12
size temp_tmp_ann =  (31, 560, 630)
Size MKE_tmp (559, 629)
Vtransform=2
Annual temp and annual tmp temp sizes =  (17, 31, 560, 630) (31, 560, 630)
Annual z_w and annual tmp z_w sizes =  (17, 560, 630, 32) (560, 630, 32)
size temp and time length:  (12, 31, 560, 630) 12
size temp_tmp_ann =  (31, 560, 630)
Size MKE_tmp (559, 629)
Vtransform=2
Annual temp and annual tmp temp sizes =  (18, 31, 560, 630) (31, 560, 630)
Annual z_w and annual tmp z_w sizes =  (18, 560, 630, 32) (560, 630, 32)
size temp and time length:  (12, 31, 560, 630) 12
size temp_tmp_ann =  (31, 560, 630)
Size MKE_tmp (559, 629)
Vtransform=2
Annual temp and annual tmp temp sizes =  (19, 31, 560, 630) (31, 560, 630)
Annual z_w and annual tmp z_w sizes =  (19, 560, 630, 32) (560, 630, 32)
size temp and time length:  (12, 31, 560, 630) 12
size temp_tmp_ann =  (31, 560, 630)
Size MKE_tmp (559, 629)
Vtransform=2
Annual temp and annual tmp temp sizes =  (20, 31, 560, 630) (31, 560, 630)
Annual z_w and annual tmp z_w sizes =  (20, 560, 630, 32) (560, 630, 32)
Annual temp, salt, z_w, z_rho, MKE sizes =  (20, 31, 560, 630) (20, 31, 560, 630) (20, 560, 630, 32) (20, 560, 630, 31) (20, 559, 629)
size dz =  (20, 560, 630, 31)
size ohc_ann, ohc_dz, ohc_vertint =  (20, 31, 560, 630) (20, 31, 560, 630) (20, 560, 630)
size area =  (560, 630)
size temp and time length:  (12, 31, 1400, 1575) 12
size temp_tmp_ann =  (31, 1400, 1575)
Sizes of cor, dzeta_dy, dzeta_dx =  (1399, 1574) (1399, 1574) (1399, 1574)
Size MKE_mavg (1399, 1574)
Vtransform=2
Annual temp and annual tmp temp sizes =  (31, 1400, 1575) (31, 1400, 1575)
Annual z_w and annual tmp z_w sizes =  (1400, 1575, 32) (1400, 1575, 32)
size temp and time length:  (12, 31, 1400, 1575) 12
size temp_tmp_ann =  (31, 1400, 1575)
Sizes of cor, dzeta_dy, dzeta_dx =  (1399, 1574) (1399, 1574) (1399, 1574)
Size MKE_mavg (1399, 1574)
Vtransform=2
Annual temp and annual tmp temp sizes =  (2, 31, 1400, 1575) (31, 1400, 1575)
Annual z_w and annual tmp z_w sizes =  (2, 1400, 1575, 32) (1400, 1575, 32)
size temp and time length:  (12, 31, 1400, 1575) 12
size temp_tmp_ann =  (31, 1400, 1575)
Sizes of cor, dzeta_dy, dzeta_dx =  (1399, 1574) (1399, 1574) (1399, 1574)
Size MKE_mavg (1399, 1574)
Vtransform=2
Annual temp and annual tmp temp sizes =  (3, 31, 1400, 1575) (31, 1400, 1575)
Annual z_w and annual tmp z_w sizes =  (3, 1400, 1575, 32) (1400, 1575, 32)
size temp and time length:  (12, 31, 1400, 1575) 12
size temp_tmp_ann =  (31, 1400, 1575)
Sizes of cor, dzeta_dy, dzeta_dx =  (1399, 1574) (1399, 1574) (1399, 1574)
Size MKE_mavg (1399, 1574)
Vtransform=2
Annual temp and annual tmp temp sizes =  (4, 31, 1400, 1575) (31, 1400, 1575)
Annual z_w and annual tmp z_w sizes =  (4, 1400, 1575, 32) (1400, 1575, 32)
size temp and time length:  (12, 31, 1400, 1575) 12
size temp_tmp_ann =  (31, 1400, 1575)
Sizes of cor, dzeta_dy, dzeta_dx =  (1399, 1574) (1399, 1574) (1399, 1574)
Size MKE_mavg (1399, 1574)
Vtransform=2
Annual temp and annual tmp temp sizes =  (5, 31, 1400, 1575) (31, 1400, 1575)
Annual z_w and annual tmp z_w sizes =  (5, 1400, 1575, 32) (1400, 1575, 32)
size temp and time length:  (12, 31, 1400, 1575) 12
size temp_tmp_ann =  (31, 1400, 1575)
Sizes of cor, dzeta_dy, dzeta_dx =  (1399, 1574) (1399, 1574) (1399, 1574)
Size MKE_mavg (1399, 1574)
Vtransform=2
Annual temp and annual tmp temp sizes =  (6, 31, 1400, 1575) (31, 1400, 1575)
Annual z_w and annual tmp z_w sizes =  (6, 1400, 1575, 32) (1400, 1575, 32)
size temp and time length:  (12, 31, 1400, 1575) 12
size temp_tmp_ann =  (31, 1400, 1575)
Sizes of cor, dzeta_dy, dzeta_dx =  (1399, 1574) (1399, 1574) (1399, 1574)
Size MKE_mavg (1399, 1574)
Vtransform=2
Annual temp and annual tmp temp sizes =  (7, 31, 1400, 1575) (31, 1400, 1575)
Annual z_w and annual tmp z_w sizes =  (7, 1400, 1575, 32) (1400, 1575, 32)
size temp and time length:  (12, 31, 1400, 1575) 12
size temp_tmp_ann =  (31, 1400, 1575)
Sizes of cor, dzeta_dy, dzeta_dx =  (1399, 1574) (1399, 1574) (1399, 1574)
Size MKE_mavg (1399, 1574)
Vtransform=2
Annual temp and annual tmp temp sizes =  (8, 31, 1400, 1575) (31, 1400, 1575)
Annual z_w and annual tmp z_w sizes =  (8, 1400, 1575, 32) (1400, 1575, 32)
size temp and time length:  (12, 31, 1400, 1575) 12
size temp_tmp_ann =  (31, 1400, 1575)
Sizes of cor, dzeta_dy, dzeta_dx =  (1399, 1574) (1399, 1574) (1399, 1574)
Size MKE_mavg (1399, 1574)
Vtransform=2
Annual temp and annual tmp temp sizes =  (9, 31, 1400, 1575) (31, 1400, 1575)
Annual z_w and annual tmp z_w sizes =  (9, 1400, 1575, 32) (1400, 1575, 32)
size temp and time length:  (12, 31, 1400, 1575) 12
size temp_tmp_ann =  (31, 1400, 1575)
Sizes of cor, dzeta_dy, dzeta_dx =  (1399, 1574) (1399, 1574) (1399, 1574)
Size MKE_mavg (1399, 1574)
Vtransform=2
Annual temp and annual tmp temp sizes =  (10, 31, 1400, 1575) (31, 1400, 1575)
Annual z_w and annual tmp z_w sizes =  (10, 1400, 1575, 32) (1400, 1575, 32)
Annual temp, salt, z_w, z_rho sizes =  (10, 31, 1400, 1575) (10, 31, 1400, 1575) (10, 1400, 1575, 32) (10, 1400, 1575, 31)
size dz =  (10, 1400, 1575, 31)
size ohc_ann, ohc_dz, ohc_vertint =  (10, 31, 1400, 1575) (10, 31, 1400, 1575) (10, 1400, 1575)
size area =  (1400, 1575)
size temp and time length:  (6, 31, 2800, 3150) 6
size temp_tmp_ann =  (31, 2800, 3150)
Sizes of cor, dzeta_dy, dzeta_dx =  (1399, 1574) (2799, 3149) (2799, 3149)
/users/boeiradi/COLD_project/postprocessing/waom_notebook/Grid_avg_evolution/WAOM10x4x2extend_shflim_S_0.25Q_OHC+OSC+MKE_evolution_shelf.py:207: RuntimeWarning: Mean of empty slice
  temp_tmp_ann = np.nanmean(temp_tmp, axis=0)
/users/boeiradi/COLD_project/postprocessing/waom_notebook/Grid_avg_evolution/WAOM10x4x2extend_shflim_S_0.25Q_OHC+OSC+MKE_evolution_shelf.py:208: RuntimeWarning: Mean of empty slice
  salt_tmp_ann = np.nanmean(salt_tmp, axis=0)
/users/boeiradi/COLD_project/postprocessing/waom_notebook/Grid_avg_evolution/WAOM10x4x2extend_shflim_S_0.25Q_OHC+OSC+MKE_evolution_shelf.py:209: RuntimeWarning: Mean of empty slice
  zeta_tmp_ann = np.nanmean(zeta_tmp, axis=0)
/users/boeiradi/COLD_project/postprocessing/waom_notebook/Grid_avg_evolution/WAOM10x4x2extend_shflim_S_0.25Q_OHC+OSC+MKE_evolution_shelf.py:235: RuntimeWarning: Mean of empty slice
  z_rho_tmp_ann = np.nanmean(z_rho_tmp, axis=0)
/users/boeiradi/COLD_project/postprocessing/waom_notebook/Grid_avg_evolution/WAOM10x4x2extend_shflim_S_0.25Q_OHC+OSC+MKE_evolution_shelf.py:239: RuntimeWarning: Mean of empty slice
  z_w_tmp_ann = np.nanmean(z_w_tmp, axis=0)
/users/boeiradi/COLD_project/postprocessing/waom_notebook/Grid_avg_evolution/WAOM10x4x2extend_shflim_S_0.25Q_OHC+OSC+MKE_evolution_shelf.py:207: RuntimeWarning: Mean of empty slice
  temp_tmp_ann = np.nanmean(temp_tmp, axis=0)
/users/boeiradi/COLD_project/postprocessing/waom_notebook/Grid_avg_evolution/WAOM10x4x2extend_shflim_S_0.25Q_OHC+OSC+MKE_evolution_shelf.py:208: RuntimeWarning: Mean of empty slice
  salt_tmp_ann = np.nanmean(salt_tmp, axis=0)
/users/boeiradi/COLD_project/postprocessing/waom_notebook/Grid_avg_evolution/WAOM10x4x2extend_shflim_S_0.25Q_OHC+OSC+MKE_evolution_shelf.py:209: RuntimeWarning: Mean of empty slice
  zeta_tmp_ann = np.nanmean(zeta_tmp, axis=0)
/users/boeiradi/COLD_project/postprocessing/waom_notebook/Grid_avg_evolution/WAOM10x4x2extend_shflim_S_0.25Q_OHC+OSC+MKE_evolution_shelf.py:235: RuntimeWarning: Mean of empty slice
  z_rho_tmp_ann = np.nanmean(z_rho_tmp, axis=0)
/users/boeiradi/COLD_project/postprocessing/waom_notebook/Grid_avg_evolution/WAOM10x4x2extend_shflim_S_0.25Q_OHC+OSC+MKE_evolution_shelf.py:239: RuntimeWarning: Mean of empty slice
  z_w_tmp_ann = np.nanmean(z_w_tmp, axis=0)
/users/boeiradi/COLD_project/postprocessing/waom_notebook/Grid_avg_evolution/WAOM10x4x2extend_shflim_S_0.25Q_OHC+OSC+MKE_evolution_shelf.py:207: RuntimeWarning: Mean of empty slice
  temp_tmp_ann = np.nanmean(temp_tmp, axis=0)
/users/boeiradi/COLD_project/postprocessing/waom_notebook/Grid_avg_evolution/WAOM10x4x2extend_shflim_S_0.25Q_OHC+OSC+MKE_evolution_shelf.py:208: RuntimeWarning: Mean of empty slice
  salt_tmp_ann = np.nanmean(salt_tmp, axis=0)
/users/boeiradi/COLD_project/postprocessing/waom_notebook/Grid_avg_evolution/WAOM10x4x2extend_shflim_S_0.25Q_OHC+OSC+MKE_evolution_shelf.py:209: RuntimeWarning: Mean of empty slice
  zeta_tmp_ann = np.nanmean(zeta_tmp, axis=0)
/users/boeiradi/COLD_project/postprocessing/waom_notebook/Grid_avg_evolution/WAOM10x4x2extend_shflim_S_0.25Q_OHC+OSC+MKE_evolution_shelf.py:235: RuntimeWarning: Mean of empty slice
  z_rho_tmp_ann = np.nanmean(z_rho_tmp, axis=0)
/users/boeiradi/COLD_project/postprocessing/waom_notebook/Grid_avg_evolution/WAOM10x4x2extend_shflim_S_0.25Q_OHC+OSC+MKE_evolution_shelf.py:239: RuntimeWarning: Mean of empty slice
  z_w_tmp_ann = np.nanmean(z_w_tmp, axis=0)
/users/boeiradi/COLD_project/postprocessing/waom_notebook/Grid_avg_evolution/WAOM10x4x2extend_shflim_S_0.25Q_OHC+OSC+MKE_evolution_shelf.py:207: RuntimeWarning: Mean of empty slice
  temp_tmp_ann = np.nanmean(temp_tmp, axis=0)
/users/boeiradi/COLD_project/postprocessing/waom_notebook/Grid_avg_evolution/WAOM10x4x2extend_shflim_S_0.25Q_OHC+OSC+MKE_evolution_shelf.py:208: RuntimeWarning: Mean of empty slice
  salt_tmp_ann = np.nanmean(salt_tmp, axis=0)
/users/boeiradi/COLD_project/postprocessing/waom_notebook/Grid_avg_evolution/WAOM10x4x2extend_shflim_S_0.25Q_OHC+OSC+MKE_evolution_shelf.py:209: RuntimeWarning: Mean of empty slice
  zeta_tmp_ann = np.nanmean(zeta_tmp, axis=0)
/users/boeiradi/COLD_project/postprocessing/waom_notebook/Grid_avg_evolution/WAOM10x4x2extend_shflim_S_0.25Q_OHC+OSC+MKE_evolution_shelf.py:235: RuntimeWarning: Mean of empty slice
  z_rho_tmp_ann = np.nanmean(z_rho_tmp, axis=0)
/users/boeiradi/COLD_project/postprocessing/waom_notebook/Grid_avg_evolution/WAOM10x4x2extend_shflim_S_0.25Q_OHC+OSC+MKE_evolution_shelf.py:239: RuntimeWarning: Mean of empty slice
  z_w_tmp_ann = np.nanmean(z_w_tmp, axis=0)
/users/boeiradi/COLD_project/postprocessing/waom_notebook/Grid_avg_evolution/WAOM10x4x2extend_shflim_S_0.25Q_OHC+OSC+MKE_evolution_shelf.py:207: RuntimeWarning: Mean of empty slice
  temp_tmp_ann = np.nanmean(temp_tmp, axis=0)
/users/boeiradi/COLD_project/postprocessing/waom_notebook/Grid_avg_evolution/WAOM10x4x2extend_shflim_S_0.25Q_OHC+OSC+MKE_evolution_shelf.py:208: RuntimeWarning: Mean of empty slice
  salt_tmp_ann = np.nanmean(salt_tmp, axis=0)
/users/boeiradi/COLD_project/postprocessing/waom_notebook/Grid_avg_evolution/WAOM10x4x2extend_shflim_S_0.25Q_OHC+OSC+MKE_evolution_shelf.py:209: RuntimeWarning: Mean of empty slice
  zeta_tmp_ann = np.nanmean(zeta_tmp, axis=0)
/users/boeiradi/COLD_project/postprocessing/waom_notebook/Grid_avg_evolution/WAOM10x4x2extend_shflim_S_0.25Q_OHC+OSC+MKE_evolution_shelf.py:235: RuntimeWarning: Mean of empty slice
  z_rho_tmp_ann = np.nanmean(z_rho_tmp, axis=0)
/users/boeiradi/COLD_project/postprocessing/waom_notebook/Grid_avg_evolution/WAOM10x4x2extend_shflim_S_0.25Q_OHC+OSC+MKE_evolution_shelf.py:239: RuntimeWarning: Mean of empty slice
  z_w_tmp_ann = np.nanmean(z_w_tmp, axis=0)
/users/boeiradi/COLD_project/postprocessing/waom_notebook/Grid_avg_evolution/WAOM10x4x2extend_shflim_S_0.25Q_OHC+OSC+MKE_evolution_shelf.py:340: RuntimeWarning: Mean of empty slice
  SST_havg_shelf[tt] = np.nanmean(np.nanmean((temp_ann[tt,-1,:,:]*mask_shelf), axis=1),axis=0)
/users/boeiradi/COLD_project/postprocessing/waom_notebook/Grid_avg_evolution/WAOM10x4x2extend_shflim_S_0.25Q_OHC+OSC+MKE_evolution_shelf.py:341: RuntimeWarning: Mean of empty slice
  SSS_havg_shelf[tt] = np.nanmean(np.nanmean((salt_ann[tt,-1,:,:]*mask_shelf), axis=1),axis=0)
/users/boeiradi/COLD_project/postprocessing/waom_notebook/Grid_avg_evolution/WAOM10x4x2extend_shflim_S_0.25Q_OHC+OSC+MKE_evolution_shelf.py:353: RuntimeWarning: Mean of empty slice
  temp_tmp_ann = np.nanmean(temp_tmp, axis=0)
/users/boeiradi/COLD_project/postprocessing/waom_notebook/Grid_avg_evolution/WAOM10x4x2extend_shflim_S_0.25Q_OHC+OSC+MKE_evolution_shelf.py:354: RuntimeWarning: Mean of empty slice
  salt_tmp_ann = np.nanmean(salt_tmp, axis=0)
/users/boeiradi/COLD_project/postprocessing/waom_notebook/Grid_avg_evolution/WAOM10x4x2extend_shflim_S_0.25Q_OHC+OSC+MKE_evolution_shelf.py:355: RuntimeWarning: Mean of empty slice
  zeta_tmp_ann = np.nanmean(zeta_tmp, axis=0)
Traceback (most recent call last):
  File "/users/boeiradi/COLD_project/postprocessing/waom_notebook/Grid_avg_evolution/WAOM10x4x2extend_shflim_S_0.25Q_OHC+OSC+MKE_evolution_shelf.py", line 525, in <module>
    E2_SST_havg_shelf, E2_SSS_havg_shelf, E2_ohc_hintn_shelf, E2_salt_hintn_shelf, E2_MKE_havg_shelf = read_roms_ts_2km(path_ECCO2_2km)
  File "/users/boeiradi/COLD_project/postprocessing/waom_notebook/Grid_avg_evolution/WAOM10x4x2extend_shflim_S_0.25Q_OHC+OSC+MKE_evolution_shelf.py", line 365, in read_roms_ts_2km
    ugeo_mavg = -g/cor*dzeta_dy[:,0:-1]
  File "/scratch/project_2000339/boeiradi/anaconda3/lib/python3.7/site-packages/xarray/core/_typed_ops.py", line 402, in __mul__
    return self._binary_op(other, operator.mul)
  File "/scratch/project_2000339/boeiradi/anaconda3/lib/python3.7/site-packages/xarray/core/variable.py", line 2409, in _binary_op
    f(self_data, other_data) if not reflexive else f(other_data, self_data)
ValueError: operands could not be broadcast together with shapes (1399,1574) (2799,3149) 
srun: error: r14c19: task 0: Exited with exit code 1
srun: launch/slurm: _step_signal: Terminating StepId=10158962.0
