/users/boeiradi/COLD_project/postprocessing/waom_notebook/Grid_avg_evolution/WAOM10x4x2extend_shflim_S_0.25Q_OHC+OSC_evolution_shelf.py:55: RuntimeWarning: Mean of empty slice
  temp_tmp_ann = np.nanmean(temp_tmp, axis=0)
/users/boeiradi/COLD_project/postprocessing/waom_notebook/Grid_avg_evolution/WAOM10x4x2extend_shflim_S_0.25Q_OHC+OSC_evolution_shelf.py:56: RuntimeWarning: Mean of empty slice
  salt_tmp_ann = np.nanmean(salt_tmp, axis=0)
/users/boeiradi/COLD_project/postprocessing/waom_notebook/Grid_avg_evolution/WAOM10x4x2extend_shflim_S_0.25Q_OHC+OSC_evolution_shelf.py:69: RuntimeWarning: Mean of empty slice
  z_rho_tmp_ann = np.nanmean(z_rho_tmp, axis=0)
/users/boeiradi/COLD_project/postprocessing/waom_notebook/Grid_avg_evolution/WAOM10x4x2extend_shflim_S_0.25Q_OHC+OSC_evolution_shelf.py:73: RuntimeWarning: Mean of empty slice
  z_w_tmp_ann = np.nanmean(z_w_tmp, axis=0)
/users/boeiradi/COLD_project/postprocessing/waom_notebook/Grid_avg_evolution/WAOM10x4x2extend_shflim_S_0.25Q_OHC+OSC_evolution_shelf.py:55: RuntimeWarning: Mean of empty slice
  temp_tmp_ann = np.nanmean(temp_tmp, axis=0)
/users/boeiradi/COLD_project/postprocessing/waom_notebook/Grid_avg_evolution/WAOM10x4x2extend_shflim_S_0.25Q_OHC+OSC_evolution_shelf.py:56: RuntimeWarning: Mean of empty slice
  salt_tmp_ann = np.nanmean(salt_tmp, axis=0)
/users/boeiradi/COLD_project/postprocessing/waom_notebook/Grid_avg_evolution/WAOM10x4x2extend_shflim_S_0.25Q_OHC+OSC_evolution_shelf.py:69: RuntimeWarning: Mean of empty slice
  z_rho_tmp_ann = np.nanmean(z_rho_tmp, axis=0)
/users/boeiradi/COLD_project/postprocessing/waom_notebook/Grid_avg_evolution/WAOM10x4x2extend_shflim_S_0.25Q_OHC+OSC_evolution_shelf.py:73: RuntimeWarning: Mean of empty slice
  z_w_tmp_ann = np.nanmean(z_w_tmp, axis=0)
/users/boeiradi/COLD_project/postprocessing/waom_notebook/Grid_avg_evolution/WAOM10x4x2extend_shflim_S_0.25Q_OHC+OSC_evolution_shelf.py:55: RuntimeWarning: Mean of empty slice
  temp_tmp_ann = np.nanmean(temp_tmp, axis=0)
/users/boeiradi/COLD_project/postprocessing/waom_notebook/Grid_avg_evolution/WAOM10x4x2extend_shflim_S_0.25Q_OHC+OSC_evolution_shelf.py:56: RuntimeWarning: Mean of empty slice
  salt_tmp_ann = np.nanmean(salt_tmp, axis=0)
/users/boeiradi/COLD_project/postprocessing/waom_notebook/Grid_avg_evolution/WAOM10x4x2extend_shflim_S_0.25Q_OHC+OSC_evolution_shelf.py:69: RuntimeWarning: Mean of empty slice
  z_rho_tmp_ann = np.nanmean(z_rho_tmp, axis=0)
/users/boeiradi/COLD_project/postprocessing/waom_notebook/Grid_avg_evolution/WAOM10x4x2extend_shflim_S_0.25Q_OHC+OSC_evolution_shelf.py:73: RuntimeWarning: Mean of empty slice
  z_w_tmp_ann = np.nanmean(z_w_tmp, axis=0)
/users/boeiradi/COLD_project/postprocessing/waom_notebook/Grid_avg_evolution/WAOM10x4x2extend_shflim_S_0.25Q_OHC+OSC_evolution_shelf.py:55: RuntimeWarning: Mean of empty slice
  temp_tmp_ann = np.nanmean(temp_tmp, axis=0)
/users/boeiradi/COLD_project/postprocessing/waom_notebook/Grid_avg_evolution/WAOM10x4x2extend_shflim_S_0.25Q_OHC+OSC_evolution_shelf.py:56: RuntimeWarning: Mean of empty slice
  salt_tmp_ann = np.nanmean(salt_tmp, axis=0)
/users/boeiradi/COLD_project/postprocessing/waom_notebook/Grid_avg_evolution/WAOM10x4x2extend_shflim_S_0.25Q_OHC+OSC_evolution_shelf.py:69: RuntimeWarning: Mean of empty slice
  z_rho_tmp_ann = np.nanmean(z_rho_tmp, axis=0)
/users/boeiradi/COLD_project/postprocessing/waom_notebook/Grid_avg_evolution/WAOM10x4x2extend_shflim_S_0.25Q_OHC+OSC_evolution_shelf.py:73: RuntimeWarning: Mean of empty slice
  z_w_tmp_ann = np.nanmean(z_w_tmp, axis=0)
/users/boeiradi/COLD_project/postprocessing/waom_notebook/Grid_avg_evolution/WAOM10x4x2extend_shflim_S_0.25Q_OHC+OSC_evolution_shelf.py:55: RuntimeWarning: Mean of empty slice
  temp_tmp_ann = np.nanmean(temp_tmp, axis=0)
/users/boeiradi/COLD_project/postprocessing/waom_notebook/Grid_avg_evolution/WAOM10x4x2extend_shflim_S_0.25Q_OHC+OSC_evolution_shelf.py:56: RuntimeWarning: Mean of empty slice
  salt_tmp_ann = np.nanmean(salt_tmp, axis=0)
/users/boeiradi/COLD_project/postprocessing/waom_notebook/Grid_avg_evolution/WAOM10x4x2extend_shflim_S_0.25Q_OHC+OSC_evolution_shelf.py:69: RuntimeWarning: Mean of empty slice
  z_rho_tmp_ann = np.nanmean(z_rho_tmp, axis=0)
/users/boeiradi/COLD_project/postprocessing/waom_notebook/Grid_avg_evolution/WAOM10x4x2extend_shflim_S_0.25Q_OHC+OSC_evolution_shelf.py:73: RuntimeWarning: Mean of empty slice
  z_w_tmp_ann = np.nanmean(z_w_tmp, axis=0)
/users/boeiradi/COLD_project/postprocessing/waom_notebook/Grid_avg_evolution/WAOM10x4x2extend_shflim_S_0.25Q_OHC+OSC_evolution_shelf.py:55: RuntimeWarning: Mean of empty slice
  temp_tmp_ann = np.nanmean(temp_tmp, axis=0)
/users/boeiradi/COLD_project/postprocessing/waom_notebook/Grid_avg_evolution/WAOM10x4x2extend_shflim_S_0.25Q_OHC+OSC_evolution_shelf.py:56: RuntimeWarning: Mean of empty slice
  salt_tmp_ann = np.nanmean(salt_tmp, axis=0)
/users/boeiradi/COLD_project/postprocessing/waom_notebook/Grid_avg_evolution/WAOM10x4x2extend_shflim_S_0.25Q_OHC+OSC_evolution_shelf.py:69: RuntimeWarning: Mean of empty slice
  z_rho_tmp_ann = np.nanmean(z_rho_tmp, axis=0)
/users/boeiradi/COLD_project/postprocessing/waom_notebook/Grid_avg_evolution/WAOM10x4x2extend_shflim_S_0.25Q_OHC+OSC_evolution_shelf.py:73: RuntimeWarning: Mean of empty slice
  z_w_tmp_ann = np.nanmean(z_w_tmp, axis=0)
/users/boeiradi/COLD_project/postprocessing/waom_notebook/Grid_avg_evolution/WAOM10x4x2extend_shflim_S_0.25Q_OHC+OSC_evolution_shelf.py:55: RuntimeWarning: Mean of empty slice
  temp_tmp_ann = np.nanmean(temp_tmp, axis=0)
/users/boeiradi/COLD_project/postprocessing/waom_notebook/Grid_avg_evolution/WAOM10x4x2extend_shflim_S_0.25Q_OHC+OSC_evolution_shelf.py:56: RuntimeWarning: Mean of empty slice
  salt_tmp_ann = np.nanmean(salt_tmp, axis=0)
/users/boeiradi/COLD_project/postprocessing/waom_notebook/Grid_avg_evolution/WAOM10x4x2extend_shflim_S_0.25Q_OHC+OSC_evolution_shelf.py:69: RuntimeWarning: Mean of empty slice
  z_rho_tmp_ann = np.nanmean(z_rho_tmp, axis=0)
/users/boeiradi/COLD_project/postprocessing/waom_notebook/Grid_avg_evolution/WAOM10x4x2extend_shflim_S_0.25Q_OHC+OSC_evolution_shelf.py:73: RuntimeWarning: Mean of empty slice
  z_w_tmp_ann = np.nanmean(z_w_tmp, axis=0)
/users/boeiradi/COLD_project/postprocessing/waom_notebook/Grid_avg_evolution/WAOM10x4x2extend_shflim_S_0.25Q_OHC+OSC_evolution_shelf.py:55: RuntimeWarning: Mean of empty slice
  temp_tmp_ann = np.nanmean(temp_tmp, axis=0)
/users/boeiradi/COLD_project/postprocessing/waom_notebook/Grid_avg_evolution/WAOM10x4x2extend_shflim_S_0.25Q_OHC+OSC_evolution_shelf.py:56: RuntimeWarning: Mean of empty slice
  salt_tmp_ann = np.nanmean(salt_tmp, axis=0)
/users/boeiradi/COLD_project/postprocessing/waom_notebook/Grid_avg_evolution/WAOM10x4x2extend_shflim_S_0.25Q_OHC+OSC_evolution_shelf.py:69: RuntimeWarning: Mean of empty slice
  z_rho_tmp_ann = np.nanmean(z_rho_tmp, axis=0)
/users/boeiradi/COLD_project/postprocessing/waom_notebook/Grid_avg_evolution/WAOM10x4x2extend_shflim_S_0.25Q_OHC+OSC_evolution_shelf.py:73: RuntimeWarning: Mean of empty slice
  z_w_tmp_ann = np.nanmean(z_w_tmp, axis=0)
/users/boeiradi/COLD_project/postprocessing/waom_notebook/Grid_avg_evolution/WAOM10x4x2extend_shflim_S_0.25Q_OHC+OSC_evolution_shelf.py:55: RuntimeWarning: Mean of empty slice
  temp_tmp_ann = np.nanmean(temp_tmp, axis=0)
/users/boeiradi/COLD_project/postprocessing/waom_notebook/Grid_avg_evolution/WAOM10x4x2extend_shflim_S_0.25Q_OHC+OSC_evolution_shelf.py:56: RuntimeWarning: Mean of empty slice
  salt_tmp_ann = np.nanmean(salt_tmp, axis=0)
/users/boeiradi/COLD_project/postprocessing/waom_notebook/Grid_avg_evolution/WAOM10x4x2extend_shflim_S_0.25Q_OHC+OSC_evolution_shelf.py:69: RuntimeWarning: Mean of empty slice
  z_rho_tmp_ann = np.nanmean(z_rho_tmp, axis=0)
/users/boeiradi/COLD_project/postprocessing/waom_notebook/Grid_avg_evolution/WAOM10x4x2extend_shflim_S_0.25Q_OHC+OSC_evolution_shelf.py:73: RuntimeWarning: Mean of empty slice
  z_w_tmp_ann = np.nanmean(z_w_tmp, axis=0)
/users/boeiradi/COLD_project/postprocessing/waom_notebook/Grid_avg_evolution/WAOM10x4x2extend_shflim_S_0.25Q_OHC+OSC_evolution_shelf.py:55: RuntimeWarning: Mean of empty slice
  temp_tmp_ann = np.nanmean(temp_tmp, axis=0)
/users/boeiradi/COLD_project/postprocessing/waom_notebook/Grid_avg_evolution/WAOM10x4x2extend_shflim_S_0.25Q_OHC+OSC_evolution_shelf.py:56: RuntimeWarning: Mean of empty slice
  salt_tmp_ann = np.nanmean(salt_tmp, axis=0)
/users/boeiradi/COLD_project/postprocessing/waom_notebook/Grid_avg_evolution/WAOM10x4x2extend_shflim_S_0.25Q_OHC+OSC_evolution_shelf.py:69: RuntimeWarning: Mean of empty slice
  z_rho_tmp_ann = np.nanmean(z_rho_tmp, axis=0)
/users/boeiradi/COLD_project/postprocessing/waom_notebook/Grid_avg_evolution/WAOM10x4x2extend_shflim_S_0.25Q_OHC+OSC_evolution_shelf.py:73: RuntimeWarning: Mean of empty slice
  z_w_tmp_ann = np.nanmean(z_w_tmp, axis=0)
/users/boeiradi/COLD_project/postprocessing/waom_notebook/Grid_avg_evolution/WAOM10x4x2extend_shflim_S_0.25Q_OHC+OSC_evolution_shelf.py:55: RuntimeWarning: Mean of empty slice
  temp_tmp_ann = np.nanmean(temp_tmp, axis=0)
/users/boeiradi/COLD_project/postprocessing/waom_notebook/Grid_avg_evolution/WAOM10x4x2extend_shflim_S_0.25Q_OHC+OSC_evolution_shelf.py:56: RuntimeWarning: Mean of empty slice
  salt_tmp_ann = np.nanmean(salt_tmp, axis=0)
/users/boeiradi/COLD_project/postprocessing/waom_notebook/Grid_avg_evolution/WAOM10x4x2extend_shflim_S_0.25Q_OHC+OSC_evolution_shelf.py:69: RuntimeWarning: Mean of empty slice
  z_rho_tmp_ann = np.nanmean(z_rho_tmp, axis=0)
/users/boeiradi/COLD_project/postprocessing/waom_notebook/Grid_avg_evolution/WAOM10x4x2extend_shflim_S_0.25Q_OHC+OSC_evolution_shelf.py:73: RuntimeWarning: Mean of empty slice
  z_w_tmp_ann = np.nanmean(z_w_tmp, axis=0)
/users/boeiradi/COLD_project/postprocessing/waom_notebook/Grid_avg_evolution/WAOM10x4x2extend_shflim_S_0.25Q_OHC+OSC_evolution_shelf.py:55: RuntimeWarning: Mean of empty slice
  temp_tmp_ann = np.nanmean(temp_tmp, axis=0)
/users/boeiradi/COLD_project/postprocessing/waom_notebook/Grid_avg_evolution/WAOM10x4x2extend_shflim_S_0.25Q_OHC+OSC_evolution_shelf.py:56: RuntimeWarning: Mean of empty slice
  salt_tmp_ann = np.nanmean(salt_tmp, axis=0)
/users/boeiradi/COLD_project/postprocessing/waom_notebook/Grid_avg_evolution/WAOM10x4x2extend_shflim_S_0.25Q_OHC+OSC_evolution_shelf.py:69: RuntimeWarning: Mean of empty slice
  z_rho_tmp_ann = np.nanmean(z_rho_tmp, axis=0)
/users/boeiradi/COLD_project/postprocessing/waom_notebook/Grid_avg_evolution/WAOM10x4x2extend_shflim_S_0.25Q_OHC+OSC_evolution_shelf.py:73: RuntimeWarning: Mean of empty slice
  z_w_tmp_ann = np.nanmean(z_w_tmp, axis=0)
/users/boeiradi/COLD_project/postprocessing/waom_notebook/Grid_avg_evolution/WAOM10x4x2extend_shflim_S_0.25Q_OHC+OSC_evolution_shelf.py:55: RuntimeWarning: Mean of empty slice
  temp_tmp_ann = np.nanmean(temp_tmp, axis=0)
/users/boeiradi/COLD_project/postprocessing/waom_notebook/Grid_avg_evolution/WAOM10x4x2extend_shflim_S_0.25Q_OHC+OSC_evolution_shelf.py:56: RuntimeWarning: Mean of empty slice
  salt_tmp_ann = np.nanmean(salt_tmp, axis=0)
/users/boeiradi/COLD_project/postprocessing/waom_notebook/Grid_avg_evolution/WAOM10x4x2extend_shflim_S_0.25Q_OHC+OSC_evolution_shelf.py:69: RuntimeWarning: Mean of empty slice
  z_rho_tmp_ann = np.nanmean(z_rho_tmp, axis=0)
/users/boeiradi/COLD_project/postprocessing/waom_notebook/Grid_avg_evolution/WAOM10x4x2extend_shflim_S_0.25Q_OHC+OSC_evolution_shelf.py:73: RuntimeWarning: Mean of empty slice
  z_w_tmp_ann = np.nanmean(z_w_tmp, axis=0)
/users/boeiradi/COLD_project/postprocessing/waom_notebook/Grid_avg_evolution/WAOM10x4x2extend_shflim_S_0.25Q_OHC+OSC_evolution_shelf.py:55: RuntimeWarning: Mean of empty slice
  temp_tmp_ann = np.nanmean(temp_tmp, axis=0)
/users/boeiradi/COLD_project/postprocessing/waom_notebook/Grid_avg_evolution/WAOM10x4x2extend_shflim_S_0.25Q_OHC+OSC_evolution_shelf.py:56: RuntimeWarning: Mean of empty slice
  salt_tmp_ann = np.nanmean(salt_tmp, axis=0)
/users/boeiradi/COLD_project/postprocessing/waom_notebook/Grid_avg_evolution/WAOM10x4x2extend_shflim_S_0.25Q_OHC+OSC_evolution_shelf.py:69: RuntimeWarning: Mean of empty slice
  z_rho_tmp_ann = np.nanmean(z_rho_tmp, axis=0)
/users/boeiradi/COLD_project/postprocessing/waom_notebook/Grid_avg_evolution/WAOM10x4x2extend_shflim_S_0.25Q_OHC+OSC_evolution_shelf.py:73: RuntimeWarning: Mean of empty slice
  z_w_tmp_ann = np.nanmean(z_w_tmp, axis=0)
/users/boeiradi/COLD_project/postprocessing/waom_notebook/Grid_avg_evolution/WAOM10x4x2extend_shflim_S_0.25Q_OHC+OSC_evolution_shelf.py:55: RuntimeWarning: Mean of empty slice
  temp_tmp_ann = np.nanmean(temp_tmp, axis=0)
/users/boeiradi/COLD_project/postprocessing/waom_notebook/Grid_avg_evolution/WAOM10x4x2extend_shflim_S_0.25Q_OHC+OSC_evolution_shelf.py:56: RuntimeWarning: Mean of empty slice
  salt_tmp_ann = np.nanmean(salt_tmp, axis=0)
/users/boeiradi/COLD_project/postprocessing/waom_notebook/Grid_avg_evolution/WAOM10x4x2extend_shflim_S_0.25Q_OHC+OSC_evolution_shelf.py:69: RuntimeWarning: Mean of empty slice
  z_rho_tmp_ann = np.nanmean(z_rho_tmp, axis=0)
/users/boeiradi/COLD_project/postprocessing/waom_notebook/Grid_avg_evolution/WAOM10x4x2extend_shflim_S_0.25Q_OHC+OSC_evolution_shelf.py:73: RuntimeWarning: Mean of empty slice
  z_w_tmp_ann = np.nanmean(z_w_tmp, axis=0)
/users/boeiradi/COLD_project/postprocessing/waom_notebook/Grid_avg_evolution/WAOM10x4x2extend_shflim_S_0.25Q_OHC+OSC_evolution_shelf.py:55: RuntimeWarning: Mean of empty slice
  temp_tmp_ann = np.nanmean(temp_tmp, axis=0)
/users/boeiradi/COLD_project/postprocessing/waom_notebook/Grid_avg_evolution/WAOM10x4x2extend_shflim_S_0.25Q_OHC+OSC_evolution_shelf.py:56: RuntimeWarning: Mean of empty slice
  salt_tmp_ann = np.nanmean(salt_tmp, axis=0)
/users/boeiradi/COLD_project/postprocessing/waom_notebook/Grid_avg_evolution/WAOM10x4x2extend_shflim_S_0.25Q_OHC+OSC_evolution_shelf.py:69: RuntimeWarning: Mean of empty slice
  z_rho_tmp_ann = np.nanmean(z_rho_tmp, axis=0)
/users/boeiradi/COLD_project/postprocessing/waom_notebook/Grid_avg_evolution/WAOM10x4x2extend_shflim_S_0.25Q_OHC+OSC_evolution_shelf.py:73: RuntimeWarning: Mean of empty slice
  z_w_tmp_ann = np.nanmean(z_w_tmp, axis=0)
/users/boeiradi/COLD_project/postprocessing/waom_notebook/Grid_avg_evolution/WAOM10x4x2extend_shflim_S_0.25Q_OHC+OSC_evolution_shelf.py:55: RuntimeWarning: Mean of empty slice
  temp_tmp_ann = np.nanmean(temp_tmp, axis=0)
/users/boeiradi/COLD_project/postprocessing/waom_notebook/Grid_avg_evolution/WAOM10x4x2extend_shflim_S_0.25Q_OHC+OSC_evolution_shelf.py:56: RuntimeWarning: Mean of empty slice
  salt_tmp_ann = np.nanmean(salt_tmp, axis=0)
/users/boeiradi/COLD_project/postprocessing/waom_notebook/Grid_avg_evolution/WAOM10x4x2extend_shflim_S_0.25Q_OHC+OSC_evolution_shelf.py:69: RuntimeWarning: Mean of empty slice
  z_rho_tmp_ann = np.nanmean(z_rho_tmp, axis=0)
/users/boeiradi/COLD_project/postprocessing/waom_notebook/Grid_avg_evolution/WAOM10x4x2extend_shflim_S_0.25Q_OHC+OSC_evolution_shelf.py:73: RuntimeWarning: Mean of empty slice
  z_w_tmp_ann = np.nanmean(z_w_tmp, axis=0)
/users/boeiradi/COLD_project/postprocessing/waom_notebook/Grid_avg_evolution/WAOM10x4x2extend_shflim_S_0.25Q_OHC+OSC_evolution_shelf.py:55: RuntimeWarning: Mean of empty slice
  temp_tmp_ann = np.nanmean(temp_tmp, axis=0)
/users/boeiradi/COLD_project/postprocessing/waom_notebook/Grid_avg_evolution/WAOM10x4x2extend_shflim_S_0.25Q_OHC+OSC_evolution_shelf.py:56: RuntimeWarning: Mean of empty slice
  salt_tmp_ann = np.nanmean(salt_tmp, axis=0)
/users/boeiradi/COLD_project/postprocessing/waom_notebook/Grid_avg_evolution/WAOM10x4x2extend_shflim_S_0.25Q_OHC+OSC_evolution_shelf.py:69: RuntimeWarning: Mean of empty slice
  z_rho_tmp_ann = np.nanmean(z_rho_tmp, axis=0)
/users/boeiradi/COLD_project/postprocessing/waom_notebook/Grid_avg_evolution/WAOM10x4x2extend_shflim_S_0.25Q_OHC+OSC_evolution_shelf.py:73: RuntimeWarning: Mean of empty slice
  z_w_tmp_ann = np.nanmean(z_w_tmp, axis=0)
/users/boeiradi/COLD_project/postprocessing/waom_notebook/Grid_avg_evolution/WAOM10x4x2extend_shflim_S_0.25Q_OHC+OSC_evolution_shelf.py:55: RuntimeWarning: Mean of empty slice
  temp_tmp_ann = np.nanmean(temp_tmp, axis=0)
/users/boeiradi/COLD_project/postprocessing/waom_notebook/Grid_avg_evolution/WAOM10x4x2extend_shflim_S_0.25Q_OHC+OSC_evolution_shelf.py:56: RuntimeWarning: Mean of empty slice
  salt_tmp_ann = np.nanmean(salt_tmp, axis=0)
/users/boeiradi/COLD_project/postprocessing/waom_notebook/Grid_avg_evolution/WAOM10x4x2extend_shflim_S_0.25Q_OHC+OSC_evolution_shelf.py:69: RuntimeWarning: Mean of empty slice
  z_rho_tmp_ann = np.nanmean(z_rho_tmp, axis=0)
/users/boeiradi/COLD_project/postprocessing/waom_notebook/Grid_avg_evolution/WAOM10x4x2extend_shflim_S_0.25Q_OHC+OSC_evolution_shelf.py:73: RuntimeWarning: Mean of empty slice
  z_w_tmp_ann = np.nanmean(z_w_tmp, axis=0)
/users/boeiradi/COLD_project/postprocessing/waom_notebook/Grid_avg_evolution/WAOM10x4x2extend_shflim_S_0.25Q_OHC+OSC_evolution_shelf.py:55: RuntimeWarning: Mean of empty slice
  temp_tmp_ann = np.nanmean(temp_tmp, axis=0)
/users/boeiradi/COLD_project/postprocessing/waom_notebook/Grid_avg_evolution/WAOM10x4x2extend_shflim_S_0.25Q_OHC+OSC_evolution_shelf.py:56: RuntimeWarning: Mean of empty slice
  salt_tmp_ann = np.nanmean(salt_tmp, axis=0)
/users/boeiradi/COLD_project/postprocessing/waom_notebook/Grid_avg_evolution/WAOM10x4x2extend_shflim_S_0.25Q_OHC+OSC_evolution_shelf.py:69: RuntimeWarning: Mean of empty slice
  z_rho_tmp_ann = np.nanmean(z_rho_tmp, axis=0)
/users/boeiradi/COLD_project/postprocessing/waom_notebook/Grid_avg_evolution/WAOM10x4x2extend_shflim_S_0.25Q_OHC+OSC_evolution_shelf.py:73: RuntimeWarning: Mean of empty slice
  z_w_tmp_ann = np.nanmean(z_w_tmp, axis=0)
/users/boeiradi/COLD_project/postprocessing/waom_notebook/Grid_avg_evolution/WAOM10x4x2extend_shflim_S_0.25Q_OHC+OSC_evolution_shelf.py:168: RuntimeWarning: Mean of empty slice
  SST_havg_shelf[tt] = np.nanmean(np.nanmean((temp_ann[tt,-1,:,:]*mask_shelf), axis=1),axis=0)
/users/boeiradi/COLD_project/postprocessing/waom_notebook/Grid_avg_evolution/WAOM10x4x2extend_shflim_S_0.25Q_OHC+OSC_evolution_shelf.py:169: RuntimeWarning: Mean of empty slice
  SSS_havg_shelf[tt] = np.nanmean(np.nanmean((salt_ann[tt,-1,:,:]*mask_shelf), axis=1),axis=0)
/users/boeiradi/COLD_project/postprocessing/waom_notebook/Grid_avg_evolution/WAOM10x4x2extend_shflim_S_0.25Q_OHC+OSC_evolution_shelf.py:182: RuntimeWarning: Mean of empty slice
  temp_tmp_ann = np.nanmean(temp_tmp, axis=0)
/users/boeiradi/COLD_project/postprocessing/waom_notebook/Grid_avg_evolution/WAOM10x4x2extend_shflim_S_0.25Q_OHC+OSC_evolution_shelf.py:183: RuntimeWarning: Mean of empty slice
  salt_tmp_ann = np.nanmean(salt_tmp, axis=0)
/users/boeiradi/COLD_project/postprocessing/waom_notebook/Grid_avg_evolution/WAOM10x4x2extend_shflim_S_0.25Q_OHC+OSC_evolution_shelf.py:196: RuntimeWarning: Mean of empty slice
  z_rho_tmp_ann = np.nanmean(z_rho_tmp, axis=0)
/users/boeiradi/COLD_project/postprocessing/waom_notebook/Grid_avg_evolution/WAOM10x4x2extend_shflim_S_0.25Q_OHC+OSC_evolution_shelf.py:200: RuntimeWarning: Mean of empty slice
  z_w_tmp_ann = np.nanmean(z_w_tmp, axis=0)
/users/boeiradi/COLD_project/postprocessing/waom_notebook/Grid_avg_evolution/WAOM10x4x2extend_shflim_S_0.25Q_OHC+OSC_evolution_shelf.py:182: RuntimeWarning: Mean of empty slice
  temp_tmp_ann = np.nanmean(temp_tmp, axis=0)
/users/boeiradi/COLD_project/postprocessing/waom_notebook/Grid_avg_evolution/WAOM10x4x2extend_shflim_S_0.25Q_OHC+OSC_evolution_shelf.py:183: RuntimeWarning: Mean of empty slice
  salt_tmp_ann = np.nanmean(salt_tmp, axis=0)
/users/boeiradi/COLD_project/postprocessing/waom_notebook/Grid_avg_evolution/WAOM10x4x2extend_shflim_S_0.25Q_OHC+OSC_evolution_shelf.py:196: RuntimeWarning: Mean of empty slice
  z_rho_tmp_ann = np.nanmean(z_rho_tmp, axis=0)
/users/boeiradi/COLD_project/postprocessing/waom_notebook/Grid_avg_evolution/WAOM10x4x2extend_shflim_S_0.25Q_OHC+OSC_evolution_shelf.py:200: RuntimeWarning: Mean of empty slice
  z_w_tmp_ann = np.nanmean(z_w_tmp, axis=0)
/users/boeiradi/COLD_project/postprocessing/waom_notebook/Grid_avg_evolution/WAOM10x4x2extend_shflim_S_0.25Q_OHC+OSC_evolution_shelf.py:182: RuntimeWarning: Mean of empty slice
  temp_tmp_ann = np.nanmean(temp_tmp, axis=0)
/users/boeiradi/COLD_project/postprocessing/waom_notebook/Grid_avg_evolution/WAOM10x4x2extend_shflim_S_0.25Q_OHC+OSC_evolution_shelf.py:183: RuntimeWarning: Mean of empty slice
  salt_tmp_ann = np.nanmean(salt_tmp, axis=0)
/users/boeiradi/COLD_project/postprocessing/waom_notebook/Grid_avg_evolution/WAOM10x4x2extend_shflim_S_0.25Q_OHC+OSC_evolution_shelf.py:196: RuntimeWarning: Mean of empty slice
  z_rho_tmp_ann = np.nanmean(z_rho_tmp, axis=0)
/users/boeiradi/COLD_project/postprocessing/waom_notebook/Grid_avg_evolution/WAOM10x4x2extend_shflim_S_0.25Q_OHC+OSC_evolution_shelf.py:200: RuntimeWarning: Mean of empty slice
  z_w_tmp_ann = np.nanmean(z_w_tmp, axis=0)
/users/boeiradi/COLD_project/postprocessing/waom_notebook/Grid_avg_evolution/WAOM10x4x2extend_shflim_S_0.25Q_OHC+OSC_evolution_shelf.py:182: RuntimeWarning: Mean of empty slice
  temp_tmp_ann = np.nanmean(temp_tmp, axis=0)
/users/boeiradi/COLD_project/postprocessing/waom_notebook/Grid_avg_evolution/WAOM10x4x2extend_shflim_S_0.25Q_OHC+OSC_evolution_shelf.py:183: RuntimeWarning: Mean of empty slice
  salt_tmp_ann = np.nanmean(salt_tmp, axis=0)
/users/boeiradi/COLD_project/postprocessing/waom_notebook/Grid_avg_evolution/WAOM10x4x2extend_shflim_S_0.25Q_OHC+OSC_evolution_shelf.py:196: RuntimeWarning: Mean of empty slice
  z_rho_tmp_ann = np.nanmean(z_rho_tmp, axis=0)
/users/boeiradi/COLD_project/postprocessing/waom_notebook/Grid_avg_evolution/WAOM10x4x2extend_shflim_S_0.25Q_OHC+OSC_evolution_shelf.py:200: RuntimeWarning: Mean of empty slice
  z_w_tmp_ann = np.nanmean(z_w_tmp, axis=0)
/users/boeiradi/COLD_project/postprocessing/waom_notebook/Grid_avg_evolution/WAOM10x4x2extend_shflim_S_0.25Q_OHC+OSC_evolution_shelf.py:182: RuntimeWarning: Mean of empty slice
  temp_tmp_ann = np.nanmean(temp_tmp, axis=0)
/users/boeiradi/COLD_project/postprocessing/waom_notebook/Grid_avg_evolution/WAOM10x4x2extend_shflim_S_0.25Q_OHC+OSC_evolution_shelf.py:183: RuntimeWarning: Mean of empty slice
  salt_tmp_ann = np.nanmean(salt_tmp, axis=0)
/users/boeiradi/COLD_project/postprocessing/waom_notebook/Grid_avg_evolution/WAOM10x4x2extend_shflim_S_0.25Q_OHC+OSC_evolution_shelf.py:196: RuntimeWarning: Mean of empty slice
  z_rho_tmp_ann = np.nanmean(z_rho_tmp, axis=0)
/users/boeiradi/COLD_project/postprocessing/waom_notebook/Grid_avg_evolution/WAOM10x4x2extend_shflim_S_0.25Q_OHC+OSC_evolution_shelf.py:200: RuntimeWarning: Mean of empty slice
  z_w_tmp_ann = np.nanmean(z_w_tmp, axis=0)
/users/boeiradi/COLD_project/postprocessing/waom_notebook/Grid_avg_evolution/WAOM10x4x2extend_shflim_S_0.25Q_OHC+OSC_evolution_shelf.py:182: RuntimeWarning: Mean of empty slice
  temp_tmp_ann = np.nanmean(temp_tmp, axis=0)
/users/boeiradi/COLD_project/postprocessing/waom_notebook/Grid_avg_evolution/WAOM10x4x2extend_shflim_S_0.25Q_OHC+OSC_evolution_shelf.py:183: RuntimeWarning: Mean of empty slice
  salt_tmp_ann = np.nanmean(salt_tmp, axis=0)
/users/boeiradi/COLD_project/postprocessing/waom_notebook/Grid_avg_evolution/WAOM10x4x2extend_shflim_S_0.25Q_OHC+OSC_evolution_shelf.py:196: RuntimeWarning: Mean of empty slice
  z_rho_tmp_ann = np.nanmean(z_rho_tmp, axis=0)
/users/boeiradi/COLD_project/postprocessing/waom_notebook/Grid_avg_evolution/WAOM10x4x2extend_shflim_S_0.25Q_OHC+OSC_evolution_shelf.py:200: RuntimeWarning: Mean of empty slice
  z_w_tmp_ann = np.nanmean(z_w_tmp, axis=0)
/users/boeiradi/COLD_project/postprocessing/waom_notebook/Grid_avg_evolution/WAOM10x4x2extend_shflim_S_0.25Q_OHC+OSC_evolution_shelf.py:182: RuntimeWarning: Mean of empty slice
  temp_tmp_ann = np.nanmean(temp_tmp, axis=0)
/users/boeiradi/COLD_project/postprocessing/waom_notebook/Grid_avg_evolution/WAOM10x4x2extend_shflim_S_0.25Q_OHC+OSC_evolution_shelf.py:183: RuntimeWarning: Mean of empty slice
  salt_tmp_ann = np.nanmean(salt_tmp, axis=0)
/users/boeiradi/COLD_project/postprocessing/waom_notebook/Grid_avg_evolution/WAOM10x4x2extend_shflim_S_0.25Q_OHC+OSC_evolution_shelf.py:196: RuntimeWarning: Mean of empty slice
  z_rho_tmp_ann = np.nanmean(z_rho_tmp, axis=0)
/users/boeiradi/COLD_project/postprocessing/waom_notebook/Grid_avg_evolution/WAOM10x4x2extend_shflim_S_0.25Q_OHC+OSC_evolution_shelf.py:200: RuntimeWarning: Mean of empty slice
  z_w_tmp_ann = np.nanmean(z_w_tmp, axis=0)
/users/boeiradi/COLD_project/postprocessing/waom_notebook/Grid_avg_evolution/WAOM10x4x2extend_shflim_S_0.25Q_OHC+OSC_evolution_shelf.py:182: RuntimeWarning: Mean of empty slice
  temp_tmp_ann = np.nanmean(temp_tmp, axis=0)
size temp and time length:  (12, 31, 560, 630) 12
size temp_tmp_ann =  (31, 560, 630)
Vtransform=2
Annual temp and annual tmp temp sizes =  (31, 560, 630) (31, 560, 630)
Annual z_w and annual tmp z_w sizes =  (560, 630, 32) (560, 630, 32)
size temp and time length:  (12, 31, 560, 630) 12
size temp_tmp_ann =  (31, 560, 630)
Vtransform=2
Annual temp and annual tmp temp sizes =  (2, 31, 560, 630) (31, 560, 630)
Annual z_w and annual tmp z_w sizes =  (2, 560, 630, 32) (560, 630, 32)
size temp and time length:  (12, 31, 560, 630) 12
size temp_tmp_ann =  (31, 560, 630)
Vtransform=2
Annual temp and annual tmp temp sizes =  (3, 31, 560, 630) (31, 560, 630)
Annual z_w and annual tmp z_w sizes =  (3, 560, 630, 32) (560, 630, 32)
size temp and time length:  (12, 31, 560, 630) 12
size temp_tmp_ann =  (31, 560, 630)
Vtransform=2
Annual temp and annual tmp temp sizes =  (4, 31, 560, 630) (31, 560, 630)
Annual z_w and annual tmp z_w sizes =  (4, 560, 630, 32) (560, 630, 32)
size temp and time length:  (12, 31, 560, 630) 12
size temp_tmp_ann =  (31, 560, 630)
Vtransform=2
Annual temp and annual tmp temp sizes =  (5, 31, 560, 630) (31, 560, 630)
Annual z_w and annual tmp z_w sizes =  (5, 560, 630, 32) (560, 630, 32)
size temp and time length:  (12, 31, 560, 630) 12
size temp_tmp_ann =  (31, 560, 630)
Vtransform=2
Annual temp and annual tmp temp sizes =  (6, 31, 560, 630) (31, 560, 630)
Annual z_w and annual tmp z_w sizes =  (6, 560, 630, 32) (560, 630, 32)
size temp and time length:  (12, 31, 560, 630) 12
size temp_tmp_ann =  (31, 560, 630)
Vtransform=2
Annual temp and annual tmp temp sizes =  (7, 31, 560, 630) (31, 560, 630)
Annual z_w and annual tmp z_w sizes =  (7, 560, 630, 32) (560, 630, 32)
size temp and time length:  (12, 31, 560, 630) 12
size temp_tmp_ann =  (31, 560, 630)
Vtransform=2
Annual temp and annual tmp temp sizes =  (8, 31, 560, 630) (31, 560, 630)
Annual z_w and annual tmp z_w sizes =  (8, 560, 630, 32) (560, 630, 32)
size temp and time length:  (12, 31, 560, 630) 12
size temp_tmp_ann =  (31, 560, 630)
Vtransform=2
Annual temp and annual tmp temp sizes =  (9, 31, 560, 630) (31, 560, 630)
Annual z_w and annual tmp z_w sizes =  (9, 560, 630, 32) (560, 630, 32)
size temp and time length:  (12, 31, 560, 630) 12
size temp_tmp_ann =  (31, 560, 630)
Vtransform=2
Annual temp and annual tmp temp sizes =  (10, 31, 560, 630) (31, 560, 630)
Annual z_w and annual tmp z_w sizes =  (10, 560, 630, 32) (560, 630, 32)
size temp and time length:  (12, 31, 560, 630) 12
size temp_tmp_ann =  (31, 560, 630)
Vtransform=2
Annual temp and annual tmp temp sizes =  (11, 31, 560, 630) (31, 560, 630)
Annual z_w and annual tmp z_w sizes =  (11, 560, 630, 32) (560, 630, 32)
size temp and time length:  (12, 31, 560, 630) 12
size temp_tmp_ann =  (31, 560, 630)
Vtransform=2
Annual temp and annual tmp temp sizes =  (12, 31, 560, 630) (31, 560, 630)
Annual z_w and annual tmp z_w sizes =  (12, 560, 630, 32) (560, 630, 32)
size temp and time length:  (12, 31, 560, 630) 12
size temp_tmp_ann =  (31, 560, 630)
Vtransform=2
Annual temp and annual tmp temp sizes =  (13, 31, 560, 630) (31, 560, 630)
Annual z_w and annual tmp z_w sizes =  (13, 560, 630, 32) (560, 630, 32)
size temp and time length:  (12, 31, 560, 630) 12
size temp_tmp_ann =  (31, 560, 630)
Vtransform=2
Annual temp and annual tmp temp sizes =  (14, 31, 560, 630) (31, 560, 630)
Annual z_w and annual tmp z_w sizes =  (14, 560, 630, 32) (560, 630, 32)
size temp and time length:  (12, 31, 560, 630) 12
size temp_tmp_ann =  (31, 560, 630)
Vtransform=2
Annual temp and annual tmp temp sizes =  (15, 31, 560, 630) (31, 560, 630)
Annual z_w and annual tmp z_w sizes =  (15, 560, 630, 32) (560, 630, 32)
size temp and time length:  (12, 31, 560, 630) 12
size temp_tmp_ann =  (31, 560, 630)
Vtransform=2
Annual temp and annual tmp temp sizes =  (16, 31, 560, 630) (31, 560, 630)
Annual z_w and annual tmp z_w sizes =  (16, 560, 630, 32) (560, 630, 32)
size temp and time length:  (12, 31, 560, 630) 12
size temp_tmp_ann =  (31, 560, 630)
Vtransform=2
Annual temp and annual tmp temp sizes =  (17, 31, 560, 630) (31, 560, 630)
Annual z_w and annual tmp z_w sizes =  (17, 560, 630, 32) (560, 630, 32)
size temp and time length:  (12, 31, 560, 630) 12
size temp_tmp_ann =  (31, 560, 630)
Vtransform=2
Annual temp and annual tmp temp sizes =  (18, 31, 560, 630) (31, 560, 630)
Annual z_w and annual tmp z_w sizes =  (18, 560, 630, 32) (560, 630, 32)
size temp and time length:  (12, 31, 560, 630) 12
size temp_tmp_ann =  (31, 560, 630)
Vtransform=2
Annual temp and annual tmp temp sizes =  (19, 31, 560, 630) (31, 560, 630)
Annual z_w and annual tmp z_w sizes =  (19, 560, 630, 32) (560, 630, 32)
size temp and time length:  (12, 31, 560, 630) 12
size temp_tmp_ann =  (31, 560, 630)
Vtransform=2
Annual temp and annual tmp temp sizes =  (20, 31, 560, 630) (31, 560, 630)
Annual z_w and annual tmp z_w sizes =  (20, 560, 630, 32) (560, 630, 32)
Annual temp, salt, z_w, z_rho sizes =  (20, 31, 560, 630) (20, 31, 560, 630) (20, 560, 630, 32) (20, 560, 630, 31)
size dz =  (20, 560, 630, 31)
size ohc_ann, ohc_dz, ohc_vertint =  (20, 31, 560, 630) (20, 31, 560, 630) (20, 560, 630)
size area =  (560, 630)
size temp and time length:  (12, 31, 1400, 1575) 12
size temp_tmp_ann =  (31, 1400, 1575)
Vtransform=2
Annual temp and annual tmp temp sizes =  (31, 1400, 1575) (31, 1400, 1575)
Annual z_w and annual tmp z_w sizes =  (1400, 1575, 32) (1400, 1575, 32)
size temp and time length:  (12, 31, 1400, 1575) 12
size temp_tmp_ann =  (31, 1400, 1575)
Vtransform=2
Annual temp and annual tmp temp sizes =  (2, 31, 1400, 1575) (31, 1400, 1575)
Annual z_w and annual tmp z_w sizes =  (2, 1400, 1575, 32) (1400, 1575, 32)
size temp and time length:  (12, 31, 1400, 1575) 12
size temp_tmp_ann =  (31, 1400, 1575)
Vtransform=2
Annual temp and annual tmp temp sizes =  (3, 31, 1400, 1575) (31, 1400, 1575)
Annual z_w and annual tmp z_w sizes =  (3, 1400, 1575, 32) (1400, 1575, 32)
size temp and time length:  (12, 31, 1400, 1575) 12
size temp_tmp_ann =  (31, 1400, 1575)
Vtransform=2
Annual temp and annual tmp temp sizes =  (4, 31, 1400, 1575) (31, 1400, 1575)
Annual z_w and annual tmp z_w sizes =  (4, 1400, 1575, 32) (1400, 1575, 32)
size temp and time length:  (12, 31, 1400, 1575) 12
size temp_tmp_ann =  (31, 1400, 1575)
Vtransform=2
Annual temp and annual tmp temp sizes =  (5, 31, 1400, 1575) (31, 1400, 1575)
Annual z_w and annual tmp z_w sizes =  (5, 1400, 1575, 32) (1400, 1575, 32)
size temp and time length:  (12, 31, 1400, 1575) 12
size temp_tmp_ann =  (31, 1400, 1575)
Vtransform=2
Annual temp and annual tmp temp sizes =  (6, 31, 1400, 1575) (31, 1400, 1575)
Annual z_w and annual tmp z_w sizes =  (6, 1400, 1575, 32) (1400, 1575, 32)
size temp and time length:  (12, 31, 1400, 1575) 12
size temp_tmp_ann =  (31, 1400, 1575)
Vtransform=2
Annual temp and annual tmp temp sizes =  (7, 31, 1400, 1575) (31, 1400, 1575)
Annual z_w and annual tmp z_w sizes =  (7, 1400, 1575, 32) (1400, 1575, 32)
size temp and time length:  (12, 31, 1400, 1575) 12
size temp_tmp_ann =  (31, 1400, 1575)
Vtransform=2
Annual temp and annual tmp temp sizes =  (8, 31, 1400, 1575) (31, 1400, 1575)
Annual z_w and annual tmp z_w sizes =  (8, 1400, 1575, 32) (1400, 1575, 32)
size temp and time length:  (12, 31, 1400, 1575) 12
size temp_tmp_ann =  (31, 1400, 1575)
Vtransform=2
Annual temp and annual tmp temp sizes =  (9, 31, 1400, 1575) (31, 1400, 1575)
Annual z_w and annual tmp z_w sizes =  (9, 1400, 1575, 32) (1400, 1575, 32)
size temp and time length:  (12, 31, 1400, 1575) 12
size temp_tmp_ann =  (31, 1400, 1575)
Vtransform=2
Annual temp and annual tmp temp sizes =  (10, 31, 1400, 1575) (31, 1400, 1575)
Annual z_w and annual tmp z_w sizes =  (10, 1400, 1575, 32) (1400, 1575, 32)
Annual temp, salt, z_w, z_rho sizes =  (10, 31, 1400, 1575) (10, 31, 1400, 1575) (10, 1400, 1575, 32) (10, 1400, 1575, 31)
size dz =  (10, 1400, 1575, 31)
size ohc_ann, ohc_dz, ohc_vertint =  (10, 31, 1400, 1575) (10, 31, 1400, 1575) (10, 1400, 1575)
size area =  (1400, 1575)
size temp and time length:  (6, 31, 2800, 3150) 6
size temp_tmp_ann =  (31, 2800, 3150)
Vtransform=2
/users/boeiradi/COLD_project/postprocessing/waom_notebook/Grid_avg_evolution/WAOM10x4x2extend_shflim_S_0.25Q_OHC+OSC_evolution_shelf.py:183: RuntimeWarning: Mean of empty slice
  salt_tmp_ann = np.nanmean(salt_tmp, axis=0)
/users/boeiradi/COLD_project/postprocessing/waom_notebook/Grid_avg_evolution/WAOM10x4x2extend_shflim_S_0.25Q_OHC+OSC_evolution_shelf.py:196: RuntimeWarning: Mean of empty slice
  z_rho_tmp_ann = np.nanmean(z_rho_tmp, axis=0)
/users/boeiradi/COLD_project/postprocessing/waom_notebook/Grid_avg_evolution/WAOM10x4x2extend_shflim_S_0.25Q_OHC+OSC_evolution_shelf.py:200: RuntimeWarning: Mean of empty slice
  z_w_tmp_ann = np.nanmean(z_w_tmp, axis=0)
/users/boeiradi/COLD_project/postprocessing/waom_notebook/Grid_avg_evolution/WAOM10x4x2extend_shflim_S_0.25Q_OHC+OSC_evolution_shelf.py:182: RuntimeWarning: Mean of empty slice
  temp_tmp_ann = np.nanmean(temp_tmp, axis=0)
/users/boeiradi/COLD_project/postprocessing/waom_notebook/Grid_avg_evolution/WAOM10x4x2extend_shflim_S_0.25Q_OHC+OSC_evolution_shelf.py:183: RuntimeWarning: Mean of empty slice
  salt_tmp_ann = np.nanmean(salt_tmp, axis=0)
/users/boeiradi/COLD_project/postprocessing/waom_notebook/Grid_avg_evolution/WAOM10x4x2extend_shflim_S_0.25Q_OHC+OSC_evolution_shelf.py:196: RuntimeWarning: Mean of empty slice
  z_rho_tmp_ann = np.nanmean(z_rho_tmp, axis=0)
/users/boeiradi/COLD_project/postprocessing/waom_notebook/Grid_avg_evolution/WAOM10x4x2extend_shflim_S_0.25Q_OHC+OSC_evolution_shelf.py:200: RuntimeWarning: Mean of empty slice
  z_w_tmp_ann = np.nanmean(z_w_tmp, axis=0)
/users/boeiradi/COLD_project/postprocessing/waom_notebook/Grid_avg_evolution/WAOM10x4x2extend_shflim_S_0.25Q_OHC+OSC_evolution_shelf.py:182: RuntimeWarning: Mean of empty slice
  temp_tmp_ann = np.nanmean(temp_tmp, axis=0)
/users/boeiradi/COLD_project/postprocessing/waom_notebook/Grid_avg_evolution/WAOM10x4x2extend_shflim_S_0.25Q_OHC+OSC_evolution_shelf.py:183: RuntimeWarning: Mean of empty slice
  salt_tmp_ann = np.nanmean(salt_tmp, axis=0)
/users/boeiradi/COLD_project/postprocessing/waom_notebook/Grid_avg_evolution/WAOM10x4x2extend_shflim_S_0.25Q_OHC+OSC_evolution_shelf.py:196: RuntimeWarning: Mean of empty slice
  z_rho_tmp_ann = np.nanmean(z_rho_tmp, axis=0)
/users/boeiradi/COLD_project/postprocessing/waom_notebook/Grid_avg_evolution/WAOM10x4x2extend_shflim_S_0.25Q_OHC+OSC_evolution_shelf.py:200: RuntimeWarning: Mean of empty slice
  z_w_tmp_ann = np.nanmean(z_w_tmp, axis=0)
/users/boeiradi/COLD_project/postprocessing/waom_notebook/Grid_avg_evolution/WAOM10x4x2extend_shflim_S_0.25Q_OHC+OSC_evolution_shelf.py:295: RuntimeWarning: Mean of empty slice
  SST_havg_shelf[tt] = np.nanmean(np.nanmean((temp_ann[tt,-1,:,:]*mask_shelf), axis=1),axis=0)
/users/boeiradi/COLD_project/postprocessing/waom_notebook/Grid_avg_evolution/WAOM10x4x2extend_shflim_S_0.25Q_OHC+OSC_evolution_shelf.py:296: RuntimeWarning: Mean of empty slice
  SSS_havg_shelf[tt] = np.nanmean(np.nanmean((salt_ann[tt,-1,:,:]*mask_shelf), axis=1),axis=0)
/users/boeiradi/COLD_project/postprocessing/waom_notebook/Grid_avg_evolution/WAOM10x4x2extend_shflim_S_0.25Q_OHC+OSC_evolution_shelf.py:308: RuntimeWarning: Mean of empty slice
  temp_tmp_ann = np.nanmean(temp_tmp, axis=0)
/users/boeiradi/COLD_project/postprocessing/waom_notebook/Grid_avg_evolution/WAOM10x4x2extend_shflim_S_0.25Q_OHC+OSC_evolution_shelf.py:309: RuntimeWarning: Mean of empty slice
  salt_tmp_ann = np.nanmean(salt_tmp, axis=0)
/users/boeiradi/COLD_project/postprocessing/waom_notebook/Grid_avg_evolution/WAOM10x4x2extend_shflim_S_0.25Q_OHC+OSC_evolution_shelf.py:322: RuntimeWarning: Mean of empty slice
  z_rho_tmp_ann = np.nanmean(z_rho_tmp, axis=0)
/users/boeiradi/COLD_project/postprocessing/waom_notebook/Grid_avg_evolution/WAOM10x4x2extend_shflim_S_0.25Q_OHC+OSC_evolution_shelf.py:326: RuntimeWarning: Mean of empty slice
  z_w_tmp_ann = np.nanmean(z_w_tmp, axis=0)
/users/boeiradi/COLD_project/postprocessing/waom_notebook/Grid_avg_evolution/WAOM10x4x2extend_shflim_S_0.25Q_OHC+OSC_evolution_shelf.py:308: RuntimeWarning: Mean of empty slice
  temp_tmp_ann = np.nanmean(temp_tmp, axis=0)
/users/boeiradi/COLD_project/postprocessing/waom_notebook/Grid_avg_evolution/WAOM10x4x2extend_shflim_S_0.25Q_OHC+OSC_evolution_shelf.py:309: RuntimeWarning: Mean of empty slice
  salt_tmp_ann = np.nanmean(salt_tmp, axis=0)
/users/boeiradi/COLD_project/postprocessing/waom_notebook/Grid_avg_evolution/WAOM10x4x2extend_shflim_S_0.25Q_OHC+OSC_evolution_shelf.py:322: RuntimeWarning: Mean of empty slice
  z_rho_tmp_ann = np.nanmean(z_rho_tmp, axis=0)
/users/boeiradi/COLD_project/postprocessing/waom_notebook/Grid_avg_evolution/WAOM10x4x2extend_shflim_S_0.25Q_OHC+OSC_evolution_shelf.py:326: RuntimeWarning: Mean of empty slice
  z_w_tmp_ann = np.nanmean(z_w_tmp, axis=0)
/users/boeiradi/COLD_project/postprocessing/waom_notebook/Grid_avg_evolution/WAOM10x4x2extend_shflim_S_0.25Q_OHC+OSC_evolution_shelf.py:335: RuntimeWarning: Mean of empty slice
  temp_ann = np.nanmean(np.stack((temp_ann,np.expand_dims(temp_tmp_ann, axis=0)), axis=0), axis=0)
/users/boeiradi/COLD_project/postprocessing/waom_notebook/Grid_avg_evolution/WAOM10x4x2extend_shflim_S_0.25Q_OHC+OSC_evolution_shelf.py:336: RuntimeWarning: Mean of empty slice
  salt_ann = np.nanmean(np.stack((salt_ann,np.expand_dims(salt_tmp_ann, axis=0)), axis=0), axis=0)
/users/boeiradi/COLD_project/postprocessing/waom_notebook/Grid_avg_evolution/WAOM10x4x2extend_shflim_S_0.25Q_OHC+OSC_evolution_shelf.py:337: RuntimeWarning: Mean of empty slice
  z_w_ann = np.nanmean(np.stack((z_w_ann,np.expand_dims(z_w_tmp_ann, axis=0)), axis=0), axis=0)
/users/boeiradi/COLD_project/postprocessing/waom_notebook/Grid_avg_evolution/WAOM10x4x2extend_shflim_S_0.25Q_OHC+OSC_evolution_shelf.py:338: RuntimeWarning: Mean of empty slice
  z_rho_ann = np.nanmean(np.stack((z_rho_ann,np.expand_dims(z_rho_tmp_ann, axis=0)), axis=0), axis=0)
/users/boeiradi/COLD_project/postprocessing/waom_notebook/Grid_avg_evolution/WAOM10x4x2extend_shflim_S_0.25Q_OHC+OSC_evolution_shelf.py:308: RuntimeWarning: Mean of empty slice
  temp_tmp_ann = np.nanmean(temp_tmp, axis=0)
/users/boeiradi/COLD_project/postprocessing/waom_notebook/Grid_avg_evolution/WAOM10x4x2extend_shflim_S_0.25Q_OHC+OSC_evolution_shelf.py:309: RuntimeWarning: Mean of empty slice
  salt_tmp_ann = np.nanmean(salt_tmp, axis=0)
/users/boeiradi/COLD_project/postprocessing/waom_notebook/Grid_avg_evolution/WAOM10x4x2extend_shflim_S_0.25Q_OHC+OSC_evolution_shelf.py:322: RuntimeWarning: Mean of empty slice
  z_rho_tmp_ann = np.nanmean(z_rho_tmp, axis=0)
/users/boeiradi/COLD_project/postprocessing/waom_notebook/Grid_avg_evolution/WAOM10x4x2extend_shflim_S_0.25Q_OHC+OSC_evolution_shelf.py:326: RuntimeWarning: Mean of empty slice
  z_w_tmp_ann = np.nanmean(z_w_tmp, axis=0)
/users/boeiradi/COLD_project/postprocessing/waom_notebook/Grid_avg_evolution/WAOM10x4x2extend_shflim_S_0.25Q_OHC+OSC_evolution_shelf.py:308: RuntimeWarning: Mean of empty slice
  temp_tmp_ann = np.nanmean(temp_tmp, axis=0)
/users/boeiradi/COLD_project/postprocessing/waom_notebook/Grid_avg_evolution/WAOM10x4x2extend_shflim_S_0.25Q_OHC+OSC_evolution_shelf.py:309: RuntimeWarning: Mean of empty slice
  salt_tmp_ann = np.nanmean(salt_tmp, axis=0)
/users/boeiradi/COLD_project/postprocessing/waom_notebook/Grid_avg_evolution/WAOM10x4x2extend_shflim_S_0.25Q_OHC+OSC_evolution_shelf.py:322: RuntimeWarning: Mean of empty slice
  z_rho_tmp_ann = np.nanmean(z_rho_tmp, axis=0)
/users/boeiradi/COLD_project/postprocessing/waom_notebook/Grid_avg_evolution/WAOM10x4x2extend_shflim_S_0.25Q_OHC+OSC_evolution_shelf.py:326: RuntimeWarning: Mean of empty slice
  z_w_tmp_ann = np.nanmean(z_w_tmp, axis=0)
/users/boeiradi/COLD_project/postprocessing/waom_notebook/Grid_avg_evolution/WAOM10x4x2extend_shflim_S_0.25Q_OHC+OSC_evolution_shelf.py:348: RuntimeWarning: Mean of empty slice
  temp_tmp_ann_4thdim = np.nanmean(np.stack((temp_tmp_a_4thdim,temp_tmp_b_4thdim), axis=0), axis=0)
/users/boeiradi/COLD_project/postprocessing/waom_notebook/Grid_avg_evolution/WAOM10x4x2extend_shflim_S_0.25Q_OHC+OSC_evolution_shelf.py:354: RuntimeWarning: Mean of empty slice
  salt_tmp_ann_4thdim = np.nanmean(np.stack((salt_tmp_a_4thdim,salt_tmp_b_4thdim), axis=0), axis=0)
/users/boeiradi/COLD_project/postprocessing/waom_notebook/Grid_avg_evolution/WAOM10x4x2extend_shflim_S_0.25Q_OHC+OSC_evolution_shelf.py:359: RuntimeWarning: Mean of empty slice
  z_w_tmp_ann_4thdim = np.nanmean(np.stack((z_w_tmp_a_4thdim,z_w_tmp_b_4thdim), axis=0), axis=0)
/users/boeiradi/COLD_project/postprocessing/waom_notebook/Grid_avg_evolution/WAOM10x4x2extend_shflim_S_0.25Q_OHC+OSC_evolution_shelf.py:364: RuntimeWarning: Mean of empty slice
  z_rho_tmp_ann_4thdim = np.nanmean(np.stack((z_rho_tmp_a_4thdim,z_rho_tmp_b_4thdim), axis=0), axis=0)
/users/boeiradi/COLD_project/postprocessing/waom_notebook/Grid_avg_evolution/WAOM10x4x2extend_shflim_S_0.25Q_OHC+OSC_evolution_shelf.py:308: RuntimeWarning: Mean of empty slice
  temp_tmp_ann = np.nanmean(temp_tmp, axis=0)
/users/boeiradi/COLD_project/postprocessing/waom_notebook/Grid_avg_evolution/WAOM10x4x2extend_shflim_S_0.25Q_OHC+OSC_evolution_shelf.py:309: RuntimeWarning: Mean of empty slice
  salt_tmp_ann = np.nanmean(salt_tmp, axis=0)
/users/boeiradi/COLD_project/postprocessing/waom_notebook/Grid_avg_evolution/WAOM10x4x2extend_shflim_S_0.25Q_OHC+OSC_evolution_shelf.py:322: RuntimeWarning: Mean of empty slice
  z_rho_tmp_ann = np.nanmean(z_rho_tmp, axis=0)
/users/boeiradi/COLD_project/postprocessing/waom_notebook/Grid_avg_evolution/WAOM10x4x2extend_shflim_S_0.25Q_OHC+OSC_evolution_shelf.py:326: RuntimeWarning: Mean of empty slice
  z_w_tmp_ann = np.nanmean(z_w_tmp, axis=0)
/users/boeiradi/COLD_project/postprocessing/waom_notebook/Grid_avg_evolution/WAOM10x4x2extend_shflim_S_0.25Q_OHC+OSC_evolution_shelf.py:308: RuntimeWarning: Mean of empty slice
  temp_tmp_ann = np.nanmean(temp_tmp, axis=0)
/users/boeiradi/COLD_project/postprocessing/waom_notebook/Grid_avg_evolution/WAOM10x4x2extend_shflim_S_0.25Q_OHC+OSC_evolution_shelf.py:309: RuntimeWarning: Mean of empty slice
  salt_tmp_ann = np.nanmean(salt_tmp, axis=0)
/users/boeiradi/COLD_project/postprocessing/waom_notebook/Grid_avg_evolution/WAOM10x4x2extend_shflim_S_0.25Q_OHC+OSC_evolution_shelf.py:322: RuntimeWarning: Mean of empty slice
  z_rho_tmp_ann = np.nanmean(z_rho_tmp, axis=0)
/users/boeiradi/COLD_project/postprocessing/waom_notebook/Grid_avg_evolution/WAOM10x4x2extend_shflim_S_0.25Q_OHC+OSC_evolution_shelf.py:326: RuntimeWarning: Mean of empty slice
  z_w_tmp_ann = np.nanmean(z_w_tmp, axis=0)
/users/boeiradi/COLD_project/postprocessing/waom_notebook/Grid_avg_evolution/WAOM10x4x2extend_shflim_S_0.25Q_OHC+OSC_evolution_shelf.py:348: RuntimeWarning: Mean of empty slice
  temp_tmp_ann_4thdim = np.nanmean(np.stack((temp_tmp_a_4thdim,temp_tmp_b_4thdim), axis=0), axis=0)
/users/boeiradi/COLD_project/postprocessing/waom_notebook/Grid_avg_evolution/WAOM10x4x2extend_shflim_S_0.25Q_OHC+OSC_evolution_shelf.py:354: RuntimeWarning: Mean of empty slice
  salt_tmp_ann_4thdim = np.nanmean(np.stack((salt_tmp_a_4thdim,salt_tmp_b_4thdim), axis=0), axis=0)
/users/boeiradi/COLD_project/postprocessing/waom_notebook/Grid_avg_evolution/WAOM10x4x2extend_shflim_S_0.25Q_OHC+OSC_evolution_shelf.py:359: RuntimeWarning: Mean of empty slice
  z_w_tmp_ann_4thdim = np.nanmean(np.stack((z_w_tmp_a_4thdim,z_w_tmp_b_4thdim), axis=0), axis=0)
/users/boeiradi/COLD_project/postprocessing/waom_notebook/Grid_avg_evolution/WAOM10x4x2extend_shflim_S_0.25Q_OHC+OSC_evolution_shelf.py:364: RuntimeWarning: Mean of empty slice
  z_rho_tmp_ann_4thdim = np.nanmean(np.stack((z_rho_tmp_a_4thdim,z_rho_tmp_b_4thdim), axis=0), axis=0)
/users/boeiradi/COLD_project/postprocessing/waom_notebook/Grid_avg_evolution/WAOM10x4x2extend_shflim_S_0.25Q_OHC+OSC_evolution_shelf.py:308: RuntimeWarning: Mean of empty slice
  temp_tmp_ann = np.nanmean(temp_tmp, axis=0)
/users/boeiradi/COLD_project/postprocessing/waom_notebook/Grid_avg_evolution/WAOM10x4x2extend_shflim_S_0.25Q_OHC+OSC_evolution_shelf.py:309: RuntimeWarning: Mean of empty slice
  salt_tmp_ann = np.nanmean(salt_tmp, axis=0)
/users/boeiradi/COLD_project/postprocessing/waom_notebook/Grid_avg_evolution/WAOM10x4x2extend_shflim_S_0.25Q_OHC+OSC_evolution_shelf.py:322: RuntimeWarning: Mean of empty slice
  z_rho_tmp_ann = np.nanmean(z_rho_tmp, axis=0)
/users/boeiradi/COLD_project/postprocessing/waom_notebook/Grid_avg_evolution/WAOM10x4x2extend_shflim_S_0.25Q_OHC+OSC_evolution_shelf.py:326: RuntimeWarning: Mean of empty slice
  z_w_tmp_ann = np.nanmean(z_w_tmp, axis=0)
/users/boeiradi/COLD_project/postprocessing/waom_notebook/Grid_avg_evolution/WAOM10x4x2extend_shflim_S_0.25Q_OHC+OSC_evolution_shelf.py:308: RuntimeWarning: Mean of empty slice
  temp_tmp_ann = np.nanmean(temp_tmp, axis=0)
/users/boeiradi/COLD_project/postprocessing/waom_notebook/Grid_avg_evolution/WAOM10x4x2extend_shflim_S_0.25Q_OHC+OSC_evolution_shelf.py:309: RuntimeWarning: Mean of empty slice
  salt_tmp_ann = np.nanmean(salt_tmp, axis=0)
/users/boeiradi/COLD_project/postprocessing/waom_notebook/Grid_avg_evolution/WAOM10x4x2extend_shflim_S_0.25Q_OHC+OSC_evolution_shelf.py:322: RuntimeWarning: Mean of empty slice
  z_rho_tmp_ann = np.nanmean(z_rho_tmp, axis=0)
/users/boeiradi/COLD_project/postprocessing/waom_notebook/Grid_avg_evolution/WAOM10x4x2extend_shflim_S_0.25Q_OHC+OSC_evolution_shelf.py:326: RuntimeWarning: Mean of empty slice
  z_w_tmp_ann = np.nanmean(z_w_tmp, axis=0)
/users/boeiradi/COLD_project/postprocessing/waom_notebook/Grid_avg_evolution/WAOM10x4x2extend_shflim_S_0.25Q_OHC+OSC_evolution_shelf.py:348: RuntimeWarning: Mean of empty slice
  temp_tmp_ann_4thdim = np.nanmean(np.stack((temp_tmp_a_4thdim,temp_tmp_b_4thdim), axis=0), axis=0)
/users/boeiradi/COLD_project/postprocessing/waom_notebook/Grid_avg_evolution/WAOM10x4x2extend_shflim_S_0.25Q_OHC+OSC_evolution_shelf.py:354: RuntimeWarning: Mean of empty slice
  salt_tmp_ann_4thdim = np.nanmean(np.stack((salt_tmp_a_4thdim,salt_tmp_b_4thdim), axis=0), axis=0)
/users/boeiradi/COLD_project/postprocessing/waom_notebook/Grid_avg_evolution/WAOM10x4x2extend_shflim_S_0.25Q_OHC+OSC_evolution_shelf.py:359: RuntimeWarning: Mean of empty slice
  z_w_tmp_ann_4thdim = np.nanmean(np.stack((z_w_tmp_a_4thdim,z_w_tmp_b_4thdim), axis=0), axis=0)
/users/boeiradi/COLD_project/postprocessing/waom_notebook/Grid_avg_evolution/WAOM10x4x2extend_shflim_S_0.25Q_OHC+OSC_evolution_shelf.py:364: RuntimeWarning: Mean of empty slice
  z_rho_tmp_ann_4thdim = np.nanmean(np.stack((z_rho_tmp_a_4thdim,z_rho_tmp_b_4thdim), axis=0), axis=0)
/users/boeiradi/COLD_project/postprocessing/waom_notebook/Grid_avg_evolution/WAOM10x4x2extend_shflim_S_0.25Q_OHC+OSC_evolution_shelf.py:308: RuntimeWarning: Mean of empty slice
  temp_tmp_ann = np.nanmean(temp_tmp, axis=0)
/users/boeiradi/COLD_project/postprocessing/waom_notebook/Grid_avg_evolution/WAOM10x4x2extend_shflim_S_0.25Q_OHC+OSC_evolution_shelf.py:309: RuntimeWarning: Mean of empty slice
  salt_tmp_ann = np.nanmean(salt_tmp, axis=0)
/users/boeiradi/COLD_project/postprocessing/waom_notebook/Grid_avg_evolution/WAOM10x4x2extend_shflim_S_0.25Q_OHC+OSC_evolution_shelf.py:322: RuntimeWarning: Mean of empty slice
  z_rho_tmp_ann = np.nanmean(z_rho_tmp, axis=0)
/users/boeiradi/COLD_project/postprocessing/waom_notebook/Grid_avg_evolution/WAOM10x4x2extend_shflim_S_0.25Q_OHC+OSC_evolution_shelf.py:326: RuntimeWarning: Mean of empty slice
  z_w_tmp_ann = np.nanmean(z_w_tmp, axis=0)
/users/boeiradi/COLD_project/postprocessing/waom_notebook/Grid_avg_evolution/WAOM10x4x2extend_shflim_S_0.25Q_OHC+OSC_evolution_shelf.py:308: RuntimeWarning: Mean of empty slice
  temp_tmp_ann = np.nanmean(temp_tmp, axis=0)
/users/boeiradi/COLD_project/postprocessing/waom_notebook/Grid_avg_evolution/WAOM10x4x2extend_shflim_S_0.25Q_OHC+OSC_evolution_shelf.py:309: RuntimeWarning: Mean of empty slice
  salt_tmp_ann = np.nanmean(salt_tmp, axis=0)
/users/boeiradi/COLD_project/postprocessing/waom_notebook/Grid_avg_evolution/WAOM10x4x2extend_shflim_S_0.25Q_OHC+OSC_evolution_shelf.py:322: RuntimeWarning: Mean of empty slice
  z_rho_tmp_ann = np.nanmean(z_rho_tmp, axis=0)
/users/boeiradi/COLD_project/postprocessing/waom_notebook/Grid_avg_evolution/WAOM10x4x2extend_shflim_S_0.25Q_OHC+OSC_evolution_shelf.py:326: RuntimeWarning: Mean of empty slice
  z_w_tmp_ann = np.nanmean(z_w_tmp, axis=0)
/users/boeiradi/COLD_project/postprocessing/waom_notebook/Grid_avg_evolution/WAOM10x4x2extend_shflim_S_0.25Q_OHC+OSC_evolution_shelf.py:348: RuntimeWarning: Mean of empty slice
  temp_tmp_ann_4thdim = np.nanmean(np.stack((temp_tmp_a_4thdim,temp_tmp_b_4thdim), axis=0), axis=0)
Annual temp and annual tmp temp sizes =  (1, 31, 2800, 3150) (31, 2800, 3150)
Annual z_w and annual tmp z_w sizes =  (1, 2800, 3150, 32) (2800, 3150, 32)
size temp and time length:  (6, 31, 2800, 3150) 6
size temp_tmp_ann =  (31, 2800, 3150)
Vtransform=2
Annual temp and annual tmp temp sizes =  (1, 31, 2800, 3150) (31, 2800, 3150)
Annual z_w and annual tmp z_w sizes =  (1, 2800, 3150, 32) (2800, 3150, 32)
size temp and time length:  (6, 31, 2800, 3150) 6
size temp_tmp_ann =  (31, 2800, 3150)
Vtransform=2
Annual temp and annual tmp temp sizes =  (1, 31, 2800, 3150) (31, 2800, 3150)
Annual z_w and annual tmp z_w sizes =  (1, 2800, 3150, 32) (2800, 3150, 32)
size temp and time length:  (6, 31, 2800, 3150) 6
size temp_tmp_ann =  (31, 2800, 3150)
Vtransform=2
array sizes before concatenating (files 03/05/07 + 04/06/08): (1, 31, 2800, 3150) (1, 31, 2800, 3150)
(1, 31, 2800, 3150) (1, 31, 2800, 3150)
Annual temp and annual tmp temp sizes =  (2, 31, 2800, 3150) (31, 2800, 3150)
Annual z_w and annual tmp z_w sizes =  (2, 2800, 3150, 32) (2800, 3150, 32)
size temp and time length:  (6, 31, 2800, 3150) 6
size temp_tmp_ann =  (31, 2800, 3150)
Vtransform=2
Annual temp and annual tmp temp sizes =  (2, 31, 2800, 3150) (31, 2800, 3150)
Annual z_w and annual tmp z_w sizes =  (2, 2800, 3150, 32) (2800, 3150, 32)
size temp and time length:  (6, 31, 2800, 3150) 6
size temp_tmp_ann =  (31, 2800, 3150)
Vtransform=2
array sizes before concatenating (files 03/05/07 + 04/06/08): (1, 31, 2800, 3150) (1, 31, 2800, 3150)
(2, 31, 2800, 3150) (1, 31, 2800, 3150)
Annual temp and annual tmp temp sizes =  (3, 31, 2800, 3150) (31, 2800, 3150)
Annual z_w and annual tmp z_w sizes =  (3, 2800, 3150, 32) (2800, 3150, 32)
size temp and time length:  (6, 31, 2800, 3150) 6
size temp_tmp_ann =  (31, 2800, 3150)
Vtransform=2
Annual temp and annual tmp temp sizes =  (3, 31, 2800, 3150) (31, 2800, 3150)
Annual z_w and annual tmp z_w sizes =  (3, 2800, 3150, 32) (2800, 3150, 32)
size temp and time length:  (6, 31, 2800, 3150) 6
size temp_tmp_ann =  (31, 2800, 3150)
Vtransform=2
array sizes before concatenating (files 03/05/07 + 04/06/08): (1, 31, 2800, 3150) (1, 31, 2800, 3150)
(3, 31, 2800, 3150) (1, 31, 2800, 3150)
Annual temp and annual tmp temp sizes =  (4, 31, 2800, 3150) (31, 2800, 3150)
Annual z_w and annual tmp z_w sizes =  (4, 2800, 3150, 32) (2800, 3150, 32)
size temp and time length:  (6, 31, 2800, 3150) 6
size temp_tmp_ann =  (31, 2800, 3150)
Vtransform=2
Annual temp and annual tmp temp sizes =  (4, 31, 2800, 3150) (31, 2800, 3150)
Annual z_w and annual tmp z_w sizes =  (4, 2800, 3150, 32) (2800, 3150, 32)
size temp and time length:  (6, 31, 2800, 3150) 6
size temp_tmp_ann =  (31, 2800, 3150)
Vtransform=2
array sizes before concatenating (files 03/05/07 + 04/06/08): (1, 31, 2800, 3150) (1, 31, 2800, 3150)
(4, 31, 2800, 3150) (1, 31, 2800, 3150)
Annual temp and annual tmp temp sizes =  (5, 31, 2800, 3150) (31, 2800, 3150)
Annual z_w and annual tmp z_w sizes =  (5, 2800, 3150, 32) (2800, 3150, 32)
Annual temp, salt, z_w, z_rho sizes =  (5, 31, 2800, 3150) (5, 31, 2800, 3150) (5, 2800, 3150, 32) (5, 2800, 3150, 31)
size dz =  (5, 2800, 3150, 31)
size ohc_ann, ohc_dz, ohc_vertint =  (5, 31, 2800, 3150) (5, 31, 2800, 3150) (5, 2800, 3150)
size area =  (2800, 3150)
/users/boeiradi/COLD_project/postprocessing/waom_notebook/Grid_avg_evolution/WAOM10x4x2extend_shflim_S_0.25Q_OHC+OSC_evolution_shelf.py:354: RuntimeWarning: Mean of empty slice
  salt_tmp_ann_4thdim = np.nanmean(np.stack((salt_tmp_a_4thdim,salt_tmp_b_4thdim), axis=0), axis=0)
/users/boeiradi/COLD_project/postprocessing/waom_notebook/Grid_avg_evolution/WAOM10x4x2extend_shflim_S_0.25Q_OHC+OSC_evolution_shelf.py:359: RuntimeWarning: Mean of empty slice
  z_w_tmp_ann_4thdim = np.nanmean(np.stack((z_w_tmp_a_4thdim,z_w_tmp_b_4thdim), axis=0), axis=0)
/users/boeiradi/COLD_project/postprocessing/waom_notebook/Grid_avg_evolution/WAOM10x4x2extend_shflim_S_0.25Q_OHC+OSC_evolution_shelf.py:364: RuntimeWarning: Mean of empty slice
  z_rho_tmp_ann_4thdim = np.nanmean(np.stack((z_rho_tmp_a_4thdim,z_rho_tmp_b_4thdim), axis=0), axis=0)
