/users/boeiradi/COLD_project/postprocessing/waom_notebook/Grid_avg_evolution/WAOM10x4x2extend_shflim_S_0.25Q_OHC+OSC+MKE_evolution_shelf.py:55: RuntimeWarning: Mean of empty slice
  temp_tmp_ann = np.nanmean(temp_tmp, axis=0)
/users/boeiradi/COLD_project/postprocessing/waom_notebook/Grid_avg_evolution/WAOM10x4x2extend_shflim_S_0.25Q_OHC+OSC+MKE_evolution_shelf.py:56: RuntimeWarning: Mean of empty slice
  salt_tmp_ann = np.nanmean(salt_tmp, axis=0)
/users/boeiradi/COLD_project/postprocessing/waom_notebook/Grid_avg_evolution/WAOM10x4x2extend_shflim_S_0.25Q_OHC+OSC+MKE_evolution_shelf.py:72: RuntimeWarning: Mean of empty slice
  ugeo_ann_tmp = np.nanmean(ugeo, axis=0)
/users/boeiradi/COLD_project/postprocessing/waom_notebook/Grid_avg_evolution/WAOM10x4x2extend_shflim_S_0.25Q_OHC+OSC+MKE_evolution_shelf.py:73: RuntimeWarning: Mean of empty slice
  vgeo_ann_tmp = np.nanmean(vgeo, axis=0)
/users/boeiradi/COLD_project/postprocessing/waom_notebook/Grid_avg_evolution/WAOM10x4x2extend_shflim_S_0.25Q_OHC+OSC+MKE_evolution_shelf.py:90: RuntimeWarning: Mean of empty slice
  z_rho_tmp_ann = np.nanmean(z_rho_tmp, axis=0)
/users/boeiradi/COLD_project/postprocessing/waom_notebook/Grid_avg_evolution/WAOM10x4x2extend_shflim_S_0.25Q_OHC+OSC+MKE_evolution_shelf.py:94: RuntimeWarning: Mean of empty slice
  z_w_tmp_ann = np.nanmean(z_w_tmp, axis=0)
/users/boeiradi/COLD_project/postprocessing/waom_notebook/Grid_avg_evolution/WAOM10x4x2extend_shflim_S_0.25Q_OHC+OSC+MKE_evolution_shelf.py:55: RuntimeWarning: Mean of empty slice
  temp_tmp_ann = np.nanmean(temp_tmp, axis=0)
/users/boeiradi/COLD_project/postprocessing/waom_notebook/Grid_avg_evolution/WAOM10x4x2extend_shflim_S_0.25Q_OHC+OSC+MKE_evolution_shelf.py:56: RuntimeWarning: Mean of empty slice
  salt_tmp_ann = np.nanmean(salt_tmp, axis=0)
/users/boeiradi/COLD_project/postprocessing/waom_notebook/Grid_avg_evolution/WAOM10x4x2extend_shflim_S_0.25Q_OHC+OSC+MKE_evolution_shelf.py:72: RuntimeWarning: Mean of empty slice
  ugeo_ann_tmp = np.nanmean(ugeo, axis=0)
/users/boeiradi/COLD_project/postprocessing/waom_notebook/Grid_avg_evolution/WAOM10x4x2extend_shflim_S_0.25Q_OHC+OSC+MKE_evolution_shelf.py:73: RuntimeWarning: Mean of empty slice
  vgeo_ann_tmp = np.nanmean(vgeo, axis=0)
/users/boeiradi/COLD_project/postprocessing/waom_notebook/Grid_avg_evolution/WAOM10x4x2extend_shflim_S_0.25Q_OHC+OSC+MKE_evolution_shelf.py:90: RuntimeWarning: Mean of empty slice
  z_rho_tmp_ann = np.nanmean(z_rho_tmp, axis=0)
/users/boeiradi/COLD_project/postprocessing/waom_notebook/Grid_avg_evolution/WAOM10x4x2extend_shflim_S_0.25Q_OHC+OSC+MKE_evolution_shelf.py:94: RuntimeWarning: Mean of empty slice
  z_w_tmp_ann = np.nanmean(z_w_tmp, axis=0)
/users/boeiradi/COLD_project/postprocessing/waom_notebook/Grid_avg_evolution/WAOM10x4x2extend_shflim_S_0.25Q_OHC+OSC+MKE_evolution_shelf.py:55: RuntimeWarning: Mean of empty slice
  temp_tmp_ann = np.nanmean(temp_tmp, axis=0)
/users/boeiradi/COLD_project/postprocessing/waom_notebook/Grid_avg_evolution/WAOM10x4x2extend_shflim_S_0.25Q_OHC+OSC+MKE_evolution_shelf.py:56: RuntimeWarning: Mean of empty slice
  salt_tmp_ann = np.nanmean(salt_tmp, axis=0)
/users/boeiradi/COLD_project/postprocessing/waom_notebook/Grid_avg_evolution/WAOM10x4x2extend_shflim_S_0.25Q_OHC+OSC+MKE_evolution_shelf.py:72: RuntimeWarning: Mean of empty slice
  ugeo_ann_tmp = np.nanmean(ugeo, axis=0)
/users/boeiradi/COLD_project/postprocessing/waom_notebook/Grid_avg_evolution/WAOM10x4x2extend_shflim_S_0.25Q_OHC+OSC+MKE_evolution_shelf.py:73: RuntimeWarning: Mean of empty slice
  vgeo_ann_tmp = np.nanmean(vgeo, axis=0)
/users/boeiradi/COLD_project/postprocessing/waom_notebook/Grid_avg_evolution/WAOM10x4x2extend_shflim_S_0.25Q_OHC+OSC+MKE_evolution_shelf.py:90: RuntimeWarning: Mean of empty slice
  z_rho_tmp_ann = np.nanmean(z_rho_tmp, axis=0)
/users/boeiradi/COLD_project/postprocessing/waom_notebook/Grid_avg_evolution/WAOM10x4x2extend_shflim_S_0.25Q_OHC+OSC+MKE_evolution_shelf.py:94: RuntimeWarning: Mean of empty slice
  z_w_tmp_ann = np.nanmean(z_w_tmp, axis=0)
/users/boeiradi/COLD_project/postprocessing/waom_notebook/Grid_avg_evolution/WAOM10x4x2extend_shflim_S_0.25Q_OHC+OSC+MKE_evolution_shelf.py:55: RuntimeWarning: Mean of empty slice
  temp_tmp_ann = np.nanmean(temp_tmp, axis=0)
/users/boeiradi/COLD_project/postprocessing/waom_notebook/Grid_avg_evolution/WAOM10x4x2extend_shflim_S_0.25Q_OHC+OSC+MKE_evolution_shelf.py:56: RuntimeWarning: Mean of empty slice
  salt_tmp_ann = np.nanmean(salt_tmp, axis=0)
/users/boeiradi/COLD_project/postprocessing/waom_notebook/Grid_avg_evolution/WAOM10x4x2extend_shflim_S_0.25Q_OHC+OSC+MKE_evolution_shelf.py:72: RuntimeWarning: Mean of empty slice
  ugeo_ann_tmp = np.nanmean(ugeo, axis=0)
/users/boeiradi/COLD_project/postprocessing/waom_notebook/Grid_avg_evolution/WAOM10x4x2extend_shflim_S_0.25Q_OHC+OSC+MKE_evolution_shelf.py:73: RuntimeWarning: Mean of empty slice
  vgeo_ann_tmp = np.nanmean(vgeo, axis=0)
/users/boeiradi/COLD_project/postprocessing/waom_notebook/Grid_avg_evolution/WAOM10x4x2extend_shflim_S_0.25Q_OHC+OSC+MKE_evolution_shelf.py:90: RuntimeWarning: Mean of empty slice
  z_rho_tmp_ann = np.nanmean(z_rho_tmp, axis=0)
/users/boeiradi/COLD_project/postprocessing/waom_notebook/Grid_avg_evolution/WAOM10x4x2extend_shflim_S_0.25Q_OHC+OSC+MKE_evolution_shelf.py:94: RuntimeWarning: Mean of empty slice
  z_w_tmp_ann = np.nanmean(z_w_tmp, axis=0)
/users/boeiradi/COLD_project/postprocessing/waom_notebook/Grid_avg_evolution/WAOM10x4x2extend_shflim_S_0.25Q_OHC+OSC+MKE_evolution_shelf.py:55: RuntimeWarning: Mean of empty slice
  temp_tmp_ann = np.nanmean(temp_tmp, axis=0)
/users/boeiradi/COLD_project/postprocessing/waom_notebook/Grid_avg_evolution/WAOM10x4x2extend_shflim_S_0.25Q_OHC+OSC+MKE_evolution_shelf.py:56: RuntimeWarning: Mean of empty slice
  salt_tmp_ann = np.nanmean(salt_tmp, axis=0)
/users/boeiradi/COLD_project/postprocessing/waom_notebook/Grid_avg_evolution/WAOM10x4x2extend_shflim_S_0.25Q_OHC+OSC+MKE_evolution_shelf.py:72: RuntimeWarning: Mean of empty slice
  ugeo_ann_tmp = np.nanmean(ugeo, axis=0)
/users/boeiradi/COLD_project/postprocessing/waom_notebook/Grid_avg_evolution/WAOM10x4x2extend_shflim_S_0.25Q_OHC+OSC+MKE_evolution_shelf.py:73: RuntimeWarning: Mean of empty slice
  vgeo_ann_tmp = np.nanmean(vgeo, axis=0)
/users/boeiradi/COLD_project/postprocessing/waom_notebook/Grid_avg_evolution/WAOM10x4x2extend_shflim_S_0.25Q_OHC+OSC+MKE_evolution_shelf.py:90: RuntimeWarning: Mean of empty slice
  z_rho_tmp_ann = np.nanmean(z_rho_tmp, axis=0)
/users/boeiradi/COLD_project/postprocessing/waom_notebook/Grid_avg_evolution/WAOM10x4x2extend_shflim_S_0.25Q_OHC+OSC+MKE_evolution_shelf.py:94: RuntimeWarning: Mean of empty slice
  z_w_tmp_ann = np.nanmean(z_w_tmp, axis=0)
/users/boeiradi/COLD_project/postprocessing/waom_notebook/Grid_avg_evolution/WAOM10x4x2extend_shflim_S_0.25Q_OHC+OSC+MKE_evolution_shelf.py:55: RuntimeWarning: Mean of empty slice
  temp_tmp_ann = np.nanmean(temp_tmp, axis=0)
/users/boeiradi/COLD_project/postprocessing/waom_notebook/Grid_avg_evolution/WAOM10x4x2extend_shflim_S_0.25Q_OHC+OSC+MKE_evolution_shelf.py:56: RuntimeWarning: Mean of empty slice
  salt_tmp_ann = np.nanmean(salt_tmp, axis=0)
/users/boeiradi/COLD_project/postprocessing/waom_notebook/Grid_avg_evolution/WAOM10x4x2extend_shflim_S_0.25Q_OHC+OSC+MKE_evolution_shelf.py:72: RuntimeWarning: Mean of empty slice
  ugeo_ann_tmp = np.nanmean(ugeo, axis=0)
/users/boeiradi/COLD_project/postprocessing/waom_notebook/Grid_avg_evolution/WAOM10x4x2extend_shflim_S_0.25Q_OHC+OSC+MKE_evolution_shelf.py:73: RuntimeWarning: Mean of empty slice
  vgeo_ann_tmp = np.nanmean(vgeo, axis=0)
/users/boeiradi/COLD_project/postprocessing/waom_notebook/Grid_avg_evolution/WAOM10x4x2extend_shflim_S_0.25Q_OHC+OSC+MKE_evolution_shelf.py:90: RuntimeWarning: Mean of empty slice
  z_rho_tmp_ann = np.nanmean(z_rho_tmp, axis=0)
/users/boeiradi/COLD_project/postprocessing/waom_notebook/Grid_avg_evolution/WAOM10x4x2extend_shflim_S_0.25Q_OHC+OSC+MKE_evolution_shelf.py:94: RuntimeWarning: Mean of empty slice
  z_w_tmp_ann = np.nanmean(z_w_tmp, axis=0)
/users/boeiradi/COLD_project/postprocessing/waom_notebook/Grid_avg_evolution/WAOM10x4x2extend_shflim_S_0.25Q_OHC+OSC+MKE_evolution_shelf.py:55: RuntimeWarning: Mean of empty slice
  temp_tmp_ann = np.nanmean(temp_tmp, axis=0)
/users/boeiradi/COLD_project/postprocessing/waom_notebook/Grid_avg_evolution/WAOM10x4x2extend_shflim_S_0.25Q_OHC+OSC+MKE_evolution_shelf.py:56: RuntimeWarning: Mean of empty slice
  salt_tmp_ann = np.nanmean(salt_tmp, axis=0)
/users/boeiradi/COLD_project/postprocessing/waom_notebook/Grid_avg_evolution/WAOM10x4x2extend_shflim_S_0.25Q_OHC+OSC+MKE_evolution_shelf.py:72: RuntimeWarning: Mean of empty slice
  ugeo_ann_tmp = np.nanmean(ugeo, axis=0)
/users/boeiradi/COLD_project/postprocessing/waom_notebook/Grid_avg_evolution/WAOM10x4x2extend_shflim_S_0.25Q_OHC+OSC+MKE_evolution_shelf.py:73: RuntimeWarning: Mean of empty slice
  vgeo_ann_tmp = np.nanmean(vgeo, axis=0)
/users/boeiradi/COLD_project/postprocessing/waom_notebook/Grid_avg_evolution/WAOM10x4x2extend_shflim_S_0.25Q_OHC+OSC+MKE_evolution_shelf.py:90: RuntimeWarning: Mean of empty slice
  z_rho_tmp_ann = np.nanmean(z_rho_tmp, axis=0)
/users/boeiradi/COLD_project/postprocessing/waom_notebook/Grid_avg_evolution/WAOM10x4x2extend_shflim_S_0.25Q_OHC+OSC+MKE_evolution_shelf.py:94: RuntimeWarning: Mean of empty slice
  z_w_tmp_ann = np.nanmean(z_w_tmp, axis=0)
/users/boeiradi/COLD_project/postprocessing/waom_notebook/Grid_avg_evolution/WAOM10x4x2extend_shflim_S_0.25Q_OHC+OSC+MKE_evolution_shelf.py:55: RuntimeWarning: Mean of empty slice
  temp_tmp_ann = np.nanmean(temp_tmp, axis=0)
/users/boeiradi/COLD_project/postprocessing/waom_notebook/Grid_avg_evolution/WAOM10x4x2extend_shflim_S_0.25Q_OHC+OSC+MKE_evolution_shelf.py:56: RuntimeWarning: Mean of empty slice
  salt_tmp_ann = np.nanmean(salt_tmp, axis=0)
/users/boeiradi/COLD_project/postprocessing/waom_notebook/Grid_avg_evolution/WAOM10x4x2extend_shflim_S_0.25Q_OHC+OSC+MKE_evolution_shelf.py:72: RuntimeWarning: Mean of empty slice
  ugeo_ann_tmp = np.nanmean(ugeo, axis=0)
/users/boeiradi/COLD_project/postprocessing/waom_notebook/Grid_avg_evolution/WAOM10x4x2extend_shflim_S_0.25Q_OHC+OSC+MKE_evolution_shelf.py:73: RuntimeWarning: Mean of empty slice
  vgeo_ann_tmp = np.nanmean(vgeo, axis=0)
/users/boeiradi/COLD_project/postprocessing/waom_notebook/Grid_avg_evolution/WAOM10x4x2extend_shflim_S_0.25Q_OHC+OSC+MKE_evolution_shelf.py:90: RuntimeWarning: Mean of empty slice
  z_rho_tmp_ann = np.nanmean(z_rho_tmp, axis=0)
/users/boeiradi/COLD_project/postprocessing/waom_notebook/Grid_avg_evolution/WAOM10x4x2extend_shflim_S_0.25Q_OHC+OSC+MKE_evolution_shelf.py:94: RuntimeWarning: Mean of empty slice
  z_w_tmp_ann = np.nanmean(z_w_tmp, axis=0)
/users/boeiradi/COLD_project/postprocessing/waom_notebook/Grid_avg_evolution/WAOM10x4x2extend_shflim_S_0.25Q_OHC+OSC+MKE_evolution_shelf.py:55: RuntimeWarning: Mean of empty slice
  temp_tmp_ann = np.nanmean(temp_tmp, axis=0)
/users/boeiradi/COLD_project/postprocessing/waom_notebook/Grid_avg_evolution/WAOM10x4x2extend_shflim_S_0.25Q_OHC+OSC+MKE_evolution_shelf.py:56: RuntimeWarning: Mean of empty slice
  salt_tmp_ann = np.nanmean(salt_tmp, axis=0)
/users/boeiradi/COLD_project/postprocessing/waom_notebook/Grid_avg_evolution/WAOM10x4x2extend_shflim_S_0.25Q_OHC+OSC+MKE_evolution_shelf.py:72: RuntimeWarning: Mean of empty slice
  ugeo_ann_tmp = np.nanmean(ugeo, axis=0)
/users/boeiradi/COLD_project/postprocessing/waom_notebook/Grid_avg_evolution/WAOM10x4x2extend_shflim_S_0.25Q_OHC+OSC+MKE_evolution_shelf.py:73: RuntimeWarning: Mean of empty slice
  vgeo_ann_tmp = np.nanmean(vgeo, axis=0)
/users/boeiradi/COLD_project/postprocessing/waom_notebook/Grid_avg_evolution/WAOM10x4x2extend_shflim_S_0.25Q_OHC+OSC+MKE_evolution_shelf.py:90: RuntimeWarning: Mean of empty slice
  z_rho_tmp_ann = np.nanmean(z_rho_tmp, axis=0)
/users/boeiradi/COLD_project/postprocessing/waom_notebook/Grid_avg_evolution/WAOM10x4x2extend_shflim_S_0.25Q_OHC+OSC+MKE_evolution_shelf.py:94: RuntimeWarning: Mean of empty slice
  z_w_tmp_ann = np.nanmean(z_w_tmp, axis=0)
/users/boeiradi/COLD_project/postprocessing/waom_notebook/Grid_avg_evolution/WAOM10x4x2extend_shflim_S_0.25Q_OHC+OSC+MKE_evolution_shelf.py:55: RuntimeWarning: Mean of empty slice
  temp_tmp_ann = np.nanmean(temp_tmp, axis=0)
/users/boeiradi/COLD_project/postprocessing/waom_notebook/Grid_avg_evolution/WAOM10x4x2extend_shflim_S_0.25Q_OHC+OSC+MKE_evolution_shelf.py:56: RuntimeWarning: Mean of empty slice
  salt_tmp_ann = np.nanmean(salt_tmp, axis=0)
/users/boeiradi/COLD_project/postprocessing/waom_notebook/Grid_avg_evolution/WAOM10x4x2extend_shflim_S_0.25Q_OHC+OSC+MKE_evolution_shelf.py:72: RuntimeWarning: Mean of empty slice
  ugeo_ann_tmp = np.nanmean(ugeo, axis=0)
/users/boeiradi/COLD_project/postprocessing/waom_notebook/Grid_avg_evolution/WAOM10x4x2extend_shflim_S_0.25Q_OHC+OSC+MKE_evolution_shelf.py:73: RuntimeWarning: Mean of empty slice
  vgeo_ann_tmp = np.nanmean(vgeo, axis=0)
/users/boeiradi/COLD_project/postprocessing/waom_notebook/Grid_avg_evolution/WAOM10x4x2extend_shflim_S_0.25Q_OHC+OSC+MKE_evolution_shelf.py:90: RuntimeWarning: Mean of empty slice
  z_rho_tmp_ann = np.nanmean(z_rho_tmp, axis=0)
/users/boeiradi/COLD_project/postprocessing/waom_notebook/Grid_avg_evolution/WAOM10x4x2extend_shflim_S_0.25Q_OHC+OSC+MKE_evolution_shelf.py:94: RuntimeWarning: Mean of empty slice
  z_w_tmp_ann = np.nanmean(z_w_tmp, axis=0)
/users/boeiradi/COLD_project/postprocessing/waom_notebook/Grid_avg_evolution/WAOM10x4x2extend_shflim_S_0.25Q_OHC+OSC+MKE_evolution_shelf.py:55: RuntimeWarning: Mean of empty slice
  temp_tmp_ann = np.nanmean(temp_tmp, axis=0)
/users/boeiradi/COLD_project/postprocessing/waom_notebook/Grid_avg_evolution/WAOM10x4x2extend_shflim_S_0.25Q_OHC+OSC+MKE_evolution_shelf.py:56: RuntimeWarning: Mean of empty slice
  salt_tmp_ann = np.nanmean(salt_tmp, axis=0)
/users/boeiradi/COLD_project/postprocessing/waom_notebook/Grid_avg_evolution/WAOM10x4x2extend_shflim_S_0.25Q_OHC+OSC+MKE_evolution_shelf.py:72: RuntimeWarning: Mean of empty slice
  ugeo_ann_tmp = np.nanmean(ugeo, axis=0)
/users/boeiradi/COLD_project/postprocessing/waom_notebook/Grid_avg_evolution/WAOM10x4x2extend_shflim_S_0.25Q_OHC+OSC+MKE_evolution_shelf.py:73: RuntimeWarning: Mean of empty slice
  vgeo_ann_tmp = np.nanmean(vgeo, axis=0)
/users/boeiradi/COLD_project/postprocessing/waom_notebook/Grid_avg_evolution/WAOM10x4x2extend_shflim_S_0.25Q_OHC+OSC+MKE_evolution_shelf.py:90: RuntimeWarning: Mean of empty slice
  z_rho_tmp_ann = np.nanmean(z_rho_tmp, axis=0)
/users/boeiradi/COLD_project/postprocessing/waom_notebook/Grid_avg_evolution/WAOM10x4x2extend_shflim_S_0.25Q_OHC+OSC+MKE_evolution_shelf.py:94: RuntimeWarning: Mean of empty slice
  z_w_tmp_ann = np.nanmean(z_w_tmp, axis=0)
/users/boeiradi/COLD_project/postprocessing/waom_notebook/Grid_avg_evolution/WAOM10x4x2extend_shflim_S_0.25Q_OHC+OSC+MKE_evolution_shelf.py:55: RuntimeWarning: Mean of empty slice
  temp_tmp_ann = np.nanmean(temp_tmp, axis=0)
/users/boeiradi/COLD_project/postprocessing/waom_notebook/Grid_avg_evolution/WAOM10x4x2extend_shflim_S_0.25Q_OHC+OSC+MKE_evolution_shelf.py:56: RuntimeWarning: Mean of empty slice
  salt_tmp_ann = np.nanmean(salt_tmp, axis=0)
/users/boeiradi/COLD_project/postprocessing/waom_notebook/Grid_avg_evolution/WAOM10x4x2extend_shflim_S_0.25Q_OHC+OSC+MKE_evolution_shelf.py:72: RuntimeWarning: Mean of empty slice
  ugeo_ann_tmp = np.nanmean(ugeo, axis=0)
/users/boeiradi/COLD_project/postprocessing/waom_notebook/Grid_avg_evolution/WAOM10x4x2extend_shflim_S_0.25Q_OHC+OSC+MKE_evolution_shelf.py:73: RuntimeWarning: Mean of empty slice
  vgeo_ann_tmp = np.nanmean(vgeo, axis=0)
/users/boeiradi/COLD_project/postprocessing/waom_notebook/Grid_avg_evolution/WAOM10x4x2extend_shflim_S_0.25Q_OHC+OSC+MKE_evolution_shelf.py:90: RuntimeWarning: Mean of empty slice
  z_rho_tmp_ann = np.nanmean(z_rho_tmp, axis=0)
/users/boeiradi/COLD_project/postprocessing/waom_notebook/Grid_avg_evolution/WAOM10x4x2extend_shflim_S_0.25Q_OHC+OSC+MKE_evolution_shelf.py:94: RuntimeWarning: Mean of empty slice
  z_w_tmp_ann = np.nanmean(z_w_tmp, axis=0)
/users/boeiradi/COLD_project/postprocessing/waom_notebook/Grid_avg_evolution/WAOM10x4x2extend_shflim_S_0.25Q_OHC+OSC+MKE_evolution_shelf.py:55: RuntimeWarning: Mean of empty slice
  temp_tmp_ann = np.nanmean(temp_tmp, axis=0)
/users/boeiradi/COLD_project/postprocessing/waom_notebook/Grid_avg_evolution/WAOM10x4x2extend_shflim_S_0.25Q_OHC+OSC+MKE_evolution_shelf.py:56: RuntimeWarning: Mean of empty slice
  salt_tmp_ann = np.nanmean(salt_tmp, axis=0)
/users/boeiradi/COLD_project/postprocessing/waom_notebook/Grid_avg_evolution/WAOM10x4x2extend_shflim_S_0.25Q_OHC+OSC+MKE_evolution_shelf.py:72: RuntimeWarning: Mean of empty slice
  ugeo_ann_tmp = np.nanmean(ugeo, axis=0)
/users/boeiradi/COLD_project/postprocessing/waom_notebook/Grid_avg_evolution/WAOM10x4x2extend_shflim_S_0.25Q_OHC+OSC+MKE_evolution_shelf.py:73: RuntimeWarning: Mean of empty slice
  vgeo_ann_tmp = np.nanmean(vgeo, axis=0)
/users/boeiradi/COLD_project/postprocessing/waom_notebook/Grid_avg_evolution/WAOM10x4x2extend_shflim_S_0.25Q_OHC+OSC+MKE_evolution_shelf.py:90: RuntimeWarning: Mean of empty slice
  z_rho_tmp_ann = np.nanmean(z_rho_tmp, axis=0)
/users/boeiradi/COLD_project/postprocessing/waom_notebook/Grid_avg_evolution/WAOM10x4x2extend_shflim_S_0.25Q_OHC+OSC+MKE_evolution_shelf.py:94: RuntimeWarning: Mean of empty slice
  z_w_tmp_ann = np.nanmean(z_w_tmp, axis=0)
/users/boeiradi/COLD_project/postprocessing/waom_notebook/Grid_avg_evolution/WAOM10x4x2extend_shflim_S_0.25Q_OHC+OSC+MKE_evolution_shelf.py:55: RuntimeWarning: Mean of empty slice
  temp_tmp_ann = np.nanmean(temp_tmp, axis=0)
/users/boeiradi/COLD_project/postprocessing/waom_notebook/Grid_avg_evolution/WAOM10x4x2extend_shflim_S_0.25Q_OHC+OSC+MKE_evolution_shelf.py:56: RuntimeWarning: Mean of empty slice
  salt_tmp_ann = np.nanmean(salt_tmp, axis=0)
/users/boeiradi/COLD_project/postprocessing/waom_notebook/Grid_avg_evolution/WAOM10x4x2extend_shflim_S_0.25Q_OHC+OSC+MKE_evolution_shelf.py:72: RuntimeWarning: Mean of empty slice
  ugeo_ann_tmp = np.nanmean(ugeo, axis=0)
/users/boeiradi/COLD_project/postprocessing/waom_notebook/Grid_avg_evolution/WAOM10x4x2extend_shflim_S_0.25Q_OHC+OSC+MKE_evolution_shelf.py:73: RuntimeWarning: Mean of empty slice
  vgeo_ann_tmp = np.nanmean(vgeo, axis=0)
/users/boeiradi/COLD_project/postprocessing/waom_notebook/Grid_avg_evolution/WAOM10x4x2extend_shflim_S_0.25Q_OHC+OSC+MKE_evolution_shelf.py:90: RuntimeWarning: Mean of empty slice
  z_rho_tmp_ann = np.nanmean(z_rho_tmp, axis=0)
/users/boeiradi/COLD_project/postprocessing/waom_notebook/Grid_avg_evolution/WAOM10x4x2extend_shflim_S_0.25Q_OHC+OSC+MKE_evolution_shelf.py:94: RuntimeWarning: Mean of empty slice
  z_w_tmp_ann = np.nanmean(z_w_tmp, axis=0)
/users/boeiradi/COLD_project/postprocessing/waom_notebook/Grid_avg_evolution/WAOM10x4x2extend_shflim_S_0.25Q_OHC+OSC+MKE_evolution_shelf.py:55: RuntimeWarning: Mean of empty slice
  temp_tmp_ann = np.nanmean(temp_tmp, axis=0)
/users/boeiradi/COLD_project/postprocessing/waom_notebook/Grid_avg_evolution/WAOM10x4x2extend_shflim_S_0.25Q_OHC+OSC+MKE_evolution_shelf.py:56: RuntimeWarning: Mean of empty slice
  salt_tmp_ann = np.nanmean(salt_tmp, axis=0)
/users/boeiradi/COLD_project/postprocessing/waom_notebook/Grid_avg_evolution/WAOM10x4x2extend_shflim_S_0.25Q_OHC+OSC+MKE_evolution_shelf.py:72: RuntimeWarning: Mean of empty slice
  ugeo_ann_tmp = np.nanmean(ugeo, axis=0)
/users/boeiradi/COLD_project/postprocessing/waom_notebook/Grid_avg_evolution/WAOM10x4x2extend_shflim_S_0.25Q_OHC+OSC+MKE_evolution_shelf.py:73: RuntimeWarning: Mean of empty slice
  vgeo_ann_tmp = np.nanmean(vgeo, axis=0)
/users/boeiradi/COLD_project/postprocessing/waom_notebook/Grid_avg_evolution/WAOM10x4x2extend_shflim_S_0.25Q_OHC+OSC+MKE_evolution_shelf.py:90: RuntimeWarning: Mean of empty slice
  z_rho_tmp_ann = np.nanmean(z_rho_tmp, axis=0)
/users/boeiradi/COLD_project/postprocessing/waom_notebook/Grid_avg_evolution/WAOM10x4x2extend_shflim_S_0.25Q_OHC+OSC+MKE_evolution_shelf.py:94: RuntimeWarning: Mean of empty slice
  z_w_tmp_ann = np.nanmean(z_w_tmp, axis=0)
/users/boeiradi/COLD_project/postprocessing/waom_notebook/Grid_avg_evolution/WAOM10x4x2extend_shflim_S_0.25Q_OHC+OSC+MKE_evolution_shelf.py:55: RuntimeWarning: Mean of empty slice
  temp_tmp_ann = np.nanmean(temp_tmp, axis=0)
/users/boeiradi/COLD_project/postprocessing/waom_notebook/Grid_avg_evolution/WAOM10x4x2extend_shflim_S_0.25Q_OHC+OSC+MKE_evolution_shelf.py:56: RuntimeWarning: Mean of empty slice
  salt_tmp_ann = np.nanmean(salt_tmp, axis=0)
/users/boeiradi/COLD_project/postprocessing/waom_notebook/Grid_avg_evolution/WAOM10x4x2extend_shflim_S_0.25Q_OHC+OSC+MKE_evolution_shelf.py:72: RuntimeWarning: Mean of empty slice
  ugeo_ann_tmp = np.nanmean(ugeo, axis=0)
/users/boeiradi/COLD_project/postprocessing/waom_notebook/Grid_avg_evolution/WAOM10x4x2extend_shflim_S_0.25Q_OHC+OSC+MKE_evolution_shelf.py:73: RuntimeWarning: Mean of empty slice
  vgeo_ann_tmp = np.nanmean(vgeo, axis=0)
/users/boeiradi/COLD_project/postprocessing/waom_notebook/Grid_avg_evolution/WAOM10x4x2extend_shflim_S_0.25Q_OHC+OSC+MKE_evolution_shelf.py:90: RuntimeWarning: Mean of empty slice
  z_rho_tmp_ann = np.nanmean(z_rho_tmp, axis=0)
/users/boeiradi/COLD_project/postprocessing/waom_notebook/Grid_avg_evolution/WAOM10x4x2extend_shflim_S_0.25Q_OHC+OSC+MKE_evolution_shelf.py:94: RuntimeWarning: Mean of empty slice
  z_w_tmp_ann = np.nanmean(z_w_tmp, axis=0)
/users/boeiradi/COLD_project/postprocessing/waom_notebook/Grid_avg_evolution/WAOM10x4x2extend_shflim_S_0.25Q_OHC+OSC+MKE_evolution_shelf.py:55: RuntimeWarning: Mean of empty slice
  temp_tmp_ann = np.nanmean(temp_tmp, axis=0)
/users/boeiradi/COLD_project/postprocessing/waom_notebook/Grid_avg_evolution/WAOM10x4x2extend_shflim_S_0.25Q_OHC+OSC+MKE_evolution_shelf.py:56: RuntimeWarning: Mean of empty slice
  salt_tmp_ann = np.nanmean(salt_tmp, axis=0)
/users/boeiradi/COLD_project/postprocessing/waom_notebook/Grid_avg_evolution/WAOM10x4x2extend_shflim_S_0.25Q_OHC+OSC+MKE_evolution_shelf.py:72: RuntimeWarning: Mean of empty slice
  ugeo_ann_tmp = np.nanmean(ugeo, axis=0)
/users/boeiradi/COLD_project/postprocessing/waom_notebook/Grid_avg_evolution/WAOM10x4x2extend_shflim_S_0.25Q_OHC+OSC+MKE_evolution_shelf.py:73: RuntimeWarning: Mean of empty slice
  vgeo_ann_tmp = np.nanmean(vgeo, axis=0)
/users/boeiradi/COLD_project/postprocessing/waom_notebook/Grid_avg_evolution/WAOM10x4x2extend_shflim_S_0.25Q_OHC+OSC+MKE_evolution_shelf.py:90: RuntimeWarning: Mean of empty slice
  z_rho_tmp_ann = np.nanmean(z_rho_tmp, axis=0)
/users/boeiradi/COLD_project/postprocessing/waom_notebook/Grid_avg_evolution/WAOM10x4x2extend_shflim_S_0.25Q_OHC+OSC+MKE_evolution_shelf.py:94: RuntimeWarning: Mean of empty slice
  z_w_tmp_ann = np.nanmean(z_w_tmp, axis=0)
/users/boeiradi/COLD_project/postprocessing/waom_notebook/Grid_avg_evolution/WAOM10x4x2extend_shflim_S_0.25Q_OHC+OSC+MKE_evolution_shelf.py:55: RuntimeWarning: Mean of empty slice
  temp_tmp_ann = np.nanmean(temp_tmp, axis=0)
/users/boeiradi/COLD_project/postprocessing/waom_notebook/Grid_avg_evolution/WAOM10x4x2extend_shflim_S_0.25Q_OHC+OSC+MKE_evolution_shelf.py:56: RuntimeWarning: Mean of empty slice
  salt_tmp_ann = np.nanmean(salt_tmp, axis=0)
/users/boeiradi/COLD_project/postprocessing/waom_notebook/Grid_avg_evolution/WAOM10x4x2extend_shflim_S_0.25Q_OHC+OSC+MKE_evolution_shelf.py:72: RuntimeWarning: Mean of empty slice
  ugeo_ann_tmp = np.nanmean(ugeo, axis=0)
/users/boeiradi/COLD_project/postprocessing/waom_notebook/Grid_avg_evolution/WAOM10x4x2extend_shflim_S_0.25Q_OHC+OSC+MKE_evolution_shelf.py:73: RuntimeWarning: Mean of empty slice
  vgeo_ann_tmp = np.nanmean(vgeo, axis=0)
/users/boeiradi/COLD_project/postprocessing/waom_notebook/Grid_avg_evolution/WAOM10x4x2extend_shflim_S_0.25Q_OHC+OSC+MKE_evolution_shelf.py:90: RuntimeWarning: Mean of empty slice
  z_rho_tmp_ann = np.nanmean(z_rho_tmp, axis=0)
/users/boeiradi/COLD_project/postprocessing/waom_notebook/Grid_avg_evolution/WAOM10x4x2extend_shflim_S_0.25Q_OHC+OSC+MKE_evolution_shelf.py:94: RuntimeWarning: Mean of empty slice
  z_w_tmp_ann = np.nanmean(z_w_tmp, axis=0)
/users/boeiradi/COLD_project/postprocessing/waom_notebook/Grid_avg_evolution/WAOM10x4x2extend_shflim_S_0.25Q_OHC+OSC+MKE_evolution_shelf.py:55: RuntimeWarning: Mean of empty slice
  temp_tmp_ann = np.nanmean(temp_tmp, axis=0)
/users/boeiradi/COLD_project/postprocessing/waom_notebook/Grid_avg_evolution/WAOM10x4x2extend_shflim_S_0.25Q_OHC+OSC+MKE_evolution_shelf.py:56: RuntimeWarning: Mean of empty slice
  salt_tmp_ann = np.nanmean(salt_tmp, axis=0)
/users/boeiradi/COLD_project/postprocessing/waom_notebook/Grid_avg_evolution/WAOM10x4x2extend_shflim_S_0.25Q_OHC+OSC+MKE_evolution_shelf.py:72: RuntimeWarning: Mean of empty slice
  ugeo_ann_tmp = np.nanmean(ugeo, axis=0)
size temp and time length:  (12, 31, 560, 630) 12
size temp_tmp_ann =  (31, 560, 630)
Size MKE_tmp (559, 629)
Vtransform=2
Annual temp and annual tmp temp sizes =  (31, 560, 630) (31, 560, 630)
Annual z_w and annual tmp z_w sizes =  (560, 630, 32) (560, 630, 32)
size temp and time length:  (12, 31, 560, 630) 12
size temp_tmp_ann =  (31, 560, 630)
Size MKE_tmp (559, 629)
Vtransform=2
Annual temp and annual tmp temp sizes =  (2, 31, 560, 630) (31, 560, 630)
Annual z_w and annual tmp z_w sizes =  (2, 560, 630, 32) (560, 630, 32)
size temp and time length:  (12, 31, 560, 630) 12
size temp_tmp_ann =  (31, 560, 630)
Size MKE_tmp (559, 629)
Vtransform=2
Annual temp and annual tmp temp sizes =  (3, 31, 560, 630) (31, 560, 630)
Annual z_w and annual tmp z_w sizes =  (3, 560, 630, 32) (560, 630, 32)
size temp and time length:  (12, 31, 560, 630) 12
size temp_tmp_ann =  (31, 560, 630)
Size MKE_tmp (559, 629)
Vtransform=2
Annual temp and annual tmp temp sizes =  (4, 31, 560, 630) (31, 560, 630)
Annual z_w and annual tmp z_w sizes =  (4, 560, 630, 32) (560, 630, 32)
size temp and time length:  (12, 31, 560, 630) 12
size temp_tmp_ann =  (31, 560, 630)
Size MKE_tmp (559, 629)
Vtransform=2
Annual temp and annual tmp temp sizes =  (5, 31, 560, 630) (31, 560, 630)
Annual z_w and annual tmp z_w sizes =  (5, 560, 630, 32) (560, 630, 32)
size temp and time length:  (12, 31, 560, 630) 12
size temp_tmp_ann =  (31, 560, 630)
Size MKE_tmp (559, 629)
Vtransform=2
Annual temp and annual tmp temp sizes =  (6, 31, 560, 630) (31, 560, 630)
Annual z_w and annual tmp z_w sizes =  (6, 560, 630, 32) (560, 630, 32)
size temp and time length:  (12, 31, 560, 630) 12
size temp_tmp_ann =  (31, 560, 630)
Size MKE_tmp (559, 629)
Vtransform=2
Annual temp and annual tmp temp sizes =  (7, 31, 560, 630) (31, 560, 630)
Annual z_w and annual tmp z_w sizes =  (7, 560, 630, 32) (560, 630, 32)
size temp and time length:  (12, 31, 560, 630) 12
size temp_tmp_ann =  (31, 560, 630)
Size MKE_tmp (559, 629)
Vtransform=2
Annual temp and annual tmp temp sizes =  (8, 31, 560, 630) (31, 560, 630)
Annual z_w and annual tmp z_w sizes =  (8, 560, 630, 32) (560, 630, 32)
size temp and time length:  (12, 31, 560, 630) 12
size temp_tmp_ann =  (31, 560, 630)
Size MKE_tmp (559, 629)
Vtransform=2
Annual temp and annual tmp temp sizes =  (9, 31, 560, 630) (31, 560, 630)
Annual z_w and annual tmp z_w sizes =  (9, 560, 630, 32) (560, 630, 32)
size temp and time length:  (12, 31, 560, 630) 12
size temp_tmp_ann =  (31, 560, 630)
Size MKE_tmp (559, 629)
Vtransform=2
Annual temp and annual tmp temp sizes =  (10, 31, 560, 630) (31, 560, 630)
Annual z_w and annual tmp z_w sizes =  (10, 560, 630, 32) (560, 630, 32)
size temp and time length:  (12, 31, 560, 630) 12
size temp_tmp_ann =  (31, 560, 630)
Size MKE_tmp (559, 629)
Vtransform=2
Annual temp and annual tmp temp sizes =  (11, 31, 560, 630) (31, 560, 630)
Annual z_w and annual tmp z_w sizes =  (11, 560, 630, 32) (560, 630, 32)
size temp and time length:  (12, 31, 560, 630) 12
size temp_tmp_ann =  (31, 560, 630)
Size MKE_tmp (559, 629)
Vtransform=2
Annual temp and annual tmp temp sizes =  (12, 31, 560, 630) (31, 560, 630)
Annual z_w and annual tmp z_w sizes =  (12, 560, 630, 32) (560, 630, 32)
size temp and time length:  (12, 31, 560, 630) 12
size temp_tmp_ann =  (31, 560, 630)
Size MKE_tmp (559, 629)
Vtransform=2
Annual temp and annual tmp temp sizes =  (13, 31, 560, 630) (31, 560, 630)
Annual z_w and annual tmp z_w sizes =  (13, 560, 630, 32) (560, 630, 32)
size temp and time length:  (12, 31, 560, 630) 12
size temp_tmp_ann =  (31, 560, 630)
Size MKE_tmp (559, 629)
Vtransform=2
Annual temp and annual tmp temp sizes =  (14, 31, 560, 630) (31, 560, 630)
Annual z_w and annual tmp z_w sizes =  (14, 560, 630, 32) (560, 630, 32)
size temp and time length:  (12, 31, 560, 630) 12
size temp_tmp_ann =  (31, 560, 630)
Size MKE_tmp (559, 629)
Vtransform=2
Annual temp and annual tmp temp sizes =  (15, 31, 560, 630) (31, 560, 630)
Annual z_w and annual tmp z_w sizes =  (15, 560, 630, 32) (560, 630, 32)
size temp and time length:  (12, 31, 560, 630) 12
/users/boeiradi/COLD_project/postprocessing/waom_notebook/Grid_avg_evolution/WAOM10x4x2extend_shflim_S_0.25Q_OHC+OSC+MKE_evolution_shelf.py:73: RuntimeWarning: Mean of empty slice
  vgeo_ann_tmp = np.nanmean(vgeo, axis=0)
/users/boeiradi/COLD_project/postprocessing/waom_notebook/Grid_avg_evolution/WAOM10x4x2extend_shflim_S_0.25Q_OHC+OSC+MKE_evolution_shelf.py:90: RuntimeWarning: Mean of empty slice
  z_rho_tmp_ann = np.nanmean(z_rho_tmp, axis=0)
/users/boeiradi/COLD_project/postprocessing/waom_notebook/Grid_avg_evolution/WAOM10x4x2extend_shflim_S_0.25Q_OHC+OSC+MKE_evolution_shelf.py:94: RuntimeWarning: Mean of empty slice
  z_w_tmp_ann = np.nanmean(z_w_tmp, axis=0)
/users/boeiradi/COLD_project/postprocessing/waom_notebook/Grid_avg_evolution/WAOM10x4x2extend_shflim_S_0.25Q_OHC+OSC+MKE_evolution_shelf.py:55: RuntimeWarning: Mean of empty slice
  temp_tmp_ann = np.nanmean(temp_tmp, axis=0)
/users/boeiradi/COLD_project/postprocessing/waom_notebook/Grid_avg_evolution/WAOM10x4x2extend_shflim_S_0.25Q_OHC+OSC+MKE_evolution_shelf.py:56: RuntimeWarning: Mean of empty slice
  salt_tmp_ann = np.nanmean(salt_tmp, axis=0)
/users/boeiradi/COLD_project/postprocessing/waom_notebook/Grid_avg_evolution/WAOM10x4x2extend_shflim_S_0.25Q_OHC+OSC+MKE_evolution_shelf.py:72: RuntimeWarning: Mean of empty slice
  ugeo_ann_tmp = np.nanmean(ugeo, axis=0)
/users/boeiradi/COLD_project/postprocessing/waom_notebook/Grid_avg_evolution/WAOM10x4x2extend_shflim_S_0.25Q_OHC+OSC+MKE_evolution_shelf.py:73: RuntimeWarning: Mean of empty slice
  vgeo_ann_tmp = np.nanmean(vgeo, axis=0)
/users/boeiradi/COLD_project/postprocessing/waom_notebook/Grid_avg_evolution/WAOM10x4x2extend_shflim_S_0.25Q_OHC+OSC+MKE_evolution_shelf.py:90: RuntimeWarning: Mean of empty slice
  z_rho_tmp_ann = np.nanmean(z_rho_tmp, axis=0)
/users/boeiradi/COLD_project/postprocessing/waom_notebook/Grid_avg_evolution/WAOM10x4x2extend_shflim_S_0.25Q_OHC+OSC+MKE_evolution_shelf.py:94: RuntimeWarning: Mean of empty slice
  z_w_tmp_ann = np.nanmean(z_w_tmp, axis=0)
size temp_tmp_ann =  (31, 560, 630)
Size MKE_tmp (559, 629)
Vtransform=2
Annual temp and annual tmp temp sizes =  (16, 31, 560, 630) (31, 560, 630)
Annual z_w and annual tmp z_w sizes =  (16, 560, 630, 32) (560, 630, 32)
size temp and time length:  (12, 31, 560, 630) 12
size temp_tmp_ann =  (31, 560, 630)
Size MKE_tmp (559, 629)
Vtransform=2
Annual temp and annual tmp temp sizes =  (17, 31, 560, 630) (31, 560, 630)
Annual z_w and annual tmp z_w sizes =  (17, 560, 630, 32) (560, 630, 32)
size temp and time length:  (12, 31, 560, 630) 12
size temp_tmp_ann =  (31, 560, 630)
Size MKE_tmp (559, 629)
Vtransform=2
Annual temp and annual tmp temp sizes =  (18, 31, 560, 630) (31, 560, 630)
Annual z_w and annual tmp z_w sizes =  (18, 560, 630, 32) (560, 630, 32)
size temp and time length:  (12, 31, 560, 630) 12
size temp_tmp_ann =  (31, 560, 630)
Size MKE_tmp (559, 629)
Vtransform=2
Annual temp and annual tmp temp sizes =  (19, 31, 560, 630) (31, 560, 630)
Annual z_w and annual tmp z_w sizes =  (19, 560, 630, 32) (560, 630, 32)
size temp and time length:  (12, 31, 560, 630) 12
size temp_tmp_ann =  (31, 560, 630)
Size MKE_tmp (559, 629)
Vtransform=2
Annual temp and annual tmp temp sizes =  (20, 31, 560, 630) (31, 560, 630)
Annual z_w and annual tmp z_w sizes =  (20, 560, 630, 32) (560, 630, 32)
Annual temp, salt, z_w, z_rho, MKE sizes =  (20, 31, 560, 630) (20, 31, 560, 630) (20, 560, 630, 32) (20, 560, 630, 31) (20, 559, 629)
size dz =  (20, 560, 630, 31)
size ohc_ann, ohc_dz, ohc_vertint =  (20, 31, 560, 630) (20, 31, 560, 630) (20, 560, 630)
size area =  (560, 630)
Traceback (most recent call last):
  File "/users/boeiradi/COLD_project/postprocessing/waom_notebook/Grid_avg_evolution/WAOM10x4x2extend_shflim_S_0.25Q_OHC+OSC+MKE_evolution_shelf.py", line 524, in <module>
    E10_SST_havg_shelf, E10_SSS_havg_shelf, E10_ohc_hintn_shelf, E10_salt_hintn_shelf, E10_MKE_havg_shelf = read_roms_ts_10km(path_ECCO2_10km)
  File "/users/boeiradi/COLD_project/postprocessing/waom_notebook/Grid_avg_evolution/WAOM10x4x2extend_shflim_S_0.25Q_OHC+OSC+MKE_evolution_shelf.py", line 193, in read_roms_ts_10km
    MKE_havg_shelf[tt] = np.nanmean(np.nanmean((MKE[tt,:,:]*mask_shelf), axis=1),axis=0)
  File "/scratch/project_2000339/boeiradi/anaconda3/lib/python3.7/site-packages/xarray/core/arithmetic.py", line 89, in __array_ufunc__
    keep_attrs=_get_keep_attrs(default=True),
  File "/scratch/project_2000339/boeiradi/anaconda3/lib/python3.7/site-packages/xarray/core/computation.py", line 1171, in apply_ufunc
    keep_attrs=keep_attrs,
  File "/scratch/project_2000339/boeiradi/anaconda3/lib/python3.7/site-packages/xarray/core/computation.py", line 290, in apply_dataarray_vfunc
    result_var = func(*data_vars)
  File "/scratch/project_2000339/boeiradi/anaconda3/lib/python3.7/site-packages/xarray/core/computation.py", line 733, in apply_variable_ufunc
    result_data = func(*input_data)
ValueError: operands could not be broadcast together with shapes (559,629) (560,630) 
srun: error: r14c19: task 0: Exited with exit code 1
srun: launch/slurm: _step_signal: Terminating StepId=10158484.0
