/users/boeiradi/COLD_project/postprocessing/waom_notebook/WMT_framework/WAOM4extend_shflim_S_0.25Q_WMTmaps_Full_decomposition_shelf_save_maps.py:32: RuntimeWarning: Mean of empty slice
  temp_tmp = np.nanmean(ds.variables["temp"], axis=0)
/users/boeiradi/COLD_project/postprocessing/waom_notebook/WMT_framework/WAOM4extend_shflim_S_0.25Q_WMTmaps_Full_decomposition_shelf_save_maps.py:33: RuntimeWarning: Mean of empty slice
  salt_tmp = np.nanmean(ds.variables["salt"], axis=0)
/users/boeiradi/COLD_project/postprocessing/waom_notebook/WMT_framework/WAOM4extend_shflim_S_0.25Q_WMTmaps_Full_decomposition_shelf_save_maps.py:34: RuntimeWarning: Mean of empty slice
  shflux_tmp = np.nanmean(ds.variables["shflux"], axis=0)
/users/boeiradi/COLD_project/postprocessing/waom_notebook/WMT_framework/WAOM4extend_shflim_S_0.25Q_WMTmaps_Full_decomposition_shelf_save_maps.py:35: RuntimeWarning: Mean of empty slice
  ssflux_tmp = np.nanmean(ds.variables["ssflux"], axis=0)
/users/boeiradi/COLD_project/postprocessing/waom_notebook/WMT_framework/WAOM4extend_shflim_S_0.25Q_WMTmaps_Full_decomposition_shelf_save_maps.py:36: RuntimeWarning: Mean of empty slice
  m_tmp = np.nanmean(ds.variables["m"], axis=0)
/users/boeiradi/COLD_project/postprocessing/waom_notebook/WMT_framework/WAOM4extend_shflim_S_0.25Q_WMTmaps_Full_decomposition_shelf_save_maps.py:50: RuntimeWarning: Mean of empty slice
  z_rho_avg = np.nanmean(z_rho_tmp, axis=0)
/users/boeiradi/COLD_project/postprocessing/waom_notebook/WMT_framework/WAOM4extend_shflim_S_0.25Q_WMTmaps_Full_decomposition_shelf_save_maps.py:51: RuntimeWarning: Mean of empty slice
  z_w_avg = np.nanmean(z_w_tmp,axis=0)
/users/boeiradi/COLD_project/postprocessing/waom_notebook/WMT_framework/WAOM4extend_shflim_S_0.25Q_WMTmaps_Full_decomposition_shelf_save_maps.py:32: RuntimeWarning: Mean of empty slice
  temp_tmp = np.nanmean(ds.variables["temp"], axis=0)
/users/boeiradi/COLD_project/postprocessing/waom_notebook/WMT_framework/WAOM4extend_shflim_S_0.25Q_WMTmaps_Full_decomposition_shelf_save_maps.py:33: RuntimeWarning: Mean of empty slice
  salt_tmp = np.nanmean(ds.variables["salt"], axis=0)
/users/boeiradi/COLD_project/postprocessing/waom_notebook/WMT_framework/WAOM4extend_shflim_S_0.25Q_WMTmaps_Full_decomposition_shelf_save_maps.py:34: RuntimeWarning: Mean of empty slice
  shflux_tmp = np.nanmean(ds.variables["shflux"], axis=0)
/users/boeiradi/COLD_project/postprocessing/waom_notebook/WMT_framework/WAOM4extend_shflim_S_0.25Q_WMTmaps_Full_decomposition_shelf_save_maps.py:35: RuntimeWarning: Mean of empty slice
  ssflux_tmp = np.nanmean(ds.variables["ssflux"], axis=0)
/users/boeiradi/COLD_project/postprocessing/waom_notebook/WMT_framework/WAOM4extend_shflim_S_0.25Q_WMTmaps_Full_decomposition_shelf_save_maps.py:36: RuntimeWarning: Mean of empty slice
  m_tmp = np.nanmean(ds.variables["m"], axis=0)
/users/boeiradi/COLD_project/postprocessing/waom_notebook/WMT_framework/WAOM4extend_shflim_S_0.25Q_WMTmaps_Full_decomposition_shelf_save_maps.py:50: RuntimeWarning: Mean of empty slice
  z_rho_avg = np.nanmean(z_rho_tmp, axis=0)
/users/boeiradi/COLD_project/postprocessing/waom_notebook/WMT_framework/WAOM4extend_shflim_S_0.25Q_WMTmaps_Full_decomposition_shelf_save_maps.py:51: RuntimeWarning: Mean of empty slice
  z_w_avg = np.nanmean(z_w_tmp,axis=0)
/users/boeiradi/COLD_project/postprocessing/waom_notebook/WMT_framework/WAOM4extend_shflim_S_0.25Q_WMTmaps_Full_decomposition_shelf_save_maps.py:32: RuntimeWarning: Mean of empty slice
  temp_tmp = np.nanmean(ds.variables["temp"], axis=0)
/users/boeiradi/COLD_project/postprocessing/waom_notebook/WMT_framework/WAOM4extend_shflim_S_0.25Q_WMTmaps_Full_decomposition_shelf_save_maps.py:33: RuntimeWarning: Mean of empty slice
  salt_tmp = np.nanmean(ds.variables["salt"], axis=0)
/users/boeiradi/COLD_project/postprocessing/waom_notebook/WMT_framework/WAOM4extend_shflim_S_0.25Q_WMTmaps_Full_decomposition_shelf_save_maps.py:34: RuntimeWarning: Mean of empty slice
  shflux_tmp = np.nanmean(ds.variables["shflux"], axis=0)
/users/boeiradi/COLD_project/postprocessing/waom_notebook/WMT_framework/WAOM4extend_shflim_S_0.25Q_WMTmaps_Full_decomposition_shelf_save_maps.py:35: RuntimeWarning: Mean of empty slice
  ssflux_tmp = np.nanmean(ds.variables["ssflux"], axis=0)
/users/boeiradi/COLD_project/postprocessing/waom_notebook/WMT_framework/WAOM4extend_shflim_S_0.25Q_WMTmaps_Full_decomposition_shelf_save_maps.py:36: RuntimeWarning: Mean of empty slice
  m_tmp = np.nanmean(ds.variables["m"], axis=0)
/users/boeiradi/COLD_project/postprocessing/waom_notebook/WMT_framework/WAOM4extend_shflim_S_0.25Q_WMTmaps_Full_decomposition_shelf_save_maps.py:50: RuntimeWarning: Mean of empty slice
  z_rho_avg = np.nanmean(z_rho_tmp, axis=0)
/users/boeiradi/COLD_project/postprocessing/waom_notebook/WMT_framework/WAOM4extend_shflim_S_0.25Q_WMTmaps_Full_decomposition_shelf_save_maps.py:51: RuntimeWarning: Mean of empty slice
  z_w_avg = np.nanmean(z_w_tmp,axis=0)
/users/boeiradi/COLD_project/postprocessing/waom_notebook/WMT_framework/WAOM4extend_shflim_S_0.25Q_WMTmaps_Full_decomposition_shelf_save_maps.py:32: RuntimeWarning: Mean of empty slice
  temp_tmp = np.nanmean(ds.variables["temp"], axis=0)
/users/boeiradi/COLD_project/postprocessing/waom_notebook/WMT_framework/WAOM4extend_shflim_S_0.25Q_WMTmaps_Full_decomposition_shelf_save_maps.py:33: RuntimeWarning: Mean of empty slice
  salt_tmp = np.nanmean(ds.variables["salt"], axis=0)
/users/boeiradi/COLD_project/postprocessing/waom_notebook/WMT_framework/WAOM4extend_shflim_S_0.25Q_WMTmaps_Full_decomposition_shelf_save_maps.py:34: RuntimeWarning: Mean of empty slice
  shflux_tmp = np.nanmean(ds.variables["shflux"], axis=0)
/users/boeiradi/COLD_project/postprocessing/waom_notebook/WMT_framework/WAOM4extend_shflim_S_0.25Q_WMTmaps_Full_decomposition_shelf_save_maps.py:35: RuntimeWarning: Mean of empty slice
  ssflux_tmp = np.nanmean(ds.variables["ssflux"], axis=0)
/users/boeiradi/COLD_project/postprocessing/waom_notebook/WMT_framework/WAOM4extend_shflim_S_0.25Q_WMTmaps_Full_decomposition_shelf_save_maps.py:36: RuntimeWarning: Mean of empty slice
  m_tmp = np.nanmean(ds.variables["m"], axis=0)
/users/boeiradi/COLD_project/postprocessing/waom_notebook/WMT_framework/WAOM4extend_shflim_S_0.25Q_WMTmaps_Full_decomposition_shelf_save_maps.py:50: RuntimeWarning: Mean of empty slice
  z_rho_avg = np.nanmean(z_rho_tmp, axis=0)
/users/boeiradi/COLD_project/postprocessing/waom_notebook/WMT_framework/WAOM4extend_shflim_S_0.25Q_WMTmaps_Full_decomposition_shelf_save_maps.py:51: RuntimeWarning: Mean of empty slice
  z_w_avg = np.nanmean(z_w_tmp,axis=0)
/users/boeiradi/COLD_project/postprocessing/waom_notebook/WMT_framework/WAOM4extend_shflim_S_0.25Q_WMTmaps_Full_decomposition_shelf_save_maps.py:32: RuntimeWarning: Mean of empty slice
  temp_tmp = np.nanmean(ds.variables["temp"], axis=0)
/users/boeiradi/COLD_project/postprocessing/waom_notebook/WMT_framework/WAOM4extend_shflim_S_0.25Q_WMTmaps_Full_decomposition_shelf_save_maps.py:33: RuntimeWarning: Mean of empty slice
  salt_tmp = np.nanmean(ds.variables["salt"], axis=0)
/users/boeiradi/COLD_project/postprocessing/waom_notebook/WMT_framework/WAOM4extend_shflim_S_0.25Q_WMTmaps_Full_decomposition_shelf_save_maps.py:34: RuntimeWarning: Mean of empty slice
  shflux_tmp = np.nanmean(ds.variables["shflux"], axis=0)
/users/boeiradi/COLD_project/postprocessing/waom_notebook/WMT_framework/WAOM4extend_shflim_S_0.25Q_WMTmaps_Full_decomposition_shelf_save_maps.py:35: RuntimeWarning: Mean of empty slice
  ssflux_tmp = np.nanmean(ds.variables["ssflux"], axis=0)
/users/boeiradi/COLD_project/postprocessing/waom_notebook/WMT_framework/WAOM4extend_shflim_S_0.25Q_WMTmaps_Full_decomposition_shelf_save_maps.py:36: RuntimeWarning: Mean of empty slice
  m_tmp = np.nanmean(ds.variables["m"], axis=0)
/users/boeiradi/COLD_project/postprocessing/waom_notebook/WMT_framework/WAOM4extend_shflim_S_0.25Q_WMTmaps_Full_decomposition_shelf_save_maps.py:50: RuntimeWarning: Mean of empty slice
  z_rho_avg = np.nanmean(z_rho_tmp, axis=0)
/users/boeiradi/COLD_project/postprocessing/waom_notebook/WMT_framework/WAOM4extend_shflim_S_0.25Q_WMTmaps_Full_decomposition_shelf_save_maps.py:51: RuntimeWarning: Mean of empty slice
  z_w_avg = np.nanmean(z_w_tmp,axis=0)
/users/boeiradi/COLD_project/postprocessing/waom_notebook/WMT_framework/WAOM4extend_shflim_S_0.25Q_WMTmaps_Full_decomposition_shelf_save_maps.py:32: RuntimeWarning: Mean of empty slice
  temp_tmp = np.nanmean(ds.variables["temp"], axis=0)
/users/boeiradi/COLD_project/postprocessing/waom_notebook/WMT_framework/WAOM4extend_shflim_S_0.25Q_WMTmaps_Full_decomposition_shelf_save_maps.py:33: RuntimeWarning: Mean of empty slice
  salt_tmp = np.nanmean(ds.variables["salt"], axis=0)
/users/boeiradi/COLD_project/postprocessing/waom_notebook/WMT_framework/WAOM4extend_shflim_S_0.25Q_WMTmaps_Full_decomposition_shelf_save_maps.py:34: RuntimeWarning: Mean of empty slice
  shflux_tmp = np.nanmean(ds.variables["shflux"], axis=0)
/users/boeiradi/COLD_project/postprocessing/waom_notebook/WMT_framework/WAOM4extend_shflim_S_0.25Q_WMTmaps_Full_decomposition_shelf_save_maps.py:35: RuntimeWarning: Mean of empty slice
  ssflux_tmp = np.nanmean(ds.variables["ssflux"], axis=0)
/users/boeiradi/COLD_project/postprocessing/waom_notebook/WMT_framework/WAOM4extend_shflim_S_0.25Q_WMTmaps_Full_decomposition_shelf_save_maps.py:36: RuntimeWarning: Mean of empty slice
  m_tmp = np.nanmean(ds.variables["m"], axis=0)
/users/boeiradi/COLD_project/postprocessing/waom_notebook/WMT_framework/WAOM4extend_shflim_S_0.25Q_WMTmaps_Full_decomposition_shelf_save_maps.py:50: RuntimeWarning: Mean of empty slice
  z_rho_avg = np.nanmean(z_rho_tmp, axis=0)
/users/boeiradi/COLD_project/postprocessing/waom_notebook/WMT_framework/WAOM4extend_shflim_S_0.25Q_WMTmaps_Full_decomposition_shelf_save_maps.py:51: RuntimeWarning: Mean of empty slice
  z_w_avg = np.nanmean(z_w_tmp,axis=0)
/users/boeiradi/COLD_project/postprocessing/waom_notebook/WMT_framework/WAOM4extend_shflim_S_0.25Q_WMTmaps_Full_decomposition_shelf_save_maps.py:32: RuntimeWarning: Mean of empty slice
  temp_tmp = np.nanmean(ds.variables["temp"], axis=0)
/users/boeiradi/COLD_project/postprocessing/waom_notebook/WMT_framework/WAOM4extend_shflim_S_0.25Q_WMTmaps_Full_decomposition_shelf_save_maps.py:33: RuntimeWarning: Mean of empty slice
  salt_tmp = np.nanmean(ds.variables["salt"], axis=0)
/users/boeiradi/COLD_project/postprocessing/waom_notebook/WMT_framework/WAOM4extend_shflim_S_0.25Q_WMTmaps_Full_decomposition_shelf_save_maps.py:34: RuntimeWarning: Mean of empty slice
  shflux_tmp = np.nanmean(ds.variables["shflux"], axis=0)
/users/boeiradi/COLD_project/postprocessing/waom_notebook/WMT_framework/WAOM4extend_shflim_S_0.25Q_WMTmaps_Full_decomposition_shelf_save_maps.py:35: RuntimeWarning: Mean of empty slice
  ssflux_tmp = np.nanmean(ds.variables["ssflux"], axis=0)
/users/boeiradi/COLD_project/postprocessing/waom_notebook/WMT_framework/WAOM4extend_shflim_S_0.25Q_WMTmaps_Full_decomposition_shelf_save_maps.py:36: RuntimeWarning: Mean of empty slice
  m_tmp = np.nanmean(ds.variables["m"], axis=0)
/users/boeiradi/COLD_project/postprocessing/waom_notebook/WMT_framework/WAOM4extend_shflim_S_0.25Q_WMTmaps_Full_decomposition_shelf_save_maps.py:50: RuntimeWarning: Mean of empty slice
  z_rho_avg = np.nanmean(z_rho_tmp, axis=0)
/users/boeiradi/COLD_project/postprocessing/waom_notebook/WMT_framework/WAOM4extend_shflim_S_0.25Q_WMTmaps_Full_decomposition_shelf_save_maps.py:51: RuntimeWarning: Mean of empty slice
  z_w_avg = np.nanmean(z_w_tmp,axis=0)
/users/boeiradi/COLD_project/postprocessing/waom_notebook/WMT_framework/WAOM4extend_shflim_S_0.25Q_WMTmaps_Full_decomposition_shelf_save_maps.py:32: RuntimeWarning: Mean of empty slice
  temp_tmp = np.nanmean(ds.variables["temp"], axis=0)
/users/boeiradi/COLD_project/postprocessing/waom_notebook/WMT_framework/WAOM4extend_shflim_S_0.25Q_WMTmaps_Full_decomposition_shelf_save_maps.py:33: RuntimeWarning: Mean of empty slice
  salt_tmp = np.nanmean(ds.variables["salt"], axis=0)
/users/boeiradi/COLD_project/postprocessing/waom_notebook/WMT_framework/WAOM4extend_shflim_S_0.25Q_WMTmaps_Full_decomposition_shelf_save_maps.py:34: RuntimeWarning: Mean of empty slice
  shflux_tmp = np.nanmean(ds.variables["shflux"], axis=0)
/users/boeiradi/COLD_project/postprocessing/waom_notebook/WMT_framework/WAOM4extend_shflim_S_0.25Q_WMTmaps_Full_decomposition_shelf_save_maps.py:35: RuntimeWarning: Mean of empty slice
  ssflux_tmp = np.nanmean(ds.variables["ssflux"], axis=0)
/users/boeiradi/COLD_project/postprocessing/waom_notebook/WMT_framework/WAOM4extend_shflim_S_0.25Q_WMTmaps_Full_decomposition_shelf_save_maps.py:36: RuntimeWarning: Mean of empty slice
  m_tmp = np.nanmean(ds.variables["m"], axis=0)
/users/boeiradi/COLD_project/postprocessing/waom_notebook/WMT_framework/WAOM4extend_shflim_S_0.25Q_WMTmaps_Full_decomposition_shelf_save_maps.py:50: RuntimeWarning: Mean of empty slice
  z_rho_avg = np.nanmean(z_rho_tmp, axis=0)
/users/boeiradi/COLD_project/postprocessing/waom_notebook/WMT_framework/WAOM4extend_shflim_S_0.25Q_WMTmaps_Full_decomposition_shelf_save_maps.py:51: RuntimeWarning: Mean of empty slice
  z_w_avg = np.nanmean(z_w_tmp,axis=0)
/users/boeiradi/COLD_project/postprocessing/waom_notebook/WMT_framework/WAOM4extend_shflim_S_0.25Q_WMTmaps_Full_decomposition_shelf_save_maps.py:32: RuntimeWarning: Mean of empty slice
  temp_tmp = np.nanmean(ds.variables["temp"], axis=0)
/users/boeiradi/COLD_project/postprocessing/waom_notebook/WMT_framework/WAOM4extend_shflim_S_0.25Q_WMTmaps_Full_decomposition_shelf_save_maps.py:33: RuntimeWarning: Mean of empty slice
  salt_tmp = np.nanmean(ds.variables["salt"], axis=0)
/users/boeiradi/COLD_project/postprocessing/waom_notebook/WMT_framework/WAOM4extend_shflim_S_0.25Q_WMTmaps_Full_decomposition_shelf_save_maps.py:34: RuntimeWarning: Mean of empty slice
  shflux_tmp = np.nanmean(ds.variables["shflux"], axis=0)
/users/boeiradi/COLD_project/postprocessing/waom_notebook/WMT_framework/WAOM4extend_shflim_S_0.25Q_WMTmaps_Full_decomposition_shelf_save_maps.py:35: RuntimeWarning: Mean of empty slice
  ssflux_tmp = np.nanmean(ds.variables["ssflux"], axis=0)
/users/boeiradi/COLD_project/postprocessing/waom_notebook/WMT_framework/WAOM4extend_shflim_S_0.25Q_WMTmaps_Full_decomposition_shelf_save_maps.py:36: RuntimeWarning: Mean of empty slice
  m_tmp = np.nanmean(ds.variables["m"], axis=0)
/users/boeiradi/COLD_project/postprocessing/waom_notebook/WMT_framework/WAOM4extend_shflim_S_0.25Q_WMTmaps_Full_decomposition_shelf_save_maps.py:50: RuntimeWarning: Mean of empty slice
  z_rho_avg = np.nanmean(z_rho_tmp, axis=0)
/users/boeiradi/COLD_project/postprocessing/waom_notebook/WMT_framework/WAOM4extend_shflim_S_0.25Q_WMTmaps_Full_decomposition_shelf_save_maps.py:51: RuntimeWarning: Mean of empty slice
  z_w_avg = np.nanmean(z_w_tmp,axis=0)
/users/boeiradi/COLD_project/postprocessing/waom_notebook/WMT_framework/WAOM4extend_shflim_S_0.25Q_WMTmaps_Full_decomposition_shelf_save_maps.py:32: RuntimeWarning: Mean of empty slice
  temp_tmp = np.nanmean(ds.variables["temp"], axis=0)
/users/boeiradi/COLD_project/postprocessing/waom_notebook/WMT_framework/WAOM4extend_shflim_S_0.25Q_WMTmaps_Full_decomposition_shelf_save_maps.py:33: RuntimeWarning: Mean of empty slice
  salt_tmp = np.nanmean(ds.variables["salt"], axis=0)
/users/boeiradi/COLD_project/postprocessing/waom_notebook/WMT_framework/WAOM4extend_shflim_S_0.25Q_WMTmaps_Full_decomposition_shelf_save_maps.py:34: RuntimeWarning: Mean of empty slice
  shflux_tmp = np.nanmean(ds.variables["shflux"], axis=0)
/users/boeiradi/COLD_project/postprocessing/waom_notebook/WMT_framework/WAOM4extend_shflim_S_0.25Q_WMTmaps_Full_decomposition_shelf_save_maps.py:35: RuntimeWarning: Mean of empty slice
  ssflux_tmp = np.nanmean(ds.variables["ssflux"], axis=0)
/users/boeiradi/COLD_project/postprocessing/waom_notebook/WMT_framework/WAOM4extend_shflim_S_0.25Q_WMTmaps_Full_decomposition_shelf_save_maps.py:36: RuntimeWarning: Mean of empty slice
  m_tmp = np.nanmean(ds.variables["m"], axis=0)
/users/boeiradi/COLD_project/postprocessing/waom_notebook/WMT_framework/WAOM4extend_shflim_S_0.25Q_WMTmaps_Full_decomposition_shelf_save_maps.py:50: RuntimeWarning: Mean of empty slice
  z_rho_avg = np.nanmean(z_rho_tmp, axis=0)
/users/boeiradi/COLD_project/postprocessing/waom_notebook/WMT_framework/WAOM4extend_shflim_S_0.25Q_WMTmaps_Full_decomposition_shelf_save_maps.py:51: RuntimeWarning: Mean of empty slice
  z_w_avg = np.nanmean(z_w_tmp,axis=0)
(7, 31, 1400, 1575)
Vtransform=2
(6, 31, 1400, 1575)
Vtransform=2
(6, 31, 1400, 1575)
Vtransform=2
(6, 31, 1400, 1575)
Vtransform=2
(6, 31, 1400, 1575)
Vtransform=2
(6, 31, 1400, 1575)
Vtransform=2
(6, 31, 1400, 1575)
Vtransform=2
(6, 31, 1400, 1575)
Vtransform=2
(6, 31, 1400, 1575)
Vtransform=2
(6, 31, 1400, 1575)
Vtransform=2
(6, 31, 1400, 1575)
Vtransform=2
(6, 31, 1400, 1575)
Vtransform=2
(1400, 1575, 32)
(1400, 1575, 32)
(1400, 1575, 32)
(1400, 1575, 32)
(1400, 1575, 32)
(1400, 1575, 32)
(1400, 1575, 32)
(1400, 1575, 32)
(1400, 1575, 32)
(1400, 1575, 32)
(1400, 1575, 32)
(1400, 1575, 32)
salt and z_rho shape: (1400, 1575) [1400 1575]
Alpha/beta shapes: (12, 31, 1400, 1575) (12, 31, 1400, 1575)
(12, 1400, 1575)
completed, size:  (12, 40, 1400, 1575)
(12, 1400, 1575)
completed, size:  (12, 40, 1400, 1575)
(12, 1400, 1575)
completed, size:  (12, 40, 1400, 1575)
(12, 1400, 1575)
completed, size:  (12, 40, 1400, 1575)
(12, 1400, 1575)
completed, size:  (12, 40, 1400, 1575)
(12, 1400, 1575)
completed, size:  (12, 40, 1400, 1575)
(12, 1400, 1575)
completed, size:  (12, 40, 1400, 1575)
(12, 1400, 1575)
completed, size:  (12, 40, 1400, 1575)
salt_net size, after concatenating =  (21, 12, 1400, 1575)
/users/boeiradi/COLD_project/postprocessing/waom_notebook/WMT_framework/WAOM4extend_shflim_S_0.25Q_WMTmaps_Full_decomposition_shelf_save_maps.py:32: RuntimeWarning: Mean of empty slice
  temp_tmp = np.nanmean(ds.variables["temp"], axis=0)
/users/boeiradi/COLD_project/postprocessing/waom_notebook/WMT_framework/WAOM4extend_shflim_S_0.25Q_WMTmaps_Full_decomposition_shelf_save_maps.py:33: RuntimeWarning: Mean of empty slice
  salt_tmp = np.nanmean(ds.variables["salt"], axis=0)
/users/boeiradi/COLD_project/postprocessing/waom_notebook/WMT_framework/WAOM4extend_shflim_S_0.25Q_WMTmaps_Full_decomposition_shelf_save_maps.py:34: RuntimeWarning: Mean of empty slice
  shflux_tmp = np.nanmean(ds.variables["shflux"], axis=0)
/users/boeiradi/COLD_project/postprocessing/waom_notebook/WMT_framework/WAOM4extend_shflim_S_0.25Q_WMTmaps_Full_decomposition_shelf_save_maps.py:35: RuntimeWarning: Mean of empty slice
  ssflux_tmp = np.nanmean(ds.variables["ssflux"], axis=0)
/users/boeiradi/COLD_project/postprocessing/waom_notebook/WMT_framework/WAOM4extend_shflim_S_0.25Q_WMTmaps_Full_decomposition_shelf_save_maps.py:36: RuntimeWarning: Mean of empty slice
  m_tmp = np.nanmean(ds.variables["m"], axis=0)
/users/boeiradi/COLD_project/postprocessing/waom_notebook/WMT_framework/WAOM4extend_shflim_S_0.25Q_WMTmaps_Full_decomposition_shelf_save_maps.py:50: RuntimeWarning: Mean of empty slice
  z_rho_avg = np.nanmean(z_rho_tmp, axis=0)
/users/boeiradi/COLD_project/postprocessing/waom_notebook/WMT_framework/WAOM4extend_shflim_S_0.25Q_WMTmaps_Full_decomposition_shelf_save_maps.py:51: RuntimeWarning: Mean of empty slice
  z_w_avg = np.nanmean(z_w_tmp,axis=0)
/users/boeiradi/COLD_project/postprocessing/waom_notebook/WMT_framework/WAOM4extend_shflim_S_0.25Q_WMTmaps_Full_decomposition_shelf_save_maps.py:32: RuntimeWarning: Mean of empty slice
  temp_tmp = np.nanmean(ds.variables["temp"], axis=0)
/users/boeiradi/COLD_project/postprocessing/waom_notebook/WMT_framework/WAOM4extend_shflim_S_0.25Q_WMTmaps_Full_decomposition_shelf_save_maps.py:33: RuntimeWarning: Mean of empty slice
  salt_tmp = np.nanmean(ds.variables["salt"], axis=0)
/users/boeiradi/COLD_project/postprocessing/waom_notebook/WMT_framework/WAOM4extend_shflim_S_0.25Q_WMTmaps_Full_decomposition_shelf_save_maps.py:34: RuntimeWarning: Mean of empty slice
  shflux_tmp = np.nanmean(ds.variables["shflux"], axis=0)
/users/boeiradi/COLD_project/postprocessing/waom_notebook/WMT_framework/WAOM4extend_shflim_S_0.25Q_WMTmaps_Full_decomposition_shelf_save_maps.py:35: RuntimeWarning: Mean of empty slice
  ssflux_tmp = np.nanmean(ds.variables["ssflux"], axis=0)
/users/boeiradi/COLD_project/postprocessing/waom_notebook/WMT_framework/WAOM4extend_shflim_S_0.25Q_WMTmaps_Full_decomposition_shelf_save_maps.py:36: RuntimeWarning: Mean of empty slice
  m_tmp = np.nanmean(ds.variables["m"], axis=0)
/users/boeiradi/COLD_project/postprocessing/waom_notebook/WMT_framework/WAOM4extend_shflim_S_0.25Q_WMTmaps_Full_decomposition_shelf_save_maps.py:50: RuntimeWarning: Mean of empty slice
  z_rho_avg = np.nanmean(z_rho_tmp, axis=0)
/users/boeiradi/COLD_project/postprocessing/waom_notebook/WMT_framework/WAOM4extend_shflim_S_0.25Q_WMTmaps_Full_decomposition_shelf_save_maps.py:51: RuntimeWarning: Mean of empty slice
  z_w_avg = np.nanmean(z_w_tmp,axis=0)
/users/boeiradi/COLD_project/postprocessing/waom_notebook/WMT_framework/WAOM4extend_shflim_S_0.25Q_WMTmaps_Full_decomposition_shelf_save_maps.py:400: RuntimeWarning: Mean of empty slice
  map_salt_net[:] = np.nanmean(salt_net, axis=1)
/users/boeiradi/COLD_project/postprocessing/waom_notebook/WMT_framework/WAOM4extend_shflim_S_0.25Q_WMTmaps_Full_decomposition_shelf_save_maps.py:401: RuntimeWarning: Mean of empty slice
  map_salt_adv[:] = np.nanmean(salt_adv, axis=1)
/users/boeiradi/COLD_project/postprocessing/waom_notebook/WMT_framework/WAOM4extend_shflim_S_0.25Q_WMTmaps_Full_decomposition_shelf_save_maps.py:402: RuntimeWarning: Mean of empty slice
  map_salt_diff[:] = np.nanmean(salt_diff, axis=1)
/users/boeiradi/COLD_project/postprocessing/waom_notebook/WMT_framework/WAOM4extend_shflim_S_0.25Q_WMTmaps_Full_decomposition_shelf_save_maps.py:403: RuntimeWarning: Mean of empty slice
  map_salt_hdiff[:] = np.nanmean(salt_hdiff, axis=1)
/users/boeiradi/COLD_project/postprocessing/waom_notebook/WMT_framework/WAOM4extend_shflim_S_0.25Q_WMTmaps_Full_decomposition_shelf_save_maps.py:404: RuntimeWarning: Mean of empty slice
  map_salt_vdiff[:] = np.nanmean(salt_vdiff, axis=1)
/users/boeiradi/COLD_project/postprocessing/waom_notebook/WMT_framework/WAOM4extend_shflim_S_0.25Q_WMTmaps_Full_decomposition_shelf_save_maps.py:405: RuntimeWarning: Mean of empty slice
  map_salt_sfc[:] = np.nanmean(salt_sfc, axis=1)
